
Processing checkFirstOrbit.C...
[INFO] Init CcdApi with UserAgentID: ctpo2cs8.cern.ch-1708165861-DDJRBv, Host: http://alice-ccdb.cern.ch/
run: 523141
URL scalers:http://alice-ccdb.cern.ch/
Info in <TJAlienConnectionManager>: Opening connection to JCentral. Please wait
Info in <TJAlienConnectionManager>: Opening connection to 128.142.249.32
Info in <TJAlienConnectionManager>: Successfully connected to 128.142.249.32
Info in <TJAlienFile::Open>: Accessing file /alice/data/CCDB/CTP/Calib/Scalers/06/36935/c5e04665-ccf6-11ee-97e0-200114580202 in SE <ALICE::CCIN2P3::SE>
[INFO] ccdb reads http://alice-ccdb.cern.ch/CTP/Calib/Scalers/1660160147359/c5e04665-ccf6-11ee-97e0-200114580202 for 1660160807232 (retrieve, agent_id: ctpo2cs8.cern.ch-1708165861-DDJRBv), 
[INFO] Init CcdApi with UserAgentID: ctpo2cs8.cern.ch-1708165861-DDJRBv, Host: http://alice-ccdb.cern.ch
URL orbit reset:http://alice-ccdb.cern.ch
Info in <TJAlienFile::Open>: Accessing file /alice/data/CCDB/CTP/Calib/OrbitReset/13/13280/5117639d-18c2-11ed-8002-0aa140641b9a in SE <ALICE::CCIN2P3::SE>
[INFO] ccdb reads http://alice-ccdb.cern.ch/CTP/Calib/OrbitReset/1660145837331/5117639d-18c2-11ed-8002-0aa140641b9a for 1660160807232 (retrieve, agent_id: ctpo2cs8.cern.ch-1708165861-DDJRBv), 
Orbit reset: 1660145837330
 First orbit scalers: 168262445
 startTime run                 = 1660160747232
 startTimeRun_accordingToOrbit = 1660160799999
 INFO : run 523141 has start time from run and start time from orbit that differ (by 52 secs)
run: 523142
URL scalers:http://alice-ccdb.cern.ch
Info in <TJAlienFile::Open>: Accessing file /alice/data/CCDB/CTP/Calib/Scalers/13/14067/c815c588-ccf6-11ee-97e0-200114580202 in SE <ALICE::CCIN2P3::SE>
[INFO] ccdb reads http://alice-ccdb.cern.ch/CTP/Calib/Scalers/1660161733496/c815c588-ccf6-11ee-97e0-200114580202 for 1660162393352 (retrieve, agent_id: ctpo2cs8.cern.ch-1708165861-DDJRBv), 
[INFO] Init CcdApi with UserAgentID: ctpo2cs8.cern.ch-1708165861-DDJRBv, Host: http://alice-ccdb.cern.ch
URL orbit reset:http://alice-ccdb.cern.ch
Orbit reset: 1660145837330
 First orbit scalers: 187885812
 startTime run                 = 1660162333352
 startTimeRun_accordingToOrbit = 1660162544999
 INFO : run 523142 has start time from run and start time from orbit that differ (by 211 secs)
run: 523148
URL scalers:http://alice-ccdb.cern.ch
Info in <TJAlienFile::Open>: Accessing file /alice/data/CCDB/CTP/Calib/Scalers/07/60098/c96db7de-ccf6-11ee-97e0-200114580202 in SE <ALICE::CCIN2P3::SE>
[INFO] ccdb reads http://alice-ccdb.cern.ch/CTP/Calib/Scalers/1660196771632/c96db7de-ccf6-11ee-97e0-200114580202 for 1660197431503 (retrieve, agent_id: ctpo2cs8.cern.ch-1708165861-DDJRBv), 
[INFO] Init CcdApi with UserAgentID: ctpo2cs8.cern.ch-1708165861-DDJRBv, Host: http://alice-ccdb.cern.ch
URL orbit reset:http://alice-ccdb.cern.ch
Orbit reset: 1660145837330
 First orbit scalers: 580128245
 startTime run                 = 1660197371503
 startTimeRun_accordingToOrbit = 1660197424999
 INFO : run 523148 has start time from run and start time from orbit that differ (by 53 secs)
run: 523182
URL scalers:http://alice-ccdb.cern.ch
Info in <TJAlienFile::Open>: Accessing file /alice/data/CCDB/CTP/Calib/Scalers/04/28243/cecdfd5e-ccf6-11ee-97e0-200114580202 in SE <ALICE::CCIN2P3::SE>
[INFO] ccdb reads http://alice-ccdb.cern.ch/CTP/Calib/Scalers/1660247472379/cecdfd5e-ccf6-11ee-97e0-200114580202 for 1660248132259 (retrieve, agent_id: ctpo2cs8.cern.ch-1708165861-DDJRBv), 
[INFO] Init CcdApi with UserAgentID: ctpo2cs8.cern.ch-1708165861-DDJRBv, Host: http://alice-ccdb.cern.ch
URL orbit reset:http://alice-ccdb.cern.ch
Info in <TJAlienFile::Open>: Accessing file /alice/data/CCDB/CTP/Calib/OrbitReset/13/64441/df027706-19ae-11ed-8002-0aa140641b9a in SE <ALICE::CCIN2P3::SE>
[INFO] ccdb reads http://alice-ccdb.cern.ch/CTP/Calib/OrbitReset/1660247436653/df027706-19ae-11ed-8002-0aa140641b9a for 1660248132259 (retrieve, agent_id: ctpo2cs8.cern.ch-1708165861-DDJRBv), 
Orbit reset: 1660247436652
 First orbit scalers: 7752050
 startTime run                 = 1660248072259
 startTimeRun_accordingToOrbit = 1660248125999
 INFO : run 523182 has start time from run and start time from orbit that differ (by 53 secs)
run: 523186
URL scalers:http://alice-ccdb.cern.ch
Info in <TJAlienFile::Open>: Accessing file /alice/data/CCDB/CTP/Calib/Scalers/10/09679/d0304929-ccf6-11ee-97e0-200114580202 in SE <ALICE::CCIN2P3::SE>
[INFO] ccdb reads http://alice-ccdb.cern.ch/CTP/Calib/Scalers/1660276134898/d0304929-ccf6-11ee-97e0-200114580202 for 1660276794772 (retrieve, agent_id: ctpo2cs8.cern.ch-1708165861-DDJRBv), 
[INFO] Init CcdApi with UserAgentID: ctpo2cs8.cern.ch-1708165861-DDJRBv, Host: http://alice-ccdb.cern.ch
URL orbit reset:http://alice-ccdb.cern.ch
Orbit reset: 1660247436652
 First orbit scalers: 330070073
 startTime run                 = 1660276734772
 startTimeRun_accordingToOrbit = 1660276787999
 INFO : run 523186 has start time from run and start time from orbit that differ (by 53 secs)
run: 523298
URL scalers:http://alice-ccdb.cern.ch
Info in <TJAlienFile::Open>: Accessing file /alice/data/CCDB/CTP/Calib/Scalers/12/06870/d1a1d578-ccf6-11ee-97e0-200114580202 in SE <ALICE::CCIN2P3::SE>
[INFO] ccdb reads http://alice-ccdb.cern.ch/CTP/Calib/Scalers/1660401599430/d1a1d578-ccf6-11ee-97e0-200114580202 for 1660402258398 (retrieve, agent_id: ctpo2cs8.cern.ch-1708165861-DDJRBv), 
[INFO] Init CcdApi with UserAgentID: ctpo2cs8.cern.ch-1708165861-DDJRBv, Host: http://alice-ccdb.cern.ch
URL orbit reset:http://alice-ccdb.cern.ch
Info in <TJAlienFile::Open>: Accessing file /alice/data/CCDB/CTP/Calib/OrbitReset/04/04549/343f1ab8-1b17-11ed-8002-0aa140641b9a in SE <ALICE::CCIN2P3::SE>
Error in <TNetXNGFile::Open>: [ERROR] Server responded with an error: [3011] No servers are available to read the file.
Info in <TJAlienFile::Open>: Accessing file /alice/data/CCDB/CTP/Calib/OrbitReset/04/04549/343f1ab8-1b17-11ed-8002-0aa140641b9a in SE <ALICE::CERN::OCDB>
[INFO] ccdb reads http://alice-ccdb.cern.ch/CTP/Calib/OrbitReset/1660402198482/343f1ab8-1b17-11ed-8002-0aa140641b9a for 1660402258398 (retrieve, agent_id: ctpo2cs8.cern.ch-1708165861-DDJRBv), 
Orbit reset: 1660402198481
 First orbit scalers: 624337
 startTime run                 = 1660402198398
 startTimeRun_accordingToOrbit = 1660402253999
 INFO : run 523298 has start time from run and start time from orbit that differ (by 55 secs)
run: 523306
URL scalers:http://alice-ccdb.cern.ch
Info in <TJAlienFile::Open>: Accessing file /alice/data/CCDB/CTP/Calib/Scalers/07/37450/d31a5b19-ccf6-11ee-97e0-200114580202 in SE <ALICE::CCIN2P3::SE>
[INFO] ccdb reads http://alice-ccdb.cern.ch/CTP/Calib/Scalers/1660427942278/d31a5b19-ccf6-11ee-97e0-200114580202 for 1660428602149 (retrieve, agent_id: ctpo2cs8.cern.ch-1708165861-DDJRBv), 
[INFO] Init CcdApi with UserAgentID: ctpo2cs8.cern.ch-1708165861-DDJRBv, Host: http://alice-ccdb.cern.ch
URL orbit reset:http://alice-ccdb.cern.ch
Orbit reset: 1660402198481
 First orbit scalers: 296852840
 startTime run                 = 1660428542149
 startTimeRun_accordingToOrbit = 1660428595999
 INFO : run 523306 has start time from run and start time from orbit that differ (by 53 secs)
run: 523308
URL scalers:http://alice-ccdb.cern.ch
Info in <TJAlienFile::Open>: Accessing file /alice/data/CCDB/CTP/Calib/Scalers/05/28453/d46565c0-ccf6-11ee-97e0-200114580202 in SE <ALICE::CCIN2P3::SE>
[INFO] ccdb reads http://alice-ccdb.cern.ch/CTP/Calib/Scalers/1660429919693/d46565c0-ccf6-11ee-97e0-200114580202 for 1660430579564 (retrieve, agent_id: ctpo2cs8.cern.ch-1708165861-DDJRBv), 
[INFO] Init CcdApi with UserAgentID: ctpo2cs8.cern.ch-1708165861-DDJRBv, Host: http://alice-ccdb.cern.ch
URL orbit reset:http://alice-ccdb.cern.ch
Orbit reset: 1660402198481
 First orbit scalers: 319085159
 startTime run                 = 1660430519564
 startTimeRun_accordingToOrbit = 1660430572999
 INFO : run 523308 has start time from run and start time from orbit that differ (by 53 secs)
run: 523309
URL scalers:http://alice-ccdb.cern.ch
Info in <TJAlienFile::Open>: Accessing file /alice/data/CCDB/CTP/Calib/Scalers/12/55204/d5bc788a-ccf6-11ee-97e0-200114580202 in SE <ALICE::CCIN2P3::SE>
[INFO] ccdb reads http://alice-ccdb.cern.ch/CTP/Calib/Scalers/1660434348793/d5bc788a-ccf6-11ee-97e0-200114580202 for 1660435008647 (retrieve, agent_id: ctpo2cs8.cern.ch-1708165861-DDJRBv), 
[INFO] Init CcdApi with UserAgentID: ctpo2cs8.cern.ch-1708165861-DDJRBv, Host: http://alice-ccdb.cern.ch
URL orbit reset:http://alice-ccdb.cern.ch
Orbit reset: 1660402198481
 First orbit scalers: 368902647
 startTime run                 = 1660434948647
 startTimeRun_accordingToOrbit = 1660435002999
 INFO : run 523309 has start time from run and start time from orbit that differ (by 54 secs)
run: 523397
URL scalers:http://alice-ccdb.cern.ch
Info in <TJAlienFile::Open>: Accessing file /alice/data/CCDB/CTP/Calib/Scalers/01/14860/d70fa5fe-ccf6-11ee-97e0-200114580202 in SE <ALICE::CCIN2P3::SE>
[INFO] ccdb reads http://alice-ccdb.cern.ch/CTP/Calib/Scalers/1660547624267/d70fa5fe-ccf6-11ee-97e0-200114580202 for 1660548284148 (retrieve, agent_id: ctpo2cs8.cern.ch-1708165861-DDJRBv), 
[INFO] Init CcdApi with UserAgentID: ctpo2cs8.cern.ch-1708165861-DDJRBv, Host: http://alice-ccdb.cern.ch
URL orbit reset:http://alice-ccdb.cern.ch
Info in <TJAlienFile::Open>: Accessing file /alice/data/CCDB/CTP/Calib/OrbitReset/11/25905/7d47e09e-1be4-11ed-8002-0aa140641b9a in SE <ALICE::CCIN2P3::SE>
Error in <TNetXNGFile::Open>: [ERROR] Server responded with an error: [3011] No servers are available to read the file.
Info in <TJAlienFile::Open>: Accessing file /alice/data/CCDB/CTP/Calib/OrbitReset/11/25905/7d47e09e-1be4-11ed-8002-0aa140641b9a in SE <ALICE::CERN::OCDB>
[INFO] ccdb reads http://alice-ccdb.cern.ch/CTP/Calib/OrbitReset/1660490367835/7d47e09e-1be4-11ed-8002-0aa140641b9a for 1660548284148 (retrieve, agent_id: ctpo2cs8.cern.ch-1708165861-DDJRBv), 
Orbit reset: 1660490367834
 First orbit scalers: 651205273
 startTime run                 = 1660548224148
 startTimeRun_accordingToOrbit = 1660548275999
 INFO : run 523397 has start time from run and start time from orbit that differ (by 51 secs)
run: 523399
URL scalers:http://alice-ccdb.cern.ch
Info in <TJAlienFile::Open>: Accessing file /alice/data/CCDB/CTP/Calib/Scalers/08/39780/dbce0d61-ccf6-11ee-97e0-200114580202 in SE <ALICE::CCIN2P3::SE>
[INFO] ccdb reads http://alice-ccdb.cern.ch/CTP/Calib/Scalers/1660551567658/dbce0d61-ccf6-11ee-97e0-200114580202 for 1660552227528 (retrieve, agent_id: ctpo2cs8.cern.ch-1708165861-DDJRBv), 
[INFO] Init CcdApi with UserAgentID: ctpo2cs8.cern.ch-1708165861-DDJRBv, Host: http://alice-ccdb.cern.ch
URL orbit reset:http://alice-ccdb.cern.ch
Orbit reset: 1660490367834
 First orbit scalers: 697289261
 startTime run                 = 1660552167528
 startTimeRun_accordingToOrbit = 1660552373999
 INFO : run 523399 has start time from run and start time from orbit that differ (by 206 secs)
run: 523401
URL scalers:http://alice-ccdb.cern.ch
Info in <TJAlienFile::Open>: Accessing file /alice/data/CCDB/CTP/Calib/Scalers/12/35126/dd112156-ccf6-11ee-97e0-200114580202 in SE <ALICE::CCIN2P3::SE>
[INFO] ccdb reads http://alice-ccdb.cern.ch/CTP/Calib/Scalers/1660560149470/dd112156-ccf6-11ee-97e0-200114580202 for 1660560809348 (retrieve, agent_id: ctpo2cs8.cern.ch-1708165861-DDJRBv), 
[INFO] Init CcdApi with UserAgentID: ctpo2cs8.cern.ch-1708165861-DDJRBv, Host: http://alice-ccdb.cern.ch
URL orbit reset:http://alice-ccdb.cern.ch
Orbit reset: 1660490367834
 First orbit scalers: 792054942
 startTime run                 = 1660560749348
 startTimeRun_accordingToOrbit = 1660560800999
 INFO : run 523401 has start time from run and start time from orbit that differ (by 51 secs)
run: 523441
URL scalers:http://alice-ccdb.cern.ch
Info in <TJAlienFile::Open>: Accessing file /alice/data/CCDB/CTP/Calib/Scalers/00/12032/e2bc3cea-ccf6-11ee-97e0-200114580202 in SE <ALICE::CCIN2P3::SE>
[INFO] ccdb reads http://alice-ccdb.cern.ch/CTP/Calib/Scalers/1660595553057/e2bc3cea-ccf6-11ee-97e0-200114580202 for 1660596212035 (retrieve, agent_id: ctpo2cs8.cern.ch-1708165861-DDJRBv), 
[INFO] Init CcdApi with UserAgentID: ctpo2cs8.cern.ch-1708165861-DDJRBv, Host: http://alice-ccdb.cern.ch
URL orbit reset:http://alice-ccdb.cern.ch
Info in <TJAlienFile::Open>: Accessing file /alice/data/CCDB/CTP/Calib/OrbitReset/09/27477/c99e9bfd-1cda-11ed-8002-0aa140641b9a in SE <ALICE::CCIN2P3::SE>
[INFO] ccdb reads http://alice-ccdb.cern.ch/CTP/Calib/OrbitReset/1660596152115/c99e9bfd-1cda-11ed-8002-0aa140641b9a for 1660596212035 (retrieve, agent_id: ctpo2cs8.cern.ch-1708165861-DDJRBv), 
Orbit reset: 1660596152114
 First orbit scalers: 2461478
 startTime run                 = 1660596152035
 startTimeRun_accordingToOrbit = 1660596370999
 INFO : run 523441 has start time from run and start time from orbit that differ (by 218 secs)
run: 523541
URL scalers:http://alice-ccdb.cern.ch
Info in <TJAlienFile::Open>: Accessing file /alice/data/CCDB/CTP/Calib/Scalers/15/33346/e4b861b6-ccf6-11ee-97e0-200114580202 in SE <ALICE::CCIN2P3::SE>
[INFO] ccdb reads http://alice-ccdb.cern.ch/CTP/Calib/Scalers/1660714671997/e4b861b6-ccf6-11ee-97e0-200114580202 for 1660715331873 (retrieve, agent_id: ctpo2cs8.cern.ch-1708165861-DDJRBv), 
[INFO] Init CcdApi with UserAgentID: ctpo2cs8.cern.ch-1708165861-DDJRBv, Host: http://alice-ccdb.cern.ch
URL orbit reset:http://alice-ccdb.cern.ch
Info in <TJAlienFile::Open>: Accessing file /alice/data/CCDB/CTP/Calib/OrbitReset/03/46232/2ef6f8bd-1dea-11ed-8002-0aa140641b9a in SE <ALICE::CCIN2P3::SE>
[INFO] ccdb reads http://alice-ccdb.cern.ch/CTP/Calib/OrbitReset/1660712715756/2ef6f8bd-1dea-11ed-8002-0aa140641b9a for 1660715331873 (retrieve, agent_id: ctpo2cs8.cern.ch-1708165861-DDJRBv), 
Orbit reset: 1660712715755
 First orbit scalers: 31197723
 startTime run                 = 1660715271873
 startTimeRun_accordingToOrbit = 1660715489999
 INFO : run 523541 has start time from run and start time from orbit that differ (by 218 secs)
run: 523559
URL scalers:http://alice-ccdb.cern.ch
Info in <TJAlienFile::Open>: Accessing file /alice/data/CCDB/CTP/Calib/Scalers/01/00948/e6371367-ccf6-11ee-97e0-200114580202 in SE <ALICE::CCIN2P3::SE>
[INFO] ccdb reads http://alice-ccdb.cern.ch/CTP/Calib/Scalers/1660740445756/e6371367-ccf6-11ee-97e0-200114580202 for 1660741105641 (retrieve, agent_id: ctpo2cs8.cern.ch-1708165861-DDJRBv), 
[INFO] Init CcdApi with UserAgentID: ctpo2cs8.cern.ch-1708165861-DDJRBv, Host: http://alice-ccdb.cern.ch
URL orbit reset:http://alice-ccdb.cern.ch
Orbit reset: 1660712715755
 First orbit scalers: 319093324
 startTime run                 = 1660741045641
 startTimeRun_accordingToOrbit = 1660741090999
 INFO : run 523559 has start time from run and start time from orbit that differ (by 45 secs)
run: 523669
URL scalers:http://alice-ccdb.cern.ch
Info in <TJAlienFile::Open>: Accessing file /alice/data/CCDB/CTP/Calib/Scalers/00/31564/e9fcf490-ccf6-11ee-97e0-200114580202 in SE <ALICE::CCIN2P3::SE>
[INFO] ccdb reads http://alice-ccdb.cern.ch/CTP/Calib/Scalers/1660906919840/e9fcf490-ccf6-11ee-97e0-200114580202 for 1660907579709 (retrieve, agent_id: ctpo2cs8.cern.ch-1708165861-DDJRBv), 
[INFO] Init CcdApi with UserAgentID: ctpo2cs8.cern.ch-1708165861-DDJRBv, Host: http://alice-ccdb.cern.ch
URL orbit reset:http://alice-ccdb.cern.ch
Info in <TJAlienFile::Open>: Accessing file /alice/data/CCDB/CTP/Calib/OrbitReset/04/22573/ba8e7e25-1f7c-11ed-8003-0aa140641b9a in SE <ALICE::CCIN2P3::SE>
[INFO] ccdb reads http://alice-ccdb.cern.ch/CTP/Calib/OrbitReset/1660885607638/ba8e7e25-1f7c-11ed-8003-0aa140641b9a for 1660907579709 (retrieve, agent_id: ctpo2cs8.cern.ch-1708165861-DDJRBv), 
Orbit reset: 1660885607637
 First orbit scalers: 247067334
 startTime run                 = 1660907519709
 startTimeRun_accordingToOrbit = 1660907577999
 INFO : run 523669 has start time from run and start time from orbit that differ (by 58 secs)
run: 523671
URL scalers:http://alice-ccdb.cern.ch
Info in <TJAlienFile::Open>: Accessing file /alice/data/CCDB/CTP/Calib/Scalers/04/05850/eb690cd1-ccf6-11ee-97e0-200114580202 in SE <ALICE::CCIN2P3::SE>
[INFO] ccdb reads http://alice-ccdb.cern.ch/CTP/Calib/Scalers/1660914047887/eb690cd1-ccf6-11ee-97e0-200114580202 for 1660914707767 (retrieve, agent_id: ctpo2cs8.cern.ch-1708165861-DDJRBv), 
[INFO] Init CcdApi with UserAgentID: ctpo2cs8.cern.ch-1708165861-DDJRBv, Host: http://alice-ccdb.cern.ch
URL orbit reset:http://alice-ccdb.cern.ch
Orbit reset: 1660885607637
 First orbit scalers: 327157662
 startTime run                 = 1660914647767
 startTimeRun_accordingToOrbit = 1660914699999
 INFO : run 523671 has start time from run and start time from orbit that differ (by 52 secs)
run: 523677
URL scalers:http://alice-ccdb.cern.ch
Info in <TJAlienFile::Open>: Accessing file /alice/data/CCDB/CTP/Calib/Scalers/00/46197/ed8623e2-ccf6-11ee-97e0-200114580202 in SE <ALICE::CCIN2P3::SE>
[INFO] ccdb reads http://alice-ccdb.cern.ch/CTP/Calib/Scalers/1660925293120/ed8623e2-ccf6-11ee-97e0-200114580202 for 1660925952998 (retrieve, agent_id: ctpo2cs8.cern.ch-1708165861-DDJRBv), 
[INFO] Init CcdApi with UserAgentID: ctpo2cs8.cern.ch-1708165861-DDJRBv, Host: http://alice-ccdb.cern.ch
URL orbit reset:http://alice-ccdb.cern.ch
Orbit reset: 1660885607637
 First orbit scalers: 453613113
 startTime run                 = 1660925892998
 startTimeRun_accordingToOrbit = 1660925944999
 INFO : run 523677 has start time from run and start time from orbit that differ (by 52 secs)
run: 523728
URL scalers:http://alice-ccdb.cern.ch
Info in <TJAlienFile::Open>: Accessing file /alice/data/CCDB/CTP/Calib/Scalers/07/15107/f273d9c8-ccf6-11ee-97e0-200114580202 in SE <ALICE::CCIN2P3::SE>
[INFO] ccdb reads http://alice-ccdb.cern.ch/CTP/Calib/Scalers/1661008325351/f273d9c8-ccf6-11ee-97e0-200114580202 for 1661008985229 (retrieve, agent_id: ctpo2cs8.cern.ch-1708165861-DDJRBv), 
[INFO] Init CcdApi with UserAgentID: ctpo2cs8.cern.ch-1708165861-DDJRBv, Host: http://alice-ccdb.cern.ch
URL orbit reset:http://alice-ccdb.cern.ch
Info in <TJAlienFile::Open>: Accessing file /alice/data/CCDB/CTP/Calib/OrbitReset/01/16866/4291a45a-2062-11ed-8003-0aa140641b9a in SE <ALICE::CCIN2P3::SE>
[INFO] ccdb reads http://alice-ccdb.cern.ch/CTP/Calib/OrbitReset/1660984190575/4291a45a-2062-11ed-8003-0aa140641b9a for 1661008985229 (retrieve, agent_id: ctpo2cs8.cern.ch-1708165861-DDJRBv), 
Orbit reset: 1660984190574
 First orbit scalers: 278735322
 startTime run                 = 1661008925229
 startTimeRun_accordingToOrbit = 1661008976999
 INFO : run 523728 has start time from run and start time from orbit that differ (by 51 secs)
run: 523731
URL scalers:http://alice-ccdb.cern.ch
Info in <TJAlienFile::Open>: Accessing file /alice/data/CCDB/CTP/Calib/Scalers/04/41077/f6e25feb-ccf6-11ee-97e0-200114580202 in SE <ALICE::CCIN2P3::SE>
[INFO] ccdb reads http://alice-ccdb.cern.ch/CTP/Calib/Scalers/1661012016852/f6e25feb-ccf6-11ee-97e0-200114580202 for 1661012676701 (retrieve, agent_id: ctpo2cs8.cern.ch-1708165861-DDJRBv), 
[INFO] Init CcdApi with UserAgentID: ctpo2cs8.cern.ch-1708165861-DDJRBv, Host: http://alice-ccdb.cern.ch
URL orbit reset:http://alice-ccdb.cern.ch
Orbit reset: 1660984190574
 First orbit scalers: 320253644
 startTime run                 = 1661012616701
 startTimeRun_accordingToOrbit = 1661012668999
 INFO : run 523731 has start time from run and start time from orbit that differ (by 52 secs)
run: 523779
URL scalers:http://alice-ccdb.cern.ch
Info in <TJAlienFile::Open>: Accessing file /alice/data/CCDB/CTP/Calib/Scalers/14/06888/f86b8f67-ccf6-11ee-97e0-200114580202 in SE <ALICE::CCIN2P3::SE>
[INFO] ccdb reads http://alice-ccdb.cern.ch/CTP/Calib/Scalers/1661083485146/f86b8f67-ccf6-11ee-97e0-200114580202 for 1661084145024 (retrieve, agent_id: ctpo2cs8.cern.ch-1708165861-DDJRBv), 
[INFO] Init CcdApi with UserAgentID: ctpo2cs8.cern.ch-1708165861-DDJRBv, Host: http://alice-ccdb.cern.ch
URL orbit reset:http://alice-ccdb.cern.ch
Info in <TJAlienFile::Open>: Accessing file /alice/data/CCDB/CTP/Calib/OrbitReset/12/08155/9e07ea49-211b-11ed-8003-0aa140641b9a in SE <ALICE::CCIN2P3::SE>
[INFO] ccdb reads http://alice-ccdb.cern.ch/CTP/Calib/OrbitReset/1661063800920/9e07ea49-211b-11ed-8003-0aa140641b9a for 1661084145024 (retrieve, agent_id: ctpo2cs8.cern.ch-1708165861-DDJRBv), 
Orbit reset: 1661063800919
 First orbit scalers: 228689045
 startTime run                 = 1661084085024
 startTimeRun_accordingToOrbit = 1661084136999
 INFO : run 523779 has start time from run and start time from orbit that differ (by 51 secs)
run: 523783
URL scalers:http://alice-ccdb.cern.ch
Info in <TJAlienFile::Open>: Accessing file /alice/data/CCDB/CTP/Calib/Scalers/12/57774/fb2e3d79-ccf6-11ee-97e0-200114580202 in SE <ALICE::CCIN2P3::SE>
[INFO] ccdb reads http://alice-ccdb.cern.ch/CTP/Calib/Scalers/1661087106384/fb2e3d79-ccf6-11ee-97e0-200114580202 for 1661087766260 (retrieve, agent_id: ctpo2cs8.cern.ch-1708165861-DDJRBv), 
[INFO] Init CcdApi with UserAgentID: ctpo2cs8.cern.ch-1708165861-DDJRBv, Host: http://alice-ccdb.cern.ch
URL orbit reset:http://alice-ccdb.cern.ch
Orbit reset: 1661063800919
 First orbit scalers: 269408937
 startTime run                 = 1661087706260
 startTimeRun_accordingToOrbit = 1661087757999
 INFO : run 523783 has start time from run and start time from orbit that differ (by 51 secs)
run: 523786
URL scalers:http://alice-ccdb.cern.ch
Info in <TJAlienFile::Open>: Accessing file /alice/data/CCDB/CTP/Calib/Scalers/01/54936/ffd1036a-ccf6-11ee-97e0-200114580202 in SE <ALICE::CCIN2P3::SE>
[INFO] ccdb reads http://alice-ccdb.cern.ch/CTP/Calib/Scalers/1661090001512/ffd1036a-ccf6-11ee-97e0-200114580202 for 1661090661391 (retrieve, agent_id: ctpo2cs8.cern.ch-1708165861-DDJRBv), 
[INFO] Init CcdApi with UserAgentID: ctpo2cs8.cern.ch-1708165861-DDJRBv, Host: http://alice-ccdb.cern.ch
URL orbit reset:http://alice-ccdb.cern.ch
Orbit reset: 1661063800919
 First orbit scalers: 301975855
 startTime run                 = 1661090601391
 startTimeRun_accordingToOrbit = 1661090653999
 INFO : run 523786 has start time from run and start time from orbit that differ (by 52 secs)
run: 523788
URL scalers:http://alice-ccdb.cern.ch
Info in <TJAlienFile::Open>: Accessing file /alice/data/CCDB/CTP/Calib/Scalers/14/63671/01d359ee-ccf7-11ee-97e0-200114580202 in SE <ALICE::CCIN2P3::SE>
[INFO] ccdb reads http://alice-ccdb.cern.ch/CTP/Calib/Scalers/1661093603404/01d359ee-ccf7-11ee-97e0-200114580202 for 1661094263285 (retrieve, agent_id: ctpo2cs8.cern.ch-1708165861-DDJRBv), 
[INFO] Init CcdApi with UserAgentID: ctpo2cs8.cern.ch-1708165861-DDJRBv, Host: http://alice-ccdb.cern.ch
URL orbit reset:http://alice-ccdb.cern.ch
Orbit reset: 1661063800919
 First orbit scalers: 342470838
 startTime run                 = 1661094203285
 startTimeRun_accordingToOrbit = 1661094254999
 INFO : run 523788 has start time from run and start time from orbit that differ (by 51 secs)
run: 523789
URL scalers:http://alice-ccdb.cern.ch
Info in <TJAlienFile::Open>: Accessing file /alice/data/CCDB/CTP/Calib/Scalers/02/52351/04359ac4-ccf7-11ee-97e0-200114580202 in SE <ALICE::CCIN2P3::SE>
[INFO] ccdb reads http://alice-ccdb.cern.ch/CTP/Calib/Scalers/1661095430235/04359ac4-ccf7-11ee-97e0-200114580202 for 1661096090114 (retrieve, agent_id: ctpo2cs8.cern.ch-1708165861-DDJRBv), 
[INFO] Init CcdApi with UserAgentID: ctpo2cs8.cern.ch-1708165861-DDJRBv, Host: http://alice-ccdb.cern.ch
URL orbit reset:http://alice-ccdb.cern.ch
Orbit reset: 1661063800919
 First orbit scalers: 363016334
 startTime run                 = 1661096030114
 startTimeRun_accordingToOrbit = 1661096081999
 INFO : run 523789 has start time from run and start time from orbit that differ (by 51 secs)
run: 523792
URL scalers:http://alice-ccdb.cern.ch
Info in <TJAlienFile::Open>: Accessing file /alice/data/CCDB/CTP/Calib/Scalers/14/01218/09b6f3c0-ccf7-11ee-80cd-200114580202 in SE <ALICE::CCIN2P3::SE>
[INFO] ccdb reads http://alice-ccdb.cern.ch/CTP/Calib/Scalers/1661098955775/09b6f3c0-ccf7-11ee-80cd-200114580202 for 1661099615652 (retrieve, agent_id: ctpo2cs8.cern.ch-1708165861-DDJRBv), 
[INFO] Init CcdApi with UserAgentID: ctpo2cs8.cern.ch-1708165861-DDJRBv, Host: http://alice-ccdb.cern.ch
URL orbit reset:http://alice-ccdb.cern.ch
Orbit reset: 1661063800919
 First orbit scalers: 402667906
 startTime run                 = 1661099555652
 startTimeRun_accordingToOrbit = 1661099607999
 INFO : run 523792 has start time from run and start time from orbit that differ (by 52 secs)
run: 523797
URL scalers:http://alice-ccdb.cern.ch
Info in <TJAlienFile::Open>: Accessing file /alice/data/CCDB/CTP/Calib/Scalers/10/32056/1693c6a5-ccf7-11ee-80cd-200114580202 in SE <ALICE::CCIN2P3::SE>
[INFO] ccdb reads http://alice-ccdb.cern.ch/CTP/Calib/Scalers/1661102113192/1693c6a5-ccf7-11ee-80cd-200114580202 for 1661102773072 (retrieve, agent_id: ctpo2cs8.cern.ch-1708165861-DDJRBv), 
[INFO] Init CcdApi with UserAgentID: ctpo2cs8.cern.ch-1708165861-DDJRBv, Host: http://alice-ccdb.cern.ch
URL orbit reset:http://alice-ccdb.cern.ch
Orbit reset: 1661063800919
 First orbit scalers: 438169895
 startTime run                 = 1661102713072
 startTimeRun_accordingToOrbit = 1661102764999
 INFO : run 523797 has start time from run and start time from orbit that differ (by 51 secs)
run: 523821
URL scalers:http://alice-ccdb.cern.ch
Info in <TJAlienFile::Open>: Accessing file /alice/data/CCDB/CTP/Calib/Scalers/03/42586/23247f2a-ccf7-11ee-80cd-200114580202 in SE <ALICE::CCIN2P3::SE>
[INFO] ccdb reads http://alice-ccdb.cern.ch/CTP/Calib/Scalers/1661117864939/23247f2a-ccf7-11ee-80cd-200114580202 for 1661118524817 (retrieve, agent_id: ctpo2cs8.cern.ch-1708165861-DDJRBv), 
[INFO] Init CcdApi with UserAgentID: ctpo2cs8.cern.ch-1708165861-DDJRBv, Host: http://alice-ccdb.cern.ch
URL orbit reset:http://alice-ccdb.cern.ch
Info in <TJAlienFile::Open>: Accessing file /alice/data/CCDB/CTP/Calib/OrbitReset/11/32330/c7f71b9b-217e-11ed-8003-0aa140641b9a in SE <ALICE::CCIN2P3::SE>
[INFO] ccdb reads http://alice-ccdb.cern.ch/CTP/Calib/OrbitReset/1661106391463/c7f71b9b-217e-11ed-8003-0aa140641b9a for 1661118524817 (retrieve, agent_id: ctpo2cs8.cern.ch-1708165861-DDJRBv), 
Orbit reset: 1661106391462
 First orbit scalers: 136357526
 startTime run                 = 1661118464817
 startTimeRun_accordingToOrbit = 1661118516999
 INFO : run 523821 has start time from run and start time from orbit that differ (by 52 secs)
run: 526463
URL scalers:http://alice-ccdb.cern.ch
Info in <TJAlienFile::Open>: Accessing file /alice/data/CCDB/CTP/Calib/Scalers/15/11499/28b5ff01-ccf7-11ee-80cd-200114580202 in SE <ALICE::CCIN2P3::SE>
[INFO] ccdb reads http://alice-ccdb.cern.ch/CTP/Calib/Scalers/1664549241238/28b5ff01-ccf7-11ee-80cd-200114580202 for 1664549900218 (retrieve, agent_id: ctpo2cs8.cern.ch-1708165861-DDJRBv), 
[INFO] Init CcdApi with UserAgentID: ctpo2cs8.cern.ch-1708165861-DDJRBv, Host: http://alice-ccdb.cern.ch
URL orbit reset:http://alice-ccdb.cern.ch
Info in <TJAlienFile::Open>: Accessing file /alice/data/CCDB/CTP/Calib/OrbitReset/05/11762/2f6b445c-40d0-11ed-832d-0aa140641b9a in SE <ALICE::CCIN2P3::SE>
[INFO] ccdb reads http://alice-ccdb.cern.ch/CTP/Calib/OrbitReset/1664549840284/2f6b445c-40d0-11ed-832d-0aa140641b9a for 1664549900218 (retrieve, agent_id: ctpo2cs8.cern.ch-1708165861-DDJRBv), 
Orbit reset: 1664549840283
 First orbit scalers: 2223423
 startTime run                 = 1664549840218
 startTimeRun_accordingToOrbit = 1664550037999
 INFO : run 526463 has start time from run and start time from orbit that differ (by 197 secs)
run: 526465
URL scalers:http://alice-ccdb.cern.ch
Info in <TJAlienFile::Open>: Accessing file /alice/data/CCDB/CTP/Calib/Scalers/08/46687/30e66023-ccf7-11ee-80cd-200114580202 in SE <ALICE::CCIN2P3::SE>
[INFO] ccdb reads http://alice-ccdb.cern.ch/CTP/Calib/Scalers/1664551432490/30e66023-ccf7-11ee-80cd-200114580202 for 1664552092387 (retrieve, agent_id: ctpo2cs8.cern.ch-1708165861-DDJRBv), 
[INFO] Init CcdApi with UserAgentID: ctpo2cs8.cern.ch-1708165861-DDJRBv, Host: http://alice-ccdb.cern.ch
URL orbit reset:http://alice-ccdb.cern.ch
Orbit reset: 1664549840283
 First orbit scalers: 25400362
 startTime run                 = 1664552032387
 startTimeRun_accordingToOrbit = 1664552098999
 INFO : run 526465 has start time from run and start time from orbit that differ (by 66 secs)
run: 526466
URL scalers:http://alice-ccdb.cern.ch
Info in <TJAlienFile::Open>: Accessing file /alice/data/CCDB/CTP/Calib/Scalers/01/64204/3cde16ec-ccf7-11ee-80cd-200114580202 in SE <ALICE::CCIN2P3::SE>
[INFO] ccdb reads http://alice-ccdb.cern.ch/CTP/Calib/Scalers/1664553547852/3cde16ec-ccf7-11ee-80cd-200114580202 for 1664554207739 (retrieve, agent_id: ctpo2cs8.cern.ch-1708165861-DDJRBv), 
[INFO] Init CcdApi with UserAgentID: ctpo2cs8.cern.ch-1708165861-DDJRBv, Host: http://alice-ccdb.cern.ch
URL orbit reset:http://alice-ccdb.cern.ch
Orbit reset: 1664549840283
 First orbit scalers: 49195803
 startTime run                 = 1664554147739
 startTimeRun_accordingToOrbit = 1664554214999
 INFO : run 526466 has start time from run and start time from orbit that differ (by 67 secs)
run: 526467
URL scalers:http://alice-ccdb.cern.ch
Info in <TJAlienFile::Open>: Accessing file /alice/data/CCDB/CTP/Calib/Scalers/15/09186/43e9c393-ccf7-11ee-80cd-200114580202 in SE <ALICE::CCIN2P3::SE>
[INFO] ccdb reads http://alice-ccdb.cern.ch/CTP/Calib/Scalers/1664554524745/43e9c393-ccf7-11ee-80cd-200114580202 for 1664555184634 (retrieve, agent_id: ctpo2cs8.cern.ch-1708165861-DDJRBv), 
[INFO] Init CcdApi with UserAgentID: ctpo2cs8.cern.ch-1708165861-DDJRBv, Host: http://alice-ccdb.cern.ch
URL orbit reset:http://alice-ccdb.cern.ch
Orbit reset: 1664549840283
 First orbit scalers: 60182640
 startTime run                 = 1664555124634
 startTimeRun_accordingToOrbit = 1664555191999
 INFO : run 526467 has start time from run and start time from orbit that differ (by 67 secs)
run: 526468
URL scalers:http://alice-ccdb.cern.ch
Info in <TJAlienFile::Open>: Accessing file /alice/data/CCDB/CTP/Calib/Scalers/06/31570/49dbbb6f-ccf7-11ee-80cd-200114580202 in SE <ALICE::CCIN2P3::SE>
[INFO] ccdb reads http://alice-ccdb.cern.ch/CTP/Calib/Scalers/1664558112559/49dbbb6f-ccf7-11ee-80cd-200114580202 for 1664558772449 (retrieve, agent_id: ctpo2cs8.cern.ch-1708165861-DDJRBv), 
[INFO] Init CcdApi with UserAgentID: ctpo2cs8.cern.ch-1708165861-DDJRBv, Host: http://alice-ccdb.cern.ch
URL orbit reset:http://alice-ccdb.cern.ch
Orbit reset: 1664549840283
 First orbit scalers: 100520186
 startTime run                 = 1664558712449
 startTimeRun_accordingToOrbit = 1664558778999
 INFO : run 526468 has start time from run and start time from orbit that differ (by 66 secs)
run: 526486
URL scalers:http://alice-ccdb.cern.ch
Info in <TJAlienFile::Open>: Accessing file /alice/data/CCDB/CTP/Calib/Scalers/10/47974/500528f1-ccf7-11ee-80cd-200114580202 in SE <ALICE::CCIN2P3::SE>
[INFO] ccdb reads http://alice-ccdb.cern.ch/CTP/Calib/Scalers/1664575950568/500528f1-ccf7-11ee-80cd-200114580202 for 1664576610453 (retrieve, agent_id: ctpo2cs8.cern.ch-1708165861-DDJRBv), 
[INFO] Init CcdApi with UserAgentID: ctpo2cs8.cern.ch-1708165861-DDJRBv, Host: http://alice-ccdb.cern.ch
URL orbit reset:http://alice-ccdb.cern.ch
Info in <TJAlienFile::Open>: Accessing file /alice/data/CCDB/CTP/Calib/OrbitReset/13/16398/b5e957cf-4101-11ed-832d-0aa140641b9a in SE <ALICE::CCIN2P3::SE>
[INFO] ccdb reads http://alice-ccdb.cern.ch/CTP/Calib/OrbitReset/1664571111275/b5e957cf-4101-11ed-832d-0aa140641b9a for 1664576610453 (retrieve, agent_id: ctpo2cs8.cern.ch-1708165861-DDJRBv), 
Orbit reset: 1664571111274
 First orbit scalers: 61925791
 startTime run                 = 1664576550453
 startTimeRun_accordingToOrbit = 1664576617999
 INFO : run 526486 has start time from run and start time from orbit that differ (by 67 secs)
run: 526505
URL scalers:http://alice-ccdb.cern.ch
Info in <TJAlienFile::Open>: Accessing file /alice/data/CCDB/CTP/Calib/Scalers/02/33349/5ec71498-ccf7-11ee-80cd-200114580202 in SE <ALICE::CCIN2P3::SE>
[INFO] ccdb reads http://alice-ccdb.cern.ch/CTP/Calib/Scalers/1664622936371/5ec71498-ccf7-11ee-80cd-200114580202 for 1664623596259 (retrieve, agent_id: ctpo2cs8.cern.ch-1708165861-DDJRBv), 
[INFO] Init CcdApi with UserAgentID: ctpo2cs8.cern.ch-1708165861-DDJRBv, Host: http://alice-ccdb.cern.ch
URL orbit reset:http://alice-ccdb.cern.ch
Info in <TJAlienFile::Open>: Accessing file /alice/data/CCDB/CTP/Calib/OrbitReset/12/50835/91c70eca-4176-11ed-832d-0aa140641b9a in SE <ALICE::CCIN2P3::SE>
[INFO] ccdb reads http://alice-ccdb.cern.ch/CTP/Calib/OrbitReset/1664621301764/91c70eca-4176-11ed-832d-0aa140641b9a for 1664623596259 (retrieve, agent_id: ctpo2cs8.cern.ch-1708165861-DDJRBv), 
Orbit reset: 1664621301763
 First orbit scalers: 27486624
 startTime run                 = 1664623536259
 startTimeRun_accordingToOrbit = 1664623745999
 INFO : run 526505 has start time from run and start time from orbit that differ (by 209 secs)
run: 526512
URL scalers:http://alice-ccdb.cern.ch
Info in <TJAlienFile::Open>: Accessing file /alice/data/CCDB/CTP/Calib/Scalers/09/07654/6f22d6cb-ccf7-11ee-80cd-200114580202 in SE <ALICE::CCIN2P3::SE>
[INFO] ccdb reads http://alice-ccdb.cern.ch/CTP/Calib/Scalers/1664641261599/6f22d6cb-ccf7-11ee-80cd-200114580202 for 1664641921483 (retrieve, agent_id: ctpo2cs8.cern.ch-1708165861-DDJRBv), 
[INFO] Init CcdApi with UserAgentID: ctpo2cs8.cern.ch-1708165861-DDJRBv, Host: http://alice-ccdb.cern.ch
URL orbit reset:http://alice-ccdb.cern.ch
Orbit reset: 1664621301763
 First orbit scalers: 231951989
 startTime run                 = 1664641861483
 startTimeRun_accordingToOrbit = 1664641927999
 INFO : run 526512 has start time from run and start time from orbit that differ (by 66 secs)
run: 526525
URL scalers:http://alice-ccdb.cern.ch
Info in <TJAlienFile::Open>: Accessing file /alice/data/CCDB/CTP/Calib/Scalers/09/55185/82cac613-ccf7-11ee-97e0-200114580202 in SE <ALICE::CCIN2P3::SE>
[INFO] ccdb reads http://alice-ccdb.cern.ch/CTP/Calib/Scalers/1664680274424/82cac613-ccf7-11ee-97e0-200114580202 for 1664680934314 (retrieve, agent_id: ctpo2cs8.cern.ch-1708165861-DDJRBv), 
[INFO] Init CcdApi with UserAgentID: ctpo2cs8.cern.ch-1708165861-DDJRBv, Host: http://alice-ccdb.cern.ch
URL orbit reset:http://alice-ccdb.cern.ch
Info in <TJAlienFile::Open>: Accessing file /alice/data/CCDB/CTP/Calib/OrbitReset/04/07940/e983fb3b-41fd-11ed-832d-0aa140641b9a in SE <ALICE::CCIN2P3::SE>
[INFO] ccdb reads http://alice-ccdb.cern.ch/CTP/Calib/OrbitReset/1664679431014/e983fb3b-41fd-11ed-832d-0aa140641b9a for 1664680934314 (retrieve, agent_id: ctpo2cs8.cern.ch-1708165861-DDJRBv), 
Orbit reset: 1664679431013
 First orbit scalers: 18588636
 startTime run                 = 1664680874314
 startTimeRun_accordingToOrbit = 1664681083999
 INFO : run 526525 has start time from run and start time from orbit that differ (by 209 secs)
run: 526526
URL scalers:http://alice-ccdb.cern.ch
Info in <TJAlienFile::Open>: Accessing file /alice/data/CCDB/CTP/Calib/Scalers/04/15086/8541dc60-ccf7-11ee-97e0-200114580202 in SE <ALICE::CCIN2P3::SE>
[INFO] ccdb reads http://alice-ccdb.cern.ch/CTP/Calib/Scalers/1664687797191/8541dc60-ccf7-11ee-97e0-200114580202 for 1664688457081 (retrieve, agent_id: ctpo2cs8.cern.ch-1708165861-DDJRBv), 
[INFO] Init CcdApi with UserAgentID: ctpo2cs8.cern.ch-1708165861-DDJRBv, Host: http://alice-ccdb.cern.ch
URL orbit reset:http://alice-ccdb.cern.ch
Orbit reset: 1664679431013
 First orbit scalers: 101580298
 startTime run                 = 1664688397081
 startTimeRun_accordingToOrbit = 1664688463999
 INFO : run 526526 has start time from run and start time from orbit that differ (by 66 secs)
run: 526528
URL scalers:http://alice-ccdb.cern.ch
Info in <TJAlienFile::Open>: Accessing file /alice/data/CCDB/CTP/Calib/Scalers/15/35402/898be640-ccf7-11ee-97e0-200114580202 in SE <ALICE::CCIN2P3::SE>
[INFO] ccdb reads http://alice-ccdb.cern.ch/CTP/Calib/Scalers/1664692506293/898be640-ccf7-11ee-97e0-200114580202 for 1664693166183 (retrieve, agent_id: ctpo2cs8.cern.ch-1708165861-DDJRBv), 
[INFO] Init CcdApi with UserAgentID: ctpo2cs8.cern.ch-1708165861-DDJRBv, Host: http://alice-ccdb.cern.ch
URL orbit reset:http://alice-ccdb.cern.ch
Orbit reset: 1664679431013
 First orbit scalers: 154546521
 startTime run                 = 1664693106183
 startTimeRun_accordingToOrbit = 1664693173999
 INFO : run 526528 has start time from run and start time from orbit that differ (by 67 secs)
run: 526559
URL scalers:http://alice-ccdb.cern.ch
Info in <TJAlienFile::Open>: Accessing file /alice/data/CCDB/CTP/Calib/Scalers/01/57747/8b1260a8-ccf7-11ee-97e0-200114580202 in SE <ALICE::CCIN2P3::SE>
[INFO] ccdb reads http://alice-ccdb.cern.ch/CTP/Calib/Scalers/1664738024899/8b1260a8-ccf7-11ee-97e0-200114580202 for 1664738684789 (retrieve, agent_id: ctpo2cs8.cern.ch-1708165861-DDJRBv), 
[INFO] Init CcdApi with UserAgentID: ctpo2cs8.cern.ch-1708165861-DDJRBv, Host: http://alice-ccdb.cern.ch
URL orbit reset:http://alice-ccdb.cern.ch
Info in <TJAlienFile::Open>: Accessing file /alice/data/CCDB/CTP/Calib/OrbitReset/15/13059/3d4d0fbe-4270-11ed-832d-0aa140641b9a in SE <ALICE::CCIN2P3::SE>
[INFO] ccdb reads http://alice-ccdb.cern.ch/CTP/Calib/OrbitReset/1664728534214/3d4d0fbe-4270-11ed-832d-0aa140641b9a for 1664738684789 (retrieve, agent_id: ctpo2cs8.cern.ch-1708165861-DDJRBv), 
Orbit reset: 1664728534213
 First orbit scalers: 114217971
 startTime run                 = 1664738624789
 startTimeRun_accordingToOrbit = 1664738690999
 INFO : run 526559 has start time from run and start time from orbit that differ (by 66 secs)
run: 526596
URL scalers:http://alice-ccdb.cern.ch
Info in <TJAlienFile::Open>: Accessing file /alice/data/CCDB/CTP/Calib/Scalers/00/24095/902ed80f-ccf7-11ee-97e0-200114580202 in SE <ALICE::CCIN2P3::SE>
[INFO] ccdb reads http://alice-ccdb.cern.ch/CTP/Calib/Scalers/1664797016194/902ed80f-ccf7-11ee-97e0-200114580202 for 1664797676085 (retrieve, agent_id: ctpo2cs8.cern.ch-1708165861-DDJRBv), 
[INFO] Init CcdApi with UserAgentID: ctpo2cs8.cern.ch-1708165861-DDJRBv, Host: http://alice-ccdb.cern.ch
URL orbit reset:http://alice-ccdb.cern.ch
Info in <TJAlienFile::Open>: Accessing file /alice/data/CCDB/CTP/Calib/OrbitReset/11/21793/9123b6e6-42bd-11ed-832d-0aa140641b9a in SE <ALICE::CCIN2P3::SE>
[INFO] ccdb reads http://alice-ccdb.cern.ch/CTP/Calib/OrbitReset/1664761746121/9123b6e6-42bd-11ed-832d-0aa140641b9a for 1664797676085 (retrieve, agent_id: ctpo2cs8.cern.ch-1708165861-DDJRBv), 
Orbit reset: 1664761746120
 First orbit scalers: 405758153
 startTime run                 = 1664797616085
 startTimeRun_accordingToOrbit = 1664797827999
 INFO : run 526596 has start time from run and start time from orbit that differ (by 211 secs)
run: 526606
URL scalers:http://alice-ccdb.cern.ch
Info in <TJAlienFile::Open>: Accessing file /alice/data/CCDB/CTP/Calib/Scalers/12/09183/92c9e236-ccf7-11ee-97e0-200114580202 in SE <ALICE::CCIN2P3::SE>
[INFO] ccdb reads http://alice-ccdb.cern.ch/CTP/Calib/Scalers/1664815126339/92c9e236-ccf7-11ee-97e0-200114580202 for 1664815786230 (retrieve, agent_id: ctpo2cs8.cern.ch-1708165861-DDJRBv), 
[INFO] Init CcdApi with UserAgentID: ctpo2cs8.cern.ch-1708165861-DDJRBv, Host: http://alice-ccdb.cern.ch
URL orbit reset:http://alice-ccdb.cern.ch
Orbit reset: 1664761746120
 First orbit scalers: 607794494
 startTime run                 = 1664815726230
 startTimeRun_accordingToOrbit = 1664815793999
 INFO : run 526606 has start time from run and start time from orbit that differ (by 67 secs)
run: 526612
URL scalers:http://alice-ccdb.cern.ch
Info in <TJAlienFile::Open>: Accessing file /alice/data/CCDB/CTP/Calib/Scalers/00/02778/949b3fce-ccf7-11ee-97e0-200114580202 in SE <ALICE::CCIN2P3::SE>
[INFO] ccdb reads http://alice-ccdb.cern.ch/CTP/Calib/Scalers/1664818761192/949b3fce-ccf7-11ee-97e0-200114580202 for 1664819421081 (retrieve, agent_id: ctpo2cs8.cern.ch-1708165861-DDJRBv), 
[INFO] Init CcdApi with UserAgentID: ctpo2cs8.cern.ch-1708165861-DDJRBv, Host: http://alice-ccdb.cern.ch
URL orbit reset:http://alice-ccdb.cern.ch
Orbit reset: 1664761746120
 First orbit scalers: 648660578
 startTime run                 = 1664819361081
 startTimeRun_accordingToOrbit = 1664819427999
 INFO : run 526612 has start time from run and start time from orbit that differ (by 66 secs)
run: 526638
URL scalers:http://alice-ccdb.cern.ch
Info in <TJAlienFile::Open>: Accessing file /alice/data/CCDB/CTP/Calib/Scalers/00/52606/9711b763-ccf7-11ee-97e0-200114580202 in SE <ALICE::CCIN2P3::SE>
[INFO] ccdb reads http://alice-ccdb.cern.ch/CTP/Calib/Scalers/1664839438914/9711b763-ccf7-11ee-97e0-200114580202 for 1664840097793 (retrieve, agent_id: ctpo2cs8.cern.ch-1708165861-DDJRBv), 
[INFO] Init CcdApi with UserAgentID: ctpo2cs8.cern.ch-1708165861-DDJRBv, Host: http://alice-ccdb.cern.ch
URL orbit reset:http://alice-ccdb.cern.ch
Info in <TJAlienFile::Open>: Accessing file /alice/data/CCDB/CTP/Calib/OrbitReset/09/22048/61c14cdd-4373-11ed-832e-0aa140641b9a in SE <ALICE::CCIN2P3::SE>
[INFO] ccdb reads http://alice-ccdb.cern.ch/CTP/Calib/OrbitReset/1664839835025/61c14cdd-4373-11ed-832e-0aa140641b9a for 1664840097793 (retrieve, agent_id: ctpo2cs8.cern.ch-1708165861-DDJRBv), 
Orbit reset: 1664839835024
 First orbit scalers: 4554150
 startTime run                 = 1664840037793
 startTimeRun_accordingToOrbit = 1664840239999
 INFO : run 526638 has start time from run and start time from orbit that differ (by 202 secs)
run: 526639
URL scalers:http://alice-ccdb.cern.ch
Info in <TJAlienFile::Open>: Accessing file /alice/data/CCDB/CTP/Calib/Scalers/04/63934/98e7834c-ccf7-11ee-97e0-200114580202 in SE <ALICE::CCIN2P3::SE>
[INFO] ccdb reads http://alice-ccdb.cern.ch/CTP/Calib/Scalers/1664840762449/98e7834c-ccf7-11ee-97e0-200114580202 for 1664841421323 (retrieve, agent_id: ctpo2cs8.cern.ch-1708165861-DDJRBv), 
[INFO] Init CcdApi with UserAgentID: ctpo2cs8.cern.ch-1708165861-DDJRBv, Host: http://alice-ccdb.cern.ch
URL orbit reset:http://alice-ccdb.cern.ch
Orbit reset: 1664839835024
 First orbit scalers: 17913783
 startTime run                 = 1664841361323
 startTimeRun_accordingToOrbit = 1664841427999
 INFO : run 526639 has start time from run and start time from orbit that differ (by 66 secs)
run: 526641
URL scalers:http://alice-ccdb.cern.ch
Info in <TJAlienFile::Open>: Accessing file /alice/data/CCDB/CTP/Calib/Scalers/11/13842/9e17eeef-ccf7-11ee-97e0-200114580202 in SE <ALICE::CCIN2P3::SE>
[INFO] ccdb reads http://alice-ccdb.cern.ch/CTP/Calib/Scalers/1664857561154/9e17eeef-ccf7-11ee-97e0-200114580202 for 1664858220028 (retrieve, agent_id: ctpo2cs8.cern.ch-1708165861-DDJRBv), 
[INFO] Init CcdApi with UserAgentID: ctpo2cs8.cern.ch-1708165861-DDJRBv, Host: http://alice-ccdb.cern.ch
URL orbit reset:http://alice-ccdb.cern.ch
Orbit reset: 1664839835024
 First orbit scalers: 206826646
 startTime run                 = 1664858160028
 startTimeRun_accordingToOrbit = 1664858226999
 INFO : run 526641 has start time from run and start time from orbit that differ (by 66 secs)
run: 526643
URL scalers:http://alice-ccdb.cern.ch
Info in <TJAlienFile::Open>: Accessing file /alice/data/CCDB/CTP/Calib/Scalers/13/08927/a4d11e1e-ccf7-11ee-97e0-200114580202 in SE <ALICE::CCIN2P3::SE>
[INFO] ccdb reads http://alice-ccdb.cern.ch/CTP/Calib/Scalers/1664865956658/a4d11e1e-ccf7-11ee-97e0-200114580202 for 1664866616547 (retrieve, agent_id: ctpo2cs8.cern.ch-1708165861-DDJRBv), 
[INFO] Init CcdApi with UserAgentID: ctpo2cs8.cern.ch-1708165861-DDJRBv, Host: http://alice-ccdb.cern.ch
URL orbit reset:http://alice-ccdb.cern.ch
Orbit reset: 1664839835024
 First orbit scalers: 301243718
 startTime run                 = 1664866556547
 startTimeRun_accordingToOrbit = 1664866622999
 INFO : run 526643 has start time from run and start time from orbit that differ (by 66 secs)
run: 526647
URL scalers:http://alice-ccdb.cern.ch
Info in <TJAlienFile::Open>: Accessing file /alice/data/CCDB/CTP/Calib/Scalers/01/47997/aec42497-ccf7-11ee-97e0-200114580202 in SE <ALICE::CCIN2P3::SE>
[INFO] ccdb reads http://alice-ccdb.cern.ch/CTP/Calib/Scalers/1664871099852/aec42497-ccf7-11ee-97e0-200114580202 for 1664871758728 (retrieve, agent_id: ctpo2cs8.cern.ch-1708165861-DDJRBv), 
[INFO] Init CcdApi with UserAgentID: ctpo2cs8.cern.ch-1708165861-DDJRBv, Host: http://alice-ccdb.cern.ch
URL orbit reset:http://alice-ccdb.cern.ch
Orbit reset: 1664839835024
 First orbit scalers: 359079235
 startTime run                 = 1664871698728
 startTimeRun_accordingToOrbit = 1664871765999
 INFO : run 526647 has start time from run and start time from orbit that differ (by 67 secs)
run: 526649
URL scalers:http://alice-ccdb.cern.ch
Info in <TJAlienFile::Open>: Accessing file /alice/data/CCDB/CTP/Calib/Scalers/13/19466/b1eb5c22-ccf7-11ee-97e0-200114580202 in SE <ALICE::CCIN2P3::SE>
[INFO] ccdb reads http://alice-ccdb.cern.ch/CTP/Calib/Scalers/1664876486840/b1eb5c22-ccf7-11ee-97e0-200114580202 for 1664877145721 (retrieve, agent_id: ctpo2cs8.cern.ch-1708165861-DDJRBv), 
[INFO] Init CcdApi with UserAgentID: ctpo2cs8.cern.ch-1708165861-DDJRBv, Host: http://alice-ccdb.cern.ch
URL orbit reset:http://alice-ccdb.cern.ch
Orbit reset: 1664839835024
 First orbit scalers: 419647404
 startTime run                 = 1664877085721
 startTimeRun_accordingToOrbit = 1664877151999
 INFO : run 526649 has start time from run and start time from orbit that differ (by 66 secs)
run: 526713
URL scalers:http://alice-ccdb.cern.ch
Info in <TJAlienFile::Open>: Accessing file /alice/data/CCDB/CTP/Calib/Scalers/10/51331/b50e00fa-ccf7-11ee-97e0-200114580202 in SE <ALICE::CCIN2P3::SE>
[INFO] ccdb reads http://alice-ccdb.cern.ch/CTP/Calib/Scalers/1664926421575/b50e00fa-ccf7-11ee-97e0-200114580202 for 1664927080446 (retrieve, agent_id: ctpo2cs8.cern.ch-1708165861-DDJRBv), 
[INFO] Init CcdApi with UserAgentID: ctpo2cs8.cern.ch-1708165861-DDJRBv, Host: http://alice-ccdb.cern.ch
URL orbit reset:http://alice-ccdb.cern.ch
Info in <TJAlienFile::Open>: Accessing file /alice/data/CCDB/CTP/Calib/OrbitReset/15/29234/91546ac9-4423-11ed-832e-0aa140641b9a in SE <ALICE::CCIN2P3::SE>
[INFO] ccdb reads http://alice-ccdb.cern.ch/CTP/Calib/OrbitReset/1664915506260/91546ac9-4423-11ed-832e-0aa140641b9a for 1664927080446 (retrieve, agent_id: ctpo2cs8.cern.ch-1708165861-DDJRBv), 
Orbit reset: 1664915506259
 First orbit scalers: 131884107
 startTime run                 = 1664927020446
 startTimeRun_accordingToOrbit = 1664927233999
 INFO : run 526713 has start time from run and start time from orbit that differ (by 213 secs)
run: 526714
URL scalers:http://alice-ccdb.cern.ch
Info in <TJAlienFile::Open>: Accessing file /alice/data/CCDB/CTP/Calib/Scalers/00/56975/b7511d70-ccf7-11ee-97e0-200114580202 in SE <ALICE::CCIN2P3::SE>
[INFO] ccdb reads http://alice-ccdb.cern.ch/CTP/Calib/Scalers/1664940252852/b7511d70-ccf7-11ee-97e0-200114580202 for 1664940911724 (retrieve, agent_id: ctpo2cs8.cern.ch-1708165861-DDJRBv), 
[INFO] Init CcdApi with UserAgentID: ctpo2cs8.cern.ch-1708165861-DDJRBv, Host: http://alice-ccdb.cern.ch
URL orbit reset:http://alice-ccdb.cern.ch
Orbit reset: 1664915506259
 First orbit scalers: 285778536
 startTime run                 = 1664940851724
 startTimeRun_accordingToOrbit = 1664940918999
 INFO : run 526714 has start time from run and start time from orbit that differ (by 67 secs)
run: 526715
URL scalers:http://alice-ccdb.cern.ch
Info in <TJAlienFile::Open>: Accessing file /alice/data/CCDB/CTP/Calib/Scalers/03/38506/bce3be4b-ccf7-11ee-97e0-200114580202 in SE <ALICE::CCIN2P3::SE>
[INFO] ccdb reads http://alice-ccdb.cern.ch/CTP/Calib/Scalers/1664941484732/bce3be4b-ccf7-11ee-97e0-200114580202 for 1664942143593 (retrieve, agent_id: ctpo2cs8.cern.ch-1708165861-DDJRBv), 
[INFO] Init CcdApi with UserAgentID: ctpo2cs8.cern.ch-1708165861-DDJRBv, Host: http://alice-ccdb.cern.ch
URL orbit reset:http://alice-ccdb.cern.ch
Orbit reset: 1664915506259
 First orbit scalers: 299779162
 startTime run                 = 1664942083593
 startTimeRun_accordingToOrbit = 1664942163999
 INFO : run 526715 has start time from run and start time from orbit that differ (by 80 secs)
run: 526716
URL scalers:http://alice-ccdb.cern.ch
Info in <TJAlienFile::Open>: Accessing file /alice/data/CCDB/CTP/Calib/Scalers/07/24102/beac053d-ccf7-11ee-97e0-200114580202 in SE <ALICE::CCIN2P3::SE>
[INFO] ccdb reads http://alice-ccdb.cern.ch/CTP/Calib/Scalers/1664943180834/beac053d-ccf7-11ee-97e0-200114580202 for 1664943839706 (retrieve, agent_id: ctpo2cs8.cern.ch-1708165861-DDJRBv), 
[INFO] Init CcdApi with UserAgentID: ctpo2cs8.cern.ch-1708165861-DDJRBv, Host: http://alice-ccdb.cern.ch
URL orbit reset:http://alice-ccdb.cern.ch
Orbit reset: 1664915506259
 First orbit scalers: 318694064
 startTime run                 = 1664943779706
 startTimeRun_accordingToOrbit = 1664943845999
 INFO : run 526716 has start time from run and start time from orbit that differ (by 66 secs)
run: 526719
URL scalers:http://alice-ccdb.cern.ch
Info in <TJAlienFile::Open>: Accessing file /alice/data/CCDB/CTP/Calib/Scalers/11/58528/c0a0993d-ccf7-11ee-97e0-200114580202 in SE <ALICE::CCIN2P3::SE>
[INFO] ccdb reads http://alice-ccdb.cern.ch/CTP/Calib/Scalers/1664947896750/c0a0993d-ccf7-11ee-97e0-200114580202 for 1664948555622 (retrieve, agent_id: ctpo2cs8.cern.ch-1708165861-DDJRBv), 
[INFO] Init CcdApi with UserAgentID: ctpo2cs8.cern.ch-1708165861-DDJRBv, Host: http://alice-ccdb.cern.ch
URL orbit reset:http://alice-ccdb.cern.ch
Orbit reset: 1664915506259
 First orbit scalers: 371727760
 startTime run                 = 1664948495622
 startTimeRun_accordingToOrbit = 1664948561999
 INFO : run 526719 has start time from run and start time from orbit that differ (by 66 secs)
run: 526720
URL scalers:http://alice-ccdb.cern.ch
Info in <TJAlienFile::Open>: Accessing file /alice/data/CCDB/CTP/Calib/Scalers/04/19232/cb647cbf-ccf7-11ee-80cd-200114580202 in SE <ALICE::CCIN2P3::SE>
[INFO] ccdb reads http://alice-ccdb.cern.ch/CTP/Calib/Scalers/1664952813729/cb647cbf-ccf7-11ee-80cd-200114580202 for 1664953472599 (retrieve, agent_id: ctpo2cs8.cern.ch-1708165861-DDJRBv), 
[INFO] Init CcdApi with UserAgentID: ctpo2cs8.cern.ch-1708165861-DDJRBv, Host: http://alice-ccdb.cern.ch
URL orbit reset:http://alice-ccdb.cern.ch
Orbit reset: 1664915506259
 First orbit scalers: 427078025
 startTime run                 = 1664953412599
 startTimeRun_accordingToOrbit = 1664953483999
 INFO : run 526720 has start time from run and start time from orbit that differ (by 71 secs)
run: 526776
URL scalers:http://alice-ccdb.cern.ch
Info in <TJAlienFile::Open>: Accessing file /alice/data/CCDB/CTP/Calib/Scalers/08/15622/dd63c4f0-ccf7-11ee-80cd-200114580202 in SE <ALICE::CCIN2P3::SE>
[INFO] ccdb reads http://alice-ccdb.cern.ch/CTP/Calib/Scalers/1664996563052/dd63c4f0-ccf7-11ee-80cd-200114580202 for 1664997221899 (retrieve, agent_id: ctpo2cs8.cern.ch-1708165861-DDJRBv), 
[INFO] Init CcdApi with UserAgentID: ctpo2cs8.cern.ch-1708165861-DDJRBv, Host: http://alice-ccdb.cern.ch
URL orbit reset:http://alice-ccdb.cern.ch
Info in <TJAlienFile::Open>: Accessing file /alice/data/CCDB/CTP/Calib/OrbitReset/11/09987/4e7e3c93-44ad-11ed-832e-0aa140641b9a in SE <ALICE::CCIN2P3::SE>
[INFO] ccdb reads http://alice-ccdb.cern.ch/CTP/Calib/OrbitReset/1664974664692/4e7e3c93-44ad-11ed-832e-0aa140641b9a for 1664997221899 (retrieve, agent_id: ctpo2cs8.cern.ch-1708165861-DDJRBv), 
Orbit reset: 1664974664691
 First orbit scalers: 253757789
 startTime run                 = 1664997161899
 startTimeRun_accordingToOrbit = 1664997229999
 INFO : run 526776 has start time from run and start time from orbit that differ (by 68 secs)
