LHC22m 523141 0168271103
something went wrong, check run 523142: no ctf found
something went wrong, check run 523148: no ctf found
something went wrong, check run 523182: no ctf found
something went wrong, check run 523186: no ctf found
something went wrong, check run 523298: no ctf found
something went wrong, check run 523306: no ctf found
LHC22m 523308 0319093916
something went wrong, check run 523309: no ctf found
something went wrong, check run 523397: no ctf found
something went wrong, check run 523399: no ctf found
something went wrong, check run 523401: no ctf found
something went wrong, check run 523441: no ctf found
something went wrong, check run 523541: no ctf found
something went wrong, check run 523559: no ctf found
something went wrong, check run 523669: no ctf found
something went wrong, check run 523671: no ctf found
something went wrong, check run 523677: no ctf found
something went wrong, check run 523728: no ctf found
something went wrong, check run 523731: no ctf found
something went wrong, check run 523779: no ctf found
something went wrong, check run 523783: no ctf found
something went wrong, check run 523786: no ctf found
something went wrong, check run 523788: no ctf found
something went wrong, check run 523789: no ctf found
something went wrong, check run 523792: no ctf found
something went wrong, check run 523797: no ctf found
something went wrong, check run 523821: no ctf found
LHC22o 526463 0002235008
LHC22o 526465 0025406720
LHC22o 526466 0049196288
LHC22o 526467 0060183296
LHC22o 526468 0100527488
LHC22o 526486 0061927040
LHC22o 526505 0027493376
LHC22o 526512 0231959680
LHC22o 526525 0018590208
LHC22o 526526 0101582464
LHC22o 526528 0154545792
LHC22o 526559 0114225152
LHC22o 526596 0405758080
LHC22o 526606 0607794048
LHC22o 526612 0648656256
LHC22o 526638 0004562432
LHC22o 526639 0017921664
LHC22o 526641 0206830848
LHC22o 526643 0301250432
LHC22o 526647 0359080448
LHC22o 526649 0419658112
LHC22o 526713 0131895168
LHC22o 526714 0285780096
LHC22o 526715 0299734016
LHC22o 526716 0318705024
LHC22o 526719 0371737856
LHC22o 526720 0427032704
LHC22o 526776 0253761024
LHC22o 526860 0176750592
LHC22o 526865 0217239296
LHC22o 526886 0304346240
LHC22o 526938 0351416960
LHC22o 526963 0002280704
LHC22o 526964 0015926400
LHC22o 526966 0162171776
LHC22o 526967 0176993664
LHC22o 526968 0417120768
LHC22o 527015 0008603008
LHC22o 527016 0024919936
LHC22o 527028 0101606528
LHC22o 527031 0159493504
LHC22o 527033 0180322304
LHC22o 527034 0194940544
LHC22o 527038 0243790592
LHC22o 527039 0298387584
LHC22o 527041 0345145728
LHC22o 527057 0049192448
LHC22o 527076 0162728960
LHC22o 527108 0002318592
LHC22o 527109 0018709760
LHC22o 527228 0000789760
LHC22o 527237 0314959360
LHC22o 527240 0431074816
LHC22o 527259 0008247296
LHC22o 527260 0016606976
LHC22o 527261 0054382208
LHC22o 527262 0068652160
LHC22o 527345 0517960448
LHC22o 527347 0540028288
LHC22o 527349 0582774400
LHC22o 527446 0057457664
LHC22o 527518 0043427456
LHC22o 527523 0163363968
LHC22o-test 527690 0002317184
LHC22o-test 527694 0340419584
LHC22o-test 527731 0075304192
LHC22o-test 527734 0198526848
LHC22o-test 527736 0346618240
LHC22o 527821 0041854208
LHC22o 527825 0089606912
LHC22o 527826 0210631808
LHC22o 527828 0452529536
LHC22o 527848 0064762880
LHC22o 527850 0098240896
LHC22o 527852 0204291840
LHC22o 527863 0009799808
LHC22o 527864 0218856192
LHC22o 527865 0236707200
LHC22o 527869 0311070976
LHC22o 527871 0372981120
LHC22o 527895 0014121728
LHC22o 527898 0236954368
LHC22o 527899 0283740800
LHC22o 527902 0454560768
LHC22o 527963 0002290304
LHC22o 527976 0002344192
LHC22o 527978 0305263104
LHC22o 527979 0342333312
LHC22o 528021 0002298112
LHC22o 528026 0072701184
LHC22o 528036 0009814272
LHC22o 528093 0092640256
LHC22o 528094 0102310656
LHC22o 528097 0117760128
LHC22o 528105 0165094912
LHC22o 528107 0219347968
LHC22o 528109 0403992704
LHC22o 528110 0440774528
LHC22o 528231 0002677120
LHC22o 528232 0017475200
LHC22o 528233 0454168704
LHC22o 528263 0002347520
LHC22o 528266 0097613824
LHC22o 528292 0168751232
LHC22o 528294 0273204864
LHC22o 528316 0014330752
LHC22o 528319 0058808704
LHC22o 528328 0217974016
LHC22o 528329 0278813056
LHC22o 528330 0321433728
LHC22o 528332 0349210752
LHC22o 528336 0549302144
LHC22o 528347 0002457600
LHC22o 528359 0012643712
LHC22o 528379 0008747520
LHC22o 528381 0102175488
LHC22o 528386 0205184768
LHC22o 528448 0052791040
LHC22o 528451 0133468672
LHC22o 528461 0002454400
LHC22o 528463 0113539456
LHC22o 528529 0336602752
LHC22o 528530 0346825344
LHC22o 528531 0362888064
LHC22o 528534 0454855424
LHC22o 528537 0541297536
LHC22o 528543 0576351872
LHC22p 528602 0415249024
LHC22p 528604 0428785536
LHC22p 528617 0007471104
LHC22p 528781 0042451072
LHC22p 528782 0053701376
LHC22p 528783 0064654336
LHC22p 528784 0073035520
LHC22p 528798 0002533376
LHC22p 528801 0060365824
LHC22r 529077 0002369024
LHC22r 529078 0017519232
LHC22r 529084 0289568896
LHC22r 529088 0349190912
LHC22r 529115 0066655488
LHC22r 529116 0458425856
LHC22r 529117 0502060544
LHC22r 529128 0002440192
LHC22r 529129 0010663040
something went wrong, check run 529208: no ctf found
something went wrong, check run 529209: no ctf found
something went wrong, check run 529210: no ctf found
something went wrong, check run 529211: no ctf found
LHC22r 529235 0002398080
something went wrong, check run 529237: no ctf found
something went wrong, check run 529242: no ctf found
something went wrong, check run 529248: no ctf found
something went wrong, check run 529252: no ctf found
something went wrong, check run 529270: no ctf found
something went wrong, check run 529306: no ctf found
something went wrong, check run 529310: no ctf found
something went wrong, check run 529317: no ctf found
something went wrong, check run 529320: no ctf found
LHC22r 529324 0368809728
something went wrong, check run 529338: no ctf found
something went wrong, check run 529341: no ctf found
something went wrong, check run 529450: no ctf found
something went wrong, check run 529452: no ctf found
something went wrong, check run 529454: no ctf found
something went wrong, check run 529458: no ctf found
something went wrong, check run 529460: no ctf found
LHC22t 529461 0302519040
something went wrong, check run 529462: no ctf found
something went wrong, check run 529542: no ctf found
something went wrong, check run 529552: no ctf found
something went wrong, check run 529554: no ctf found
something went wrong, check run 529662: no ctf found
something went wrong, check run 529663: no ctf found
something went wrong, check run 529664: no ctf found
something went wrong, check run 529674: no ctf found
something went wrong, check run 529675: no ctf found
something went wrong, check run 529690: no ctf found
something went wrong, check run 529691: no ctf found
