
Processing copyScalers.C...
[INFO] Init CcdApi with UserAgentID: ctpo2cs8.cern.ch-1712165295-xJhDbp, Host: http://alice-ccdb.cern.ch
[INFO] Init CcdApi with UserAgentID: ctpo2cs8.cern.ch-1712165295-l51dVP, Host: http://ccdb-test.cern.ch:8080
[INFO] Init CcdApi with UserAgentID: ctpo2cs8.cern.ch-1712165295-Vj9F5Z, Host: http://alice-ccdb.cern.ch/
run:549286
[INFO] Init CcdApi with UserAgentID: ctpo2cs8.cern.ch-1712165295-Vj9F5Z, Host: http://alice-ccdb.cern.ch
[WARN] Missing STF/EFT -> use SOX/EOX;
Run start:1711956333971
[INFO] Init CcdApi with UserAgentID: ctpo2cs8.cern.ch-1712165295-Vj9F5Z, Host: http://ccdb-test.cern.ch:8080
[INFO] ccdb reads http://ccdb-test.cern.ch:8080/CTP/Calib/Scalers/1711955618137/13c0ccc6-f022-11ee-820e-c0a80209250c for 1711956333971 (retrieve, agent_id: ctpo2cs8.cern.ch-1712165295-Vj9F5Z), 
Writing to CCDB startValGRP:1711955618137 endValGRP:1712233164000
<!doctype html><html lang="en"><head><title>HTTP Status 403 – Forbidden</title><style type="text/css">body {font-family:Tahoma,Arial,sans-serif;} h1, h2, h3, b {color:white;background-color:#525D76;} h1 {font-size:22px;} h2 {font-size:16px;} h3 {font-size:14px;} p {font-size:12px;} a {color:black;} .line {height:1px;background-color:#525D76;border:none;}</style></head><body><h1>HTTP Status 403 – Forbidden</h1><hr class="line" /><p><b>Type</b> Status Report</p><p><b>Message</b> You are not allowed to write to this path</p><p><b>Description</b> The server understood the request but refuses to authorize it.</p><hr class="line" /></body></html>run:549287
[INFO] Init CcdApi with UserAgentID: ctpo2cs8.cern.ch-1712165295-Vj9F5Z, Host: http://alice-ccdb.cern.ch
[WARN] Missing STF/EFT -> use SOX/EOX;
Run start:1711976030706
[INFO] Init CcdApi with UserAgentID: ctpo2cs8.cern.ch-1712165295-Vj9F5Z, Host: http://ccdb-test.cern.ch:8080
[INFO] ccdb reads http://ccdb-test.cern.ch:8080/CTP/Calib/Scalers/1711975314327/15fcdb1b-f028-11ee-820e-c0a80209250c for 1711976030706 (retrieve, agent_id: ctpo2cs8.cern.ch-1712165295-Vj9F5Z), 
Writing to CCDB startValGRP:1711975314327 endValGRP:1712235745000
<!doctype html><html lang="en"><head><title>HTTP Status 403 – Forbidden</title><style type="text/css">body {font-family:Tahoma,Arial,sans-serif;} h1, h2, h3, b {color:white;background-color:#525D76;} h1 {font-size:22px;} h2 {font-size:16px;} h3 {font-size:14px;} p {font-size:12px;} a {color:black;} .line {height:1px;background-color:#525D76;border:none;}</style></head><body><h1>HTTP Status 403 – Forbidden</h1><hr class="line" /><p><b>Type</b> Status Report</p><p><b>Message</b> You are not allowed to write to this path</p><p><b>Description</b> The server understood the request but refuses to authorize it.</p><hr class="line" /></body></html>run:549288
[INFO] Init CcdApi with UserAgentID: ctpo2cs8.cern.ch-1712165295-Vj9F5Z, Host: http://alice-ccdb.cern.ch
[WARN] Missing STF/EFT -> use SOX/EOX;
Run start:1711976965671
[INFO] Init CcdApi with UserAgentID: ctpo2cs8.cern.ch-1712165295-Vj9F5Z, Host: http://ccdb-test.cern.ch:8080
[INFO] ccdb reads http://ccdb-test.cern.ch:8080/CTP/Calib/Scalers/1711976249048/a42f800e-f029-11ee-820e-c0a80209250c for 1711976965671 (retrieve, agent_id: ctpo2cs8.cern.ch-1712165295-Vj9F5Z), 
Writing to CCDB startValGRP:1711976249048 endValGRP:1712236413000
<!doctype html><html lang="en"><head><title>HTTP Status 403 – Forbidden</title><style type="text/css">body {font-family:Tahoma,Arial,sans-serif;} h1, h2, h3, b {color:white;background-color:#525D76;} h1 {font-size:22px;} h2 {font-size:16px;} h3 {font-size:14px;} p {font-size:12px;} a {color:black;} .line {height:1px;background-color:#525D76;border:none;}</style></head><body><h1>HTTP Status 403 – Forbidden</h1><hr class="line" /><p><b>Type</b> Status Report</p><p><b>Message</b> You are not allowed to write to this path</p><p><b>Description</b> The server understood the request but refuses to authorize it.</p><hr class="line" /></body></html>run:549289
[INFO] Init CcdApi with UserAgentID: ctpo2cs8.cern.ch-1712165295-Vj9F5Z, Host: http://alice-ccdb.cern.ch
[WARN] Missing STF/EFT -> use SOX/EOX;
Run start:1711977660719
[INFO] Init CcdApi with UserAgentID: ctpo2cs8.cern.ch-1712165295-Vj9F5Z, Host: http://ccdb-test.cern.ch:8080
[INFO] ccdb reads http://ccdb-test.cern.ch:8080/CTP/Calib/Scalers/1711976943394/ae1f4e7c-f02b-11ee-820e-c0a80209250c for 1711977660719 (retrieve, agent_id: ctpo2cs8.cern.ch-1712165295-Vj9F5Z), 
Writing to CCDB startValGRP:1711976943394 endValGRP:1712237289000
<!doctype html><html lang="en"><head><title>HTTP Status 403 – Forbidden</title><style type="text/css">body {font-family:Tahoma,Arial,sans-serif;} h1, h2, h3, b {color:white;background-color:#525D76;} h1 {font-size:22px;} h2 {font-size:16px;} h3 {font-size:14px;} p {font-size:12px;} a {color:black;} .line {height:1px;background-color:#525D76;border:none;}</style></head><body><h1>HTTP Status 403 – Forbidden</h1><hr class="line" /><p><b>Type</b> Status Report</p><p><b>Message</b> You are not allowed to write to this path</p><p><b>Description</b> The server understood the request but refuses to authorize it.</p><hr class="line" /></body></html>Number of runs processed:4
