   ------------------------------------------------------------------
  | Welcome to ROOT 6.30/01                        https://root.cern |
  | (c) 1995-2023, The ROOT Team; conception: R. Brun, F. Rademakers |
  | Built for linuxx8664gcc on Feb 12 2024, 10:07:08                 |
  | From tags/v6-30-01-alice2@v6-25-02-6400-g526782cfe8              |
  | With c++ (GCC) 12.2.0                                            |
  | Try '.help'/'.?', '.demo', '.license', '.credits', '.quit'/'.q'  |
   ------------------------------------------------------------------


Processing checkFirstOrbit.C...
[INFO] Init CcdApi with UserAgentID: ctpo2cs8.cern.ch-1709368579-dtRBrX, Host: http://alice-ccdb.cern.ch/
run: 520259
URL scalers:http://alice-ccdb.cern.ch/
Info in <TJAlienConnectionManager>: Opening connection to JCentral. Please wait
Info in <TJAlienConnectionManager>: Opening connection to 128.142.249.31
Info in <TJAlienConnectionManager>: Successfully connected to 128.142.249.31
Info in <TJAlienFile::Open>: Accessing file /alice/data/CCDB/CTP/Calib/Scalers/11/63411/1f45d721-efff-11ed-9692-200114580202 in SE <ALICE::CERN::OCDB>
[INFO] ccdb reads http://alice-ccdb.cern.ch/CTP/Calib/Scalers/1657153587859/1f45d721-efff-11ed-9692-200114580202 for 1657153767859 (retrieve, agent_id: ctpo2cs8.cern.ch-1709368579-dtRBrX), 
[INFO] Init CcdApi with UserAgentID: ctpo2cs8.cern.ch-1709368579-dtRBrX, Host: http://alice-ccdb.cern.ch
URL orbit reset:http://alice-ccdb.cern.ch
Info in <TJAlienFile::Open>: Accessing file /alice/data/CCDB/CTP/Calib/OrbitReset/05/44451/f1d7f1be-fd89-11ec-9d70-0aa140641b9a in SE <ALICE::CERN::OCDB>
[INFO] ccdb reads http://alice-ccdb.cern.ch/CTP/Calib/OrbitReset/1657152944347/f1d7f1be-fd89-11ec-9d70-0aa140641b9a for 1657153767859 (retrieve, agent_id: ctpo2cs8.cern.ch-1709368579-dtRBrX), 
Orbit reset: 1657152944346
520259 First orbit scalers: 3117516091
 startTime run                 = 1657153707859
 startTimeRun_accordingToOrbit = 1657430168205
 FATAL : run 520259 has start time from run and start time from orbit that differ too much (by 276460 secs)
run: 520294
URL scalers:http://alice-ccdb.cern.ch
Info in <TJAlienFile::Open>: Accessing file /alice/data/CCDB/CTP/Calib/Scalers/11/24652/a8b092d5-fdcd-11ec-9d70-0aa140651b9a in SE <ALICE::CERN::OCDB>
[INFO] ccdb reads http://alice-ccdb.cern.ch/CTP/Calib/Scalers/1657180930028/a8b092d5-fdcd-11ec-9d70-0aa140651b9a for 1657181642013 (retrieve, agent_id: ctpo2cs8.cern.ch-1709368579-dtRBrX), 
[INFO] Init CcdApi with UserAgentID: ctpo2cs8.cern.ch-1709368579-dtRBrX, Host: http://alice-ccdb.cern.ch
URL orbit reset:http://alice-ccdb.cern.ch
Orbit reset: 1657152944346
520294 First orbit scalers: 3430974312
 startTime run                 = 1657181582013
 startTimeRun_accordingToOrbit = 1657458042351
 FATAL : run 520294 has start time from run and start time from orbit that differ too much (by 276460 secs)
run: 520471
URL scalers:http://alice-ccdb.cern.ch
Info in <TJAlienFile::Open>: Accessing file /alice/data/CCDB/CTP/Calib/Scalers/13/41086/dafd52f4-004f-11ed-9d70-0aa140651b9a in SE <ALICE::CERN::OCDB>
[INFO] ccdb reads http://alice-ccdb.cern.ch/CTP/Calib/Scalers/1657456270361/dafd52f4-004f-11ed-9d70-0aa140651b9a for 1657456930199 (retrieve, agent_id: ctpo2cs8.cern.ch-1709368579-dtRBrX), 
[INFO] Init CcdApi with UserAgentID: ctpo2cs8.cern.ch-1709368579-dtRBrX, Host: http://alice-ccdb.cern.ch
URL orbit reset:http://alice-ccdb.cern.ch
Info in <TJAlienFile::Open>: Accessing file /alice/data/CCDB/CTP/Calib/OrbitReset/02/31325/54d7055e-ffc8-11ec-9d70-0aa140641b9a in SE <ALICE::CERN::OCDB>
[INFO] ccdb reads http://alice-ccdb.cern.ch/CTP/Calib/OrbitReset/1657399641561/54d7055e-ffc8-11ec-9d70-0aa140641b9a for 1657456930199 (retrieve, agent_id: ctpo2cs8.cern.ch-1709368579-dtRBrX), 
Orbit reset: 1657399641560
520471 First orbit scalers: 2232291077
 startTime run                 = 1657456870199
 startTimeRun_accordingToOrbit = 1657598147142
 FATAL : run 520471 has start time from run and start time from orbit that differ too much (by 141276 secs)
run: 520472
URL scalers:http://alice-ccdb.cern.ch
Info in <TJAlienFile::Open>: Accessing file /alice/data/CCDB/CTP/Calib/Scalers/13/48780/7d41d4f4-005e-11ed-9d70-0aa140651b9a in SE <ALICE::CERN::OCDB>
[INFO] ccdb reads http://alice-ccdb.cern.ch/CTP/Calib/Scalers/1657457849995/7d41d4f4-005e-11ed-9d70-0aa140651b9a for 1657458509840 (retrieve, agent_id: ctpo2cs8.cern.ch-1709368579-dtRBrX), 
[INFO] Init CcdApi with UserAgentID: ctpo2cs8.cern.ch-1709368579-dtRBrX, Host: http://alice-ccdb.cern.ch
URL orbit reset:http://alice-ccdb.cern.ch
Orbit reset: 1657399641560
520472 First orbit scalers: 2250045342
 startTime run                 = 1657458449840
 startTimeRun_accordingToOrbit = 1657599725933
 FATAL : run 520472 has start time from run and start time from orbit that differ too much (by 141276 secs)
run: 520473
URL scalers:http://alice-ccdb.cern.ch
Info in <TJAlienFile::Open>: Accessing file /alice/data/CCDB/CTP/Calib/Scalers/10/55700/364d3856-0067-11ed-9d70-0aa140651b9a in SE <ALICE::CERN::OCDB>
[INFO] ccdb reads http://alice-ccdb.cern.ch/CTP/Calib/Scalers/1657463965287/364d3856-0067-11ed-9d70-0aa140651b9a for 1657464625193 (retrieve, agent_id: ctpo2cs8.cern.ch-1709368579-dtRBrX), 
[INFO] Init CcdApi with UserAgentID: ctpo2cs8.cern.ch-1709368579-dtRBrX, Host: http://alice-ccdb.cern.ch
URL orbit reset:http://alice-ccdb.cern.ch
Orbit reset: 1657399641560
520473 First orbit scalers: 2318446674
 startTime run                 = 1657464565193
 startTimeRun_accordingToOrbit = 1657605808494
 FATAL : run 520473 has start time from run and start time from orbit that differ too much (by 141243 secs)
run: 517619
URL scalers:http://alice-ccdb.cern.ch
Info in <TJAlienFile::Open>: Accessing file /alice/data/CCDB/CTP/Calib/Scalers/11/02773/02eaecfa-0a8c-11ee-b97e-200114580202 in SE <ALICE::CERN::OCDB>
[INFO] ccdb reads http://alice-ccdb.cern.ch/CTP/Calib/Scalers/1654244894758/02eaecfa-0a8c-11ee-b97e-200114580202 for 1654245254758 (retrieve, agent_id: ctpo2cs8.cern.ch-1709368579-dtRBrX), 
[INFO] Init CcdApi with UserAgentID: ctpo2cs8.cern.ch-1709368579-dtRBrX, Host: http://alice-ccdb.cern.ch
URL orbit reset:http://alice-ccdb.cern.ch
Info in <TJAlienFile::Open>: Accessing file /alice/data/CCDB/CTP/Calib/OrbitReset/08/12536/4fa247de-e30a-11ec-8002-0aa140641b9a in SE <ALICE::CERN::EOS>
[INFO] ccdb reads http://alice-ccdb.cern.ch/CTP/Calib/OrbitReset/1654239395834/4fa247de-e30a-11ec-8002-0aa140641b9a for 1654245254758 (retrieve, agent_id: ctpo2cs8.cern.ch-1709368579-dtRBrX), 
Orbit reset: 1654239395833
517619 First orbit scalers: 0
 startTime run                 = 1654245194758
 startTimeRun_accordingToOrbit = 1654239395833
 FATAL : run 517619 has start time from run and start time from orbit that differ too much (by 5798 secs)
run: 517620
URL scalers:http://alice-ccdb.cern.ch
Info in <TJAlienFile::Open>: Accessing file /alice/data/CCDB/CTP/Calib/Scalers/06/36389/0320e104-0a8c-11ee-b97e-200114580202 in SE <ALICE::CERN::OCDB>
[INFO] ccdb reads http://alice-ccdb.cern.ch/CTP/Calib/Scalers/1654246457790/0320e104-0a8c-11ee-b97e-200114580202 for 1654246817790 (retrieve, agent_id: ctpo2cs8.cern.ch-1709368579-dtRBrX), 
[INFO] Init CcdApi with UserAgentID: ctpo2cs8.cern.ch-1709368579-dtRBrX, Host: http://alice-ccdb.cern.ch
URL orbit reset:http://alice-ccdb.cern.ch
Orbit reset: 1654239395833
517620 First orbit scalers: 0
 startTime run                 = 1654246757790
 startTimeRun_accordingToOrbit = 1654239395833
 FATAL : run 517620 has start time from run and start time from orbit that differ too much (by 7361 secs)
run: 517623
URL scalers:http://alice-ccdb.cern.ch
Info in <TJAlienFile::Open>: Accessing file /alice/data/CCDB/CTP/Calib/Scalers/08/26641/03559c08-0a8c-11ee-b97e-200114580202 in SE <ALICE::CERN::OCDB>
[INFO] ccdb reads http://alice-ccdb.cern.ch/CTP/Calib/Scalers/1654253036478/03559c08-0a8c-11ee-b97e-200114580202 for 1654253396478 (retrieve, agent_id: ctpo2cs8.cern.ch-1709368579-dtRBrX), 
[INFO] Init CcdApi with UserAgentID: ctpo2cs8.cern.ch-1709368579-dtRBrX, Host: http://alice-ccdb.cern.ch
URL orbit reset:http://alice-ccdb.cern.ch
Orbit reset: 1654239395833
517623 First orbit scalers: 0
 startTime run                 = 1654253336478
 startTimeRun_accordingToOrbit = 1654239395833
 FATAL : run 517623 has start time from run and start time from orbit that differ too much (by 13940 secs)
run: 517677
URL scalers:http://alice-ccdb.cern.ch
Info in <TJAlienFile::Open>: Accessing file /alice/data/CCDB/CTP/Calib/Scalers/06/14558/03872938-0a8c-11ee-b97e-200114580202 in SE <ALICE::CERN::OCDB>
[INFO] ccdb reads http://alice-ccdb.cern.ch/CTP/Calib/Scalers/1654304935803/03872938-0a8c-11ee-b97e-200114580202 for 1654305295803 (retrieve, agent_id: ctpo2cs8.cern.ch-1709368579-dtRBrX), 
[INFO] Init CcdApi with UserAgentID: ctpo2cs8.cern.ch-1709368579-dtRBrX, Host: http://alice-ccdb.cern.ch
URL orbit reset:http://alice-ccdb.cern.ch
Orbit reset: 1654239395833
517677 First orbit scalers: 0
 startTime run                 = 1654305235803
 startTimeRun_accordingToOrbit = 1654239395833
 FATAL : run 517677 has start time from run and start time from orbit that differ too much (by 65839 secs)
run: 517678
URL scalers:http://alice-ccdb.cern.ch
Info in <TJAlienFile::Open>: Accessing file /alice/data/CCDB/CTP/Calib/Scalers/13/39255/03b96fe5-0a8c-11ee-b97e-200114580202 in SE <ALICE::CERN::OCDB>
[INFO] ccdb reads http://alice-ccdb.cern.ch/CTP/Calib/Scalers/1654307271284/03b96fe5-0a8c-11ee-b97e-200114580202 for 1654307631284 (retrieve, agent_id: ctpo2cs8.cern.ch-1709368579-dtRBrX), 
[INFO] Init CcdApi with UserAgentID: ctpo2cs8.cern.ch-1709368579-dtRBrX, Host: http://alice-ccdb.cern.ch
URL orbit reset:http://alice-ccdb.cern.ch
Orbit reset: 1654239395833
517678 First orbit scalers: 0
 startTime run                 = 1654307571284
 startTimeRun_accordingToOrbit = 1654239395833
 FATAL : run 517678 has start time from run and start time from orbit that differ too much (by 68175 secs)
run: 517679
URL scalers:http://alice-ccdb.cern.ch
Info in <TJAlienFile::Open>: Accessing file /alice/data/CCDB/CTP/Calib/Scalers/01/08417/03ebcfb1-0a8c-11ee-b97e-200114580202 in SE <ALICE::CERN::OCDB>
[INFO] ccdb reads http://alice-ccdb.cern.ch/CTP/Calib/Scalers/1654310134619/03ebcfb1-0a8c-11ee-b97e-200114580202 for 1654310494619 (retrieve, agent_id: ctpo2cs8.cern.ch-1709368579-dtRBrX), 
[INFO] Init CcdApi with UserAgentID: ctpo2cs8.cern.ch-1709368579-dtRBrX, Host: http://alice-ccdb.cern.ch
URL orbit reset:http://alice-ccdb.cern.ch
Orbit reset: 1654239395833
517679 First orbit scalers: 0
 startTime run                 = 1654310434619
 startTimeRun_accordingToOrbit = 1654239395833
 FATAL : run 517679 has start time from run and start time from orbit that differ too much (by 71038 secs)
run: 517685
URL scalers:http://alice-ccdb.cern.ch
Info in <TJAlienFile::Open>: Accessing file /alice/data/CCDB/CTP/Calib/Scalers/11/41293/04236d98-0a8c-11ee-b97e-200114580202 in SE <ALICE::CERN::OCDB>
[INFO] ccdb reads http://alice-ccdb.cern.ch/CTP/Calib/Scalers/1654314909784/04236d98-0a8c-11ee-b97e-200114580202 for 1654315269784 (retrieve, agent_id: ctpo2cs8.cern.ch-1709368579-dtRBrX), 
[INFO] Init CcdApi with UserAgentID: ctpo2cs8.cern.ch-1709368579-dtRBrX, Host: http://alice-ccdb.cern.ch
URL orbit reset:http://alice-ccdb.cern.ch
Orbit reset: 1654239395833
517685 First orbit scalers: 0
 startTime run                 = 1654315209784
 startTimeRun_accordingToOrbit = 1654239395833
 FATAL : run 517685 has start time from run and start time from orbit that differ too much (by 75813 secs)
run: 517690
URL scalers:http://alice-ccdb.cern.ch
Info in <TJAlienFile::Open>: Accessing file /alice/data/CCDB/CTP/Calib/Scalers/00/37427/04560838-0a8c-11ee-b97e-200114580202 in SE <ALICE::CERN::OCDB>
[INFO] ccdb reads http://alice-ccdb.cern.ch/CTP/Calib/Scalers/1654325247261/04560838-0a8c-11ee-b97e-200114580202 for 1654325607261 (retrieve, agent_id: ctpo2cs8.cern.ch-1709368579-dtRBrX), 
[INFO] Init CcdApi with UserAgentID: ctpo2cs8.cern.ch-1709368579-dtRBrX, Host: http://alice-ccdb.cern.ch
URL orbit reset:http://alice-ccdb.cern.ch
Orbit reset: 1654239395833
517690 First orbit scalers: 0
 startTime run                 = 1654325547261
 startTimeRun_accordingToOrbit = 1654239395833
 FATAL : run 517690 has start time from run and start time from orbit that differ too much (by 86151 secs)
run: 517693
URL scalers:http://alice-ccdb.cern.ch
Info in <TJAlienFile::Open>: Accessing file /alice/data/CCDB/CTP/Calib/Scalers/12/57742/04894c36-0a8c-11ee-b97e-200114580202 in SE <ALICE::CERN::OCDB>
[INFO] ccdb reads http://alice-ccdb.cern.ch/CTP/Calib/Scalers/1654332957336/04894c36-0a8c-11ee-b97e-200114580202 for 1654333317336 (retrieve, agent_id: ctpo2cs8.cern.ch-1709368579-dtRBrX), 
[INFO] Init CcdApi with UserAgentID: ctpo2cs8.cern.ch-1709368579-dtRBrX, Host: http://alice-ccdb.cern.ch
URL orbit reset:http://alice-ccdb.cern.ch
Orbit reset: 1654239395833
517693 First orbit scalers: 0
 startTime run                 = 1654333257336
 startTimeRun_accordingToOrbit = 1654239395833
 FATAL : run 517693 has start time from run and start time from orbit that differ too much (by 93861 secs)
run: 517737
URL scalers:http://alice-ccdb.cern.ch
Info in <TJAlienFile::Open>: Accessing file /alice/data/CCDB/CTP/Calib/Scalers/10/27173/04baef51-0a8c-11ee-b97e-200114580202 in SE <ALICE::CERN::OCDB>
[INFO] ccdb reads http://alice-ccdb.cern.ch/CTP/Calib/Scalers/1654410544752/04baef51-0a8c-11ee-b97e-200114580202 for 1654410904752 (retrieve, agent_id: ctpo2cs8.cern.ch-1709368579-dtRBrX), 
[INFO] Init CcdApi with UserAgentID: ctpo2cs8.cern.ch-1709368579-dtRBrX, Host: http://alice-ccdb.cern.ch
URL orbit reset:http://alice-ccdb.cern.ch
Orbit reset: 1654239395833
517737 First orbit scalers: 0
 startTime run                 = 1654410844752
 startTimeRun_accordingToOrbit = 1654239395833
 FATAL : run 517737 has start time from run and start time from orbit that differ too much (by 171448 secs)
run: 517748
URL scalers:http://alice-ccdb.cern.ch
Info in <TJAlienFile::Open>: Accessing file /alice/data/CCDB/CTP/Calib/Scalers/04/24099/04ec7bf7-0a8c-11ee-b97e-200114580202 in SE <ALICE::CERN::OCDB>
[INFO] ccdb reads http://alice-ccdb.cern.ch/CTP/Calib/Scalers/1654415310687/04ec7bf7-0a8c-11ee-b97e-200114580202 for 1654415670687 (retrieve, agent_id: ctpo2cs8.cern.ch-1709368579-dtRBrX), 
[INFO] Init CcdApi with UserAgentID: ctpo2cs8.cern.ch-1709368579-dtRBrX, Host: http://alice-ccdb.cern.ch
URL orbit reset:http://alice-ccdb.cern.ch
Orbit reset: 1654239395833
517748 First orbit scalers: 0
 startTime run                 = 1654415610687
 startTimeRun_accordingToOrbit = 1654239395833
 FATAL : run 517748 has start time from run and start time from orbit that differ too much (by 176214 secs)
run: 517751
URL scalers:http://alice-ccdb.cern.ch
Info in <TJAlienFile::Open>: Accessing file /alice/data/CCDB/CTP/Calib/Scalers/01/45395/0521e616-0a8c-11ee-b97e-200114580202 in SE <ALICE::CERN::OCDB>
[INFO] ccdb reads http://alice-ccdb.cern.ch/CTP/Calib/Scalers/1654421342297/0521e616-0a8c-11ee-b97e-200114580202 for 1654421702297 (retrieve, agent_id: ctpo2cs8.cern.ch-1709368579-dtRBrX), 
[INFO] Init CcdApi with UserAgentID: ctpo2cs8.cern.ch-1709368579-dtRBrX, Host: http://alice-ccdb.cern.ch
URL orbit reset:http://alice-ccdb.cern.ch
Orbit reset: 1654239395833
517751 First orbit scalers: 0
 startTime run                 = 1654421642297
 startTimeRun_accordingToOrbit = 1654239395833
 FATAL : run 517751 has start time from run and start time from orbit that differ too much (by 182246 secs)
run: 517753
URL scalers:http://alice-ccdb.cern.ch
Info in <TJAlienFile::Open>: Accessing file /alice/data/CCDB/CTP/Calib/Scalers/00/14054/05562fc5-0a8c-11ee-b97e-200114580202 in SE <ALICE::CERN::OCDB>
[INFO] ccdb reads http://alice-ccdb.cern.ch/CTP/Calib/Scalers/1654426547372/05562fc5-0a8c-11ee-b97e-200114580202 for 1654426907372 (retrieve, agent_id: ctpo2cs8.cern.ch-1709368579-dtRBrX), 
[INFO] Init CcdApi with UserAgentID: ctpo2cs8.cern.ch-1709368579-dtRBrX, Host: http://alice-ccdb.cern.ch
URL orbit reset:http://alice-ccdb.cern.ch
Orbit reset: 1654239395833
517753 First orbit scalers: 0
 startTime run                 = 1654426847372
 startTimeRun_accordingToOrbit = 1654239395833
 FATAL : run 517753 has start time from run and start time from orbit that differ too much (by 187451 secs)
run: 517758
URL scalers:http://alice-ccdb.cern.ch
Info in <TJAlienFile::Open>: Accessing file /alice/data/CCDB/CTP/Calib/Scalers/11/51830/05889438-0a8c-11ee-b97e-200114580202 in SE <ALICE::CERN::OCDB>
[INFO] ccdb reads http://alice-ccdb.cern.ch/CTP/Calib/Scalers/1654432642772/05889438-0a8c-11ee-b97e-200114580202 for 1654433002772 (retrieve, agent_id: ctpo2cs8.cern.ch-1709368579-dtRBrX), 
[INFO] Init CcdApi with UserAgentID: ctpo2cs8.cern.ch-1709368579-dtRBrX, Host: http://alice-ccdb.cern.ch
URL orbit reset:http://alice-ccdb.cern.ch
Orbit reset: 1654239395833
517758 First orbit scalers: 0
 startTime run                 = 1654432942772
 startTimeRun_accordingToOrbit = 1654239395833
 FATAL : run 517758 has start time from run and start time from orbit that differ too much (by 193546 secs)
run: 517767
URL scalers:http://alice-ccdb.cern.ch
Info in <TJAlienFile::Open>: Accessing file /alice/data/CCDB/CTP/Calib/Scalers/02/09960/05badc3e-0a8c-11ee-b97e-200114580202 in SE <ALICE::CERN::OCDB>
[INFO] ccdb reads http://alice-ccdb.cern.ch/CTP/Calib/Scalers/1654441298372/05badc3e-0a8c-11ee-b97e-200114580202 for 1654441658372 (retrieve, agent_id: ctpo2cs8.cern.ch-1709368579-dtRBrX), 
[INFO] Init CcdApi with UserAgentID: ctpo2cs8.cern.ch-1709368579-dtRBrX, Host: http://alice-ccdb.cern.ch
URL orbit reset:http://alice-ccdb.cern.ch
Orbit reset: 1654239395833
517767 First orbit scalers: 0
 startTime run                 = 1654441598372
 startTimeRun_accordingToOrbit = 1654239395833
 FATAL : run 517767 has start time from run and start time from orbit that differ too much (by 202202 secs)
run: 518541
URL scalers:http://alice-ccdb.cern.ch
Info in <TJAlienFile::Open>: Accessing file /alice/data/CCDB/CTP/Calib/Scalers/13/40540/12e3ccf4-0a8c-11ee-b97e-200114580202 in SE <ALICE::CERN::OCDB>
[INFO] ccdb reads http://alice-ccdb.cern.ch/CTP/Calib/Scalers/1655114711282/12e3ccf4-0a8c-11ee-b97e-200114580202 for 1655115071282 (retrieve, agent_id: ctpo2cs8.cern.ch-1709368579-dtRBrX), 
[INFO] Init CcdApi with UserAgentID: ctpo2cs8.cern.ch-1709368579-dtRBrX, Host: http://alice-ccdb.cern.ch
URL orbit reset:http://alice-ccdb.cern.ch
Info in <TJAlienFile::Open>: Accessing file /alice/data/CCDB/CTP/Calib/OrbitReset/15/44124/032bf51a-eb01-11ec-8000-0aa140641b9a in SE <ALICE::CERN::OCDB>
[INFO] ccdb reads http://alice-ccdb.cern.ch/CTP/Calib/OrbitReset/1655115011389/032bf51a-eb01-11ec-8000-0aa140641b9a for 1655115071282 (retrieve, agent_id: ctpo2cs8.cern.ch-1709368579-dtRBrX), 
Orbit reset: 1655115011388
518541 First orbit scalers: 0
 startTime run                 = 1655115011282
 startTimeRun_accordingToOrbit = 1655115011388
 INFO : run 518541 has start time from run and start time from orbit that differ (by 0 secs)
run: 518543
URL scalers:http://alice-ccdb.cern.ch
Info in <TJAlienFile::Open>: Accessing file /alice/data/CCDB/CTP/Calib/Scalers/03/32049/131a89f6-0a8c-11ee-b97e-200114580202 in SE <ALICE::CERN::OCDB>
[INFO] ccdb reads http://alice-ccdb.cern.ch/CTP/Calib/Scalers/1655117132263/131a89f6-0a8c-11ee-b97e-200114580202 for 1655117492263 (retrieve, agent_id: ctpo2cs8.cern.ch-1709368579-dtRBrX), 
[INFO] Init CcdApi with UserAgentID: ctpo2cs8.cern.ch-1709368579-dtRBrX, Host: http://alice-ccdb.cern.ch
URL orbit reset:http://alice-ccdb.cern.ch
Info in <TJAlienFile::Open>: Accessing file /alice/data/CCDB/CTP/Calib/OrbitReset/03/47228/a630cbd7-eb06-11ec-8000-0aa140641b9a in SE <ALICE::CERN::OCDB>
[INFO] ccdb reads http://alice-ccdb.cern.ch/CTP/Calib/OrbitReset/1655117432369/a630cbd7-eb06-11ec-8000-0aa140641b9a for 1655117492263 (retrieve, agent_id: ctpo2cs8.cern.ch-1709368579-dtRBrX), 
Orbit reset: 1655117432368
518543 First orbit scalers: 0
 startTime run                 = 1655117432263
 startTimeRun_accordingToOrbit = 1655117432368
 INFO : run 518543 has start time from run and start time from orbit that differ (by 0 secs)
run: 518546
URL scalers:http://alice-ccdb.cern.ch
Info in <TJAlienFile::Open>: Accessing file /alice/data/CCDB/CTP/Calib/Scalers/14/42083/134fb4ce-0a8c-11ee-b97e-200114580202 in SE <ALICE::CERN::OCDB>
[INFO] ccdb reads http://alice-ccdb.cern.ch/CTP/Calib/Scalers/1655119250704/134fb4ce-0a8c-11ee-b97e-200114580202 for 1655119610704 (retrieve, agent_id: ctpo2cs8.cern.ch-1709368579-dtRBrX), 
[INFO] Init CcdApi with UserAgentID: ctpo2cs8.cern.ch-1709368579-dtRBrX, Host: http://alice-ccdb.cern.ch
URL orbit reset:http://alice-ccdb.cern.ch
Info in <TJAlienFile::Open>: Accessing file /alice/data/CCDB/CTP/Calib/OrbitReset/12/36700/94e26a8d-eb0b-11ec-8000-0aa140641b9a in SE <ALICE::CERN::OCDB>
[INFO] ccdb reads http://alice-ccdb.cern.ch/CTP/Calib/OrbitReset/1655119550816/94e26a8d-eb0b-11ec-8000-0aa140641b9a for 1655119610704 (retrieve, agent_id: ctpo2cs8.cern.ch-1709368579-dtRBrX), 
Orbit reset: 1655119550815
518546 First orbit scalers: 0
 startTime run                 = 1655119550704
 startTimeRun_accordingToOrbit = 1655119550815
 INFO : run 518546 has start time from run and start time from orbit that differ (by 0 secs)
run: 518547
URL scalers:http://alice-ccdb.cern.ch
Info in <TJAlienFile::Open>: Accessing file /alice/data/CCDB/CTP/Calib/Scalers/07/57753/1381d4fc-0a8c-11ee-b97e-200114580202 in SE <ALICE::CERN::OCDB>
[INFO] ccdb reads http://alice-ccdb.cern.ch/CTP/Calib/Scalers/1655122224930/1381d4fc-0a8c-11ee-b97e-200114580202 for 1655122584930 (retrieve, agent_id: ctpo2cs8.cern.ch-1709368579-dtRBrX), 
[INFO] Init CcdApi with UserAgentID: ctpo2cs8.cern.ch-1709368579-dtRBrX, Host: http://alice-ccdb.cern.ch
URL orbit reset:http://alice-ccdb.cern.ch
Info in <TJAlienFile::Open>: Accessing file /alice/data/CCDB/CTP/Calib/OrbitReset/10/23302/81a84900-eb12-11ec-8000-0aa140641b9a in SE <ALICE::CERN::OCDB>
[INFO] ccdb reads http://alice-ccdb.cern.ch/CTP/Calib/OrbitReset/1655122525042/81a84900-eb12-11ec-8000-0aa140641b9a for 1655122584930 (retrieve, agent_id: ctpo2cs8.cern.ch-1709368579-dtRBrX), 
Orbit reset: 1655122525041
518547 First orbit scalers: 0
 startTime run                 = 1655122524930
 startTimeRun_accordingToOrbit = 1655122525041
 INFO : run 518547 has start time from run and start time from orbit that differ (by 0 secs)
run: 519041
URL scalers:http://alice-ccdb.cern.ch
Info in <TJAlienFile::Open>: Accessing file /alice/data/CCDB/CTP/Calib/Scalers/01/19709/e2acf169-1980-11ee-8d77-200114580202 in SE <ALICE::CERN::OCDB>
[INFO] ccdb reads http://alice-ccdb.cern.ch/CTP/Calib/Scalers/1655716369161/e2acf169-1980-11ee-8d77-200114580202 for 1655716609161 (retrieve, agent_id: ctpo2cs8.cern.ch-1709368579-dtRBrX), 
[INFO] Init CcdApi with UserAgentID: ctpo2cs8.cern.ch-1709368579-dtRBrX, Host: http://alice-ccdb.cern.ch
URL orbit reset:http://alice-ccdb.cern.ch
Info in <TJAlienFile::Open>: Accessing file /alice/data/CCDB/CTP/Calib/OrbitReset/13/16896/71de58b2-f064-11ec-8001-0aa140641b9a in SE <ALICE::CERN::OCDB>
[INFO] ccdb reads http://alice-ccdb.cern.ch/CTP/Calib/OrbitReset/1655707473099/71de58b2-f064-11ec-8001-0aa140641b9a for 1655716609161 (retrieve, agent_id: ctpo2cs8.cern.ch-1709368579-dtRBrX), 
Orbit reset: 1655707473098
519041 First orbit scalers: 4136565494
 startTime run                 = 1655716549161
 startTimeRun_accordingToOrbit = 1656075315514
 FATAL : run 519041 has start time from run and start time from orbit that differ too much (by 358766 secs)
run: 519043
URL scalers:http://alice-ccdb.cern.ch
Info in <TJAlienFile::Open>: Accessing file /alice/data/CCDB/CTP/Calib/Scalers/09/02498/e2e2e8cb-1980-11ee-8d77-200114580202 in SE <ALICE::CERN::OCDB>
[INFO] ccdb reads http://alice-ccdb.cern.ch/CTP/Calib/Scalers/1655718807842/e2e2e8cb-1980-11ee-8d77-200114580202 for 1655719047842 (retrieve, agent_id: ctpo2cs8.cern.ch-1709368579-dtRBrX), 
[INFO] Init CcdApi with UserAgentID: ctpo2cs8.cern.ch-1709368579-dtRBrX, Host: http://alice-ccdb.cern.ch
URL orbit reset:http://alice-ccdb.cern.ch
Orbit reset: 1655707473098
519043 First orbit scalers: 4163988955
 startTime run                 = 1655718987842
 startTimeRun_accordingToOrbit = 1656077754134
 FATAL : run 519043 has start time from run and start time from orbit that differ too much (by 358766 secs)
run: 519045
URL scalers:http://alice-ccdb.cern.ch
Info in <TJAlienFile::Open>: Accessing file /alice/data/CCDB/CTP/Calib/Scalers/09/48471/e312d471-1980-11ee-8d77-200114580202 in SE <ALICE::CERN::OCDB>
[INFO] ccdb reads http://alice-ccdb.cern.ch/CTP/Calib/Scalers/1655721304642/e312d471-1980-11ee-8d77-200114580202 for 1655721544642 (retrieve, agent_id: ctpo2cs8.cern.ch-1709368579-dtRBrX), 
[INFO] Init CcdApi with UserAgentID: ctpo2cs8.cern.ch-1709368579-dtRBrX, Host: http://alice-ccdb.cern.ch
URL orbit reset:http://alice-ccdb.cern.ch
Orbit reset: 1655707473098
519045 First orbit scalers: 4192078630
 startTime run                 = 1655721484642
 startTimeRun_accordingToOrbit = 1656080251997
 FATAL : run 519045 has start time from run and start time from orbit that differ too much (by 358767 secs)
run: 519497
URL scalers:http://alice-ccdb.cern.ch
Info in <TJAlienFile::Open>: Accessing file /alice/data/CCDB/CTP/Calib/Scalers/04/34877/e33f9e4a-1980-11ee-8d77-200114580202 in SE <ALICE::CERN::OCDB>
[INFO] ccdb reads http://alice-ccdb.cern.ch/CTP/Calib/Scalers/1656284361634/e33f9e4a-1980-11ee-8d77-200114580202 for 1656284601634 (retrieve, agent_id: ctpo2cs8.cern.ch-1709368579-dtRBrX), 
[INFO] Init CcdApi with UserAgentID: ctpo2cs8.cern.ch-1709368579-dtRBrX, Host: http://alice-ccdb.cern.ch
URL orbit reset:http://alice-ccdb.cern.ch
Info in <TJAlienFile::Open>: Accessing file /alice/data/CCDB/CTP/Calib/OrbitReset/05/54699/7ad927d4-f532-11ec-9d70-0aa140641b9a in SE <ALICE::CERN::OCDB>
[INFO] ccdb reads http://alice-ccdb.cern.ch/CTP/Calib/OrbitReset/1656235769195/7ad927d4-f532-11ec-9d70-0aa140641b9a for 1656284601634 (retrieve, agent_id: ctpo2cs8.cern.ch-1709368579-dtRBrX), 
Orbit reset: 1656235769194
519497 First orbit scalers: 1933946511
 startTime run                 = 1656284541634
 startTimeRun_accordingToOrbit = 1656407744606
 FATAL : run 519497 has start time from run and start time from orbit that differ too much (by 123202 secs)
run: 519498
URL scalers:http://alice-ccdb.cern.ch
Info in <TJAlienFile::Open>: Accessing file /alice/data/CCDB/CTP/Calib/Scalers/00/48767/e36fe6ce-1980-11ee-8d77-200114580202 in SE <ALICE::CERN::OCDB>
[INFO] ccdb reads http://alice-ccdb.cern.ch/CTP/Calib/Scalers/1656285412308/e36fe6ce-1980-11ee-8d77-200114580202 for 1656285652308 (retrieve, agent_id: ctpo2cs8.cern.ch-1709368579-dtRBrX), 
[INFO] Init CcdApi with UserAgentID: ctpo2cs8.cern.ch-1709368579-dtRBrX, Host: http://alice-ccdb.cern.ch
URL orbit reset:http://alice-ccdb.cern.ch
Orbit reset: 1656235769194
519498 First orbit scalers: 1945762845
 startTime run                 = 1656285592308
 startTimeRun_accordingToOrbit = 1656408795369
 FATAL : run 519498 has start time from run and start time from orbit that differ too much (by 123203 secs)
run: 519499
URL scalers:http://alice-ccdb.cern.ch
Info in <TJAlienFile::Open>: Accessing file /alice/data/CCDB/CTP/Calib/Scalers/08/55698/e3a0cbbf-1980-11ee-8d77-200114580202 in SE <ALICE::CERN::OCDB>
[INFO] ccdb reads http://alice-ccdb.cern.ch/CTP/Calib/Scalers/1656286193953/e3a0cbbf-1980-11ee-8d77-200114580202 for 1656286433953 (retrieve, agent_id: ctpo2cs8.cern.ch-1709368579-dtRBrX), 
[INFO] Init CcdApi with UserAgentID: ctpo2cs8.cern.ch-1709368579-dtRBrX, Host: http://alice-ccdb.cern.ch
URL orbit reset:http://alice-ccdb.cern.ch
Orbit reset: 1656235769194
519499 First orbit scalers: 1954552400
 startTime run                 = 1656286373953
 startTimeRun_accordingToOrbit = 1656409576976
 FATAL : run 519499 has start time from run and start time from orbit that differ too much (by 123203 secs)
run: 519502
URL scalers:http://alice-ccdb.cern.ch
Info in <TJAlienFile::Open>: Accessing file /alice/data/CCDB/CTP/Calib/Scalers/01/61104/e3cf7eb9-1980-11ee-8d77-200114580202 in SE <ALICE::CERN::OCDB>
[INFO] ccdb reads http://alice-ccdb.cern.ch/CTP/Calib/Scalers/1656289046367/e3cf7eb9-1980-11ee-8d77-200114580202 for 1656289286367 (retrieve, agent_id: ctpo2cs8.cern.ch-1709368579-dtRBrX), 
[INFO] Init CcdApi with UserAgentID: ctpo2cs8.cern.ch-1709368579-dtRBrX, Host: http://alice-ccdb.cern.ch
URL orbit reset:http://alice-ccdb.cern.ch
Orbit reset: 1656235769194
519502 First orbit scalers: 1986629038
 startTime run                 = 1656289226367
 startTimeRun_accordingToOrbit = 1656412429379
 FATAL : run 519502 has start time from run and start time from orbit that differ too much (by 123203 secs)
run: 519503
URL scalers:http://alice-ccdb.cern.ch
Info in <TJAlienFile::Open>: Accessing file /alice/data/CCDB/CTP/Calib/Scalers/07/33820/e4058165-1980-11ee-8d77-200114580202 in SE <ALICE::CERN::OCDB>
[INFO] ccdb reads http://alice-ccdb.cern.ch/CTP/Calib/Scalers/1656291424276/e4058165-1980-11ee-8d77-200114580202 for 1656291664276 (retrieve, agent_id: ctpo2cs8.cern.ch-1709368579-dtRBrX), 
[INFO] Init CcdApi with UserAgentID: ctpo2cs8.cern.ch-1709368579-dtRBrX, Host: http://alice-ccdb.cern.ch
URL orbit reset:http://alice-ccdb.cern.ch
Orbit reset: 1656235769194
519503 First orbit scalers: 2013363740
 startTime run                 = 1656291604276
 startTimeRun_accordingToOrbit = 1656414806751
 FATAL : run 519503 has start time from run and start time from orbit that differ too much (by 123202 secs)
run: 519504
URL scalers:http://alice-ccdb.cern.ch
Info in <TJAlienFile::Open>: Accessing file /alice/data/CCDB/CTP/Calib/Scalers/02/41541/e434883a-1980-11ee-8d77-200114580202 in SE <ALICE::CERN::OCDB>
[INFO] ccdb reads http://alice-ccdb.cern.ch/CTP/Calib/Scalers/1656292114617/e434883a-1980-11ee-8d77-200114580202 for 1656292354617 (retrieve, agent_id: ctpo2cs8.cern.ch-1709368579-dtRBrX), 
[INFO] Init CcdApi with UserAgentID: ctpo2cs8.cern.ch-1709368579-dtRBrX, Host: http://alice-ccdb.cern.ch
URL orbit reset:http://alice-ccdb.cern.ch
Orbit reset: 1656235769194
519504 First orbit scalers: 2021129183
 startTime run                 = 1656292294617
 startTimeRun_accordingToOrbit = 1656415497290
 FATAL : run 519504 has start time from run and start time from orbit that differ too much (by 123202 secs)
run: 519506
URL scalers:http://alice-ccdb.cern.ch
Info in <TJAlienFile::Open>: Accessing file /alice/data/CCDB/CTP/Calib/Scalers/10/32040/e46569f3-1980-11ee-8d77-200114580202 in SE <ALICE::CERN::OCDB>
[INFO] ccdb reads http://alice-ccdb.cern.ch/CTP/Calib/Scalers/1656295834798/e46569f3-1980-11ee-8d77-200114580202 for 1656296074798 (retrieve, agent_id: ctpo2cs8.cern.ch-1709368579-dtRBrX), 
[INFO] Init CcdApi with UserAgentID: ctpo2cs8.cern.ch-1709368579-dtRBrX, Host: http://alice-ccdb.cern.ch
URL orbit reset:http://alice-ccdb.cern.ch
Orbit reset: 1656235769194
519506 First orbit scalers: 2062968419
 startTime run                 = 1656296014798
 startTimeRun_accordingToOrbit = 1656419217827
 FATAL : run 519506 has start time from run and start time from orbit that differ too much (by 123203 secs)
run: 519507
URL scalers:http://alice-ccdb.cern.ch
Info in <TJAlienFile::Open>: Accessing file /alice/data/CCDB/CTP/Calib/Scalers/10/31269/e493768b-1980-11ee-8d77-200114580202 in SE <ALICE::CERN::OCDB>
[INFO] ccdb reads http://alice-ccdb.cern.ch/CTP/Calib/Scalers/1656298964326/e493768b-1980-11ee-8d77-200114580202 for 1656299204326 (retrieve, agent_id: ctpo2cs8.cern.ch-1709368579-dtRBrX), 
[INFO] Init CcdApi with UserAgentID: ctpo2cs8.cern.ch-1709368579-dtRBrX, Host: http://alice-ccdb.cern.ch
URL orbit reset:http://alice-ccdb.cern.ch
Orbit reset: 1656235769194
519507 First orbit scalers: 2098160762
 startTime run                 = 1656299144326
 startTimeRun_accordingToOrbit = 1656422347292
 FATAL : run 519507 has start time from run and start time from orbit that differ too much (by 123202 secs)
run: 519903
URL scalers:http://alice-ccdb.cern.ch
Info in <TJAlienFile::Open>: Accessing file /alice/data/CCDB/CTP/Calib/Scalers/00/61344/4c233bb2-e9be-11ed-9692-200114580202 in SE <ALICE::CERN::OCDB>
[INFO] ccdb reads http://alice-ccdb.cern.ch/CTP/Calib/Scalers/1656658300799/4c233bb2-e9be-11ed-9692-200114580202 for 1656658480799 (retrieve, agent_id: ctpo2cs8.cern.ch-1709368579-dtRBrX), 
[INFO] Init CcdApi with UserAgentID: ctpo2cs8.cern.ch-1709368579-dtRBrX, Host: http://alice-ccdb.cern.ch
URL orbit reset:http://alice-ccdb.cern.ch
Info in <TJAlienFile::Open>: Accessing file /alice/data/CCDB/CTP/Calib/OrbitReset/13/60120/91dd7bca-f7a6-11ec-9d70-0aa140641b9a in SE <ALICE::CERN::OCDB>
[INFO] ccdb reads http://alice-ccdb.cern.ch/CTP/Calib/OrbitReset/1656505531761/91dd7bca-f7a6-11ec-9d70-0aa140641b9a for 1656658480799 (retrieve, agent_id: ctpo2cs8.cern.ch-1709368579-dtRBrX), 
Orbit reset: 1656505531760
519903 First orbit scalers: 1843395784
 startTime run                 = 1656658420799
 startTimeRun_accordingToOrbit = 1656669454985
 FATAL : run 519903 has start time from run and start time from orbit that differ too much (by 11034 secs)
run: 519904
URL scalers:http://alice-ccdb.cern.ch
Info in <TJAlienFile::Open>: Accessing file /alice/data/CCDB/CTP/Calib/Scalers/11/05841/4c53e71d-e9be-11ed-9692-200114580202 in SE <ALICE::CERN::OCDB>
[INFO] ccdb reads http://alice-ccdb.cern.ch/CTP/Calib/Scalers/1656659661129/4c53e71d-e9be-11ed-9692-200114580202 for 1656659841129 (retrieve, agent_id: ctpo2cs8.cern.ch-1709368579-dtRBrX), 
[INFO] Init CcdApi with UserAgentID: ctpo2cs8.cern.ch-1709368579-dtRBrX, Host: http://alice-ccdb.cern.ch
URL orbit reset:http://alice-ccdb.cern.ch
Orbit reset: 1656505531760
519904 First orbit scalers: 1858694244
 startTime run                 = 1656659781129
 startTimeRun_accordingToOrbit = 1656670815395
 FATAL : run 519904 has start time from run and start time from orbit that differ too much (by 11034 secs)
run: 519905
URL scalers:http://alice-ccdb.cern.ch
Info in <TJAlienFile::Open>: Accessing file /alice/data/CCDB/CTP/Calib/Scalers/08/51843/4c932d2b-e9be-11ed-9692-200114580202 in SE <ALICE::CERN::OCDB>
[INFO] ccdb reads http://alice-ccdb.cern.ch/CTP/Calib/Scalers/1656661259006/4c932d2b-e9be-11ed-9692-200114580202 for 1656661439006 (retrieve, agent_id: ctpo2cs8.cern.ch-1709368579-dtRBrX), 
[INFO] Init CcdApi with UserAgentID: ctpo2cs8.cern.ch-1709368579-dtRBrX, Host: http://alice-ccdb.cern.ch
URL orbit reset:http://alice-ccdb.cern.ch
Orbit reset: 1656505531760
519905 First orbit scalers: 1876661815
 startTime run                 = 1656661379006
 startTimeRun_accordingToOrbit = 1656672413154
 FATAL : run 519905 has start time from run and start time from orbit that differ too much (by 11034 secs)
run: 519906
URL scalers:http://alice-ccdb.cern.ch
Info in <TJAlienFile::Open>: Accessing file /alice/data/CCDB/CTP/Calib/Scalers/02/11520/270deaa0-f924-11ec-9d70-0aa140651b9a in SE <ALICE::CERN::OCDB>
Error in <TNetXNGFile::Open>: [ERROR] Server responded with an error: [3011] Unable to open file /eos/alice/cond/13/17442/270f6324-f924-11ec-9d70-b47af1a61b9a; No such file or directory

Info in <TJAlienFile::Open>: Accessing file /alice/data/CCDB/CTP/Calib/Scalers/02/11520/270deaa0-f924-11ec-9d70-0aa140651b9a in SE <ALICE::CCIN2P3::SE>
[INFO] ccdb reads http://alice-ccdb.cern.ch/CTP/Calib/Scalers/1656668295174/270deaa0-f924-11ec-9d70-0aa140651b9a for 1656668955017 (retrieve, agent_id: ctpo2cs8.cern.ch-1709368579-dtRBrX), 
[INFO] Init CcdApi with UserAgentID: ctpo2cs8.cern.ch-1709368579-dtRBrX, Host: http://alice-ccdb.cern.ch
URL orbit reset:http://alice-ccdb.cern.ch
Orbit reset: 1656505531760
519906 First orbit scalers: 1961162081
 startTime run                 = 1656668895017
 startTimeRun_accordingToOrbit = 1656679927306
 FATAL : run 519906 has start time from run and start time from orbit that differ too much (by 11032 secs)
