   ------------------------------------------------------------------
  | Welcome to ROOT 6.30/01                        https://root.cern |
  | (c) 1995-2023, The ROOT Team; conception: R. Brun, F. Rademakers |
  | Built for linuxx8664gcc on Feb 12 2024, 10:07:08                 |
  | From tags/v6-30-01-alice2@v6-25-02-6400-g526782cfe8              |
  | With c++ (GCC) 12.2.0                                            |
  | Try '.help'/'.?', '.demo', '.license', '.credits', '.quit'/'.q'  |
   ------------------------------------------------------------------


Processing checkFirstOrbit.C...
[INFO] Init CcdApi with UserAgentID: ctpo2cs8.cern.ch-1709370750-TFyb3P, Host: http://alice-ccdb.cern.ch/
run: 520259
[INFO] Init CcdApi with UserAgentID: ctpo2cs8.cern.ch-1709370750-TFyb3P, Host: http://ccdb-test.cern.ch:8080
URL scalers:http://ccdb-test.cern.ch:8080
[INFO] ccdb reads http://ccdb-test.cern.ch:8080/CTP/Calib/Scalers/1657153587859/4fcb4bb8-d871-11ee-bc97-c0a80209250c for 1657153767859 (retrieve, agent_id: ctpo2cs8.cern.ch-1709370750-TFyb3P), 
[INFO] Init CcdApi with UserAgentID: ctpo2cs8.cern.ch-1709370750-TFyb3P, Host: http://alice-ccdb.cern.ch
URL orbit reset:http://alice-ccdb.cern.ch
Info in <TJAlienConnectionManager>: Opening connection to JCentral. Please wait
Info in <TJAlienConnectionManager>: Opening connection to 128.142.249.32
Info in <TJAlienConnectionManager>: Successfully connected to 128.142.249.32
Info in <TJAlienFile::Open>: Accessing file /alice/data/CCDB/CTP/Calib/OrbitReset/05/44451/f1d7f1be-fd89-11ec-9d70-0aa140641b9a in SE <ALICE::CERN::OCDB>
[INFO] ccdb reads http://alice-ccdb.cern.ch/CTP/Calib/OrbitReset/1657152944347/f1d7f1be-fd89-11ec-9d70-0aa140641b9a for 1657153767859 (retrieve, agent_id: ctpo2cs8.cern.ch-1709370750-TFyb3P), 
Orbit reset: 1657152944346
520259 First orbit scalers: 8587657
 startTime run                 = 1657153707859
 startTimeRun_accordingToOrbit = 1657153707999
 INFO : run 520259 has start time from run and start time from orbit that differ (by 0 secs)
run: 520294
[INFO] Init CcdApi with UserAgentID: ctpo2cs8.cern.ch-1709370750-TFyb3P, Host: http://ccdb-test.cern.ch:8080
URL scalers:http://ccdb-test.cern.ch:8080
[INFO] ccdb reads http://ccdb-test.cern.ch:8080/CTP/Calib/Scalers/1657180930028/51444a20-d871-11ee-bc97-c0a80209250c for 1657181642013 (retrieve, agent_id: ctpo2cs8.cern.ch-1709370750-TFyb3P), 
[INFO] Init CcdApi with UserAgentID: ctpo2cs8.cern.ch-1709370750-TFyb3P, Host: http://alice-ccdb.cern.ch
URL orbit reset:http://alice-ccdb.cern.ch
Orbit reset: 1657152944346
520294 First orbit scalers: 322044239
 startTime run                 = 1657181582013
 startTimeRun_accordingToOrbit = 1657181581999
 INFO : run 520294 has start time from run and start time from orbit that differ (by 0 secs)
run: 520471
[INFO] Init CcdApi with UserAgentID: ctpo2cs8.cern.ch-1709370750-TFyb3P, Host: http://ccdb-test.cern.ch:8080
URL scalers:http://ccdb-test.cern.ch:8080
[INFO] ccdb reads http://ccdb-test.cern.ch:8080/CTP/Calib/Scalers/1657456270361/5281dcec-d871-11ee-bc97-c0a80209250c for 1657456930199 (retrieve, agent_id: ctpo2cs8.cern.ch-1709370750-TFyb3P), 
[INFO] Init CcdApi with UserAgentID: ctpo2cs8.cern.ch-1709370750-TFyb3P, Host: http://alice-ccdb.cern.ch
URL orbit reset:http://alice-ccdb.cern.ch
Info in <TJAlienFile::Open>: Accessing file /alice/data/CCDB/CTP/Calib/OrbitReset/02/31325/54d7055e-ffc8-11ec-9d70-0aa140641b9a in SE <ALICE::CERN::OCDB>
[INFO] ccdb reads http://alice-ccdb.cern.ch/CTP/Calib/OrbitReset/1657399641561/54d7055e-ffc8-11ec-9d70-0aa140641b9a for 1657456930199 (retrieve, agent_id: ctpo2cs8.cern.ch-1709370750-TFyb3P), 
Orbit reset: 1657399641560
520471 First orbit scalers: 644157437
 startTime run                 = 1657456870199
 startTimeRun_accordingToOrbit = 1657456922999
 INFO : run 520471 has start time from run and start time from orbit that differ (by 52 secs)
run: 520472
[INFO] Init CcdApi with UserAgentID: ctpo2cs8.cern.ch-1709370750-TFyb3P, Host: http://ccdb-test.cern.ch:8080
URL scalers:http://ccdb-test.cern.ch:8080
[INFO] ccdb reads http://ccdb-test.cern.ch:8080/CTP/Calib/Scalers/1657457849995/53d6c531-d871-11ee-bc97-c0a80209250c for 1657458509840 (retrieve, agent_id: ctpo2cs8.cern.ch-1709370750-TFyb3P), 
[INFO] Init CcdApi with UserAgentID: ctpo2cs8.cern.ch-1709370750-TFyb3P, Host: http://alice-ccdb.cern.ch
URL orbit reset:http://alice-ccdb.cern.ch
Orbit reset: 1657399641560
520472 First orbit scalers: 661902808
 startTime run                 = 1657458449840
 startTimeRun_accordingToOrbit = 1657458500999
 INFO : run 520472 has start time from run and start time from orbit that differ (by 51 secs)
run: 520473
[INFO] Init CcdApi with UserAgentID: ctpo2cs8.cern.ch-1709370750-TFyb3P, Host: http://ccdb-test.cern.ch:8080
URL scalers:http://ccdb-test.cern.ch:8080
[INFO] ccdb reads http://ccdb-test.cern.ch:8080/CTP/Calib/Scalers/1657463965287/55390e7c-d871-11ee-bc97-c0a80209250c for 1657464625193 (retrieve, agent_id: ctpo2cs8.cern.ch-1709370750-TFyb3P), 
[INFO] Init CcdApi with UserAgentID: ctpo2cs8.cern.ch-1709370750-TFyb3P, Host: http://alice-ccdb.cern.ch
URL orbit reset:http://alice-ccdb.cern.ch
Orbit reset: 1657399641560
520473 First orbit scalers: 730309079
 startTime run                 = 1657464565193
 startTimeRun_accordingToOrbit = 1657464583999
 INFO : run 520473 has start time from run and start time from orbit that differ (by 18 secs)
run: 517619
[INFO] Init CcdApi with UserAgentID: ctpo2cs8.cern.ch-1709370750-TFyb3P, Host: http://ccdb-test.cern.ch:8080
URL scalers:http://ccdb-test.cern.ch:8080
[INFO] ccdb reads http://ccdb-test.cern.ch:8080/CTP/Calib/Scalers/1654244894758/5692facc-d871-11ee-bc97-c0a80209250c for 1654245254758 (retrieve, agent_id: ctpo2cs8.cern.ch-1709370750-TFyb3P), 
[INFO] Init CcdApi with UserAgentID: ctpo2cs8.cern.ch-1709370750-TFyb3P, Host: http://alice-ccdb.cern.ch
URL orbit reset:http://alice-ccdb.cern.ch
Info in <TJAlienFile::Open>: Accessing file /alice/data/CCDB/CTP/Calib/OrbitReset/08/12536/4fa247de-e30a-11ec-8002-0aa140641b9a in SE <ALICE::CERN::EOS>
[INFO] ccdb reads http://alice-ccdb.cern.ch/CTP/Calib/OrbitReset/1654239395834/4fa247de-e30a-11ec-8002-0aa140641b9a for 1654245254758 (retrieve, agent_id: ctpo2cs8.cern.ch-1709370750-TFyb3P), 
Orbit reset: 1654239395833
517619 First orbit scalers: 1083877576
 startTime run                 = 1654245194758
 startTimeRun_accordingToOrbit = 1654335779208
 FATAL : run 517619 has start time from run and start time from orbit that differ too much (by 90584 secs)
run: 517620
[INFO] Init CcdApi with UserAgentID: ctpo2cs8.cern.ch-1709370750-TFyb3P, Host: http://ccdb-test.cern.ch:8080
URL scalers:http://ccdb-test.cern.ch:8080
[INFO] ccdb reads http://ccdb-test.cern.ch:8080/CTP/Calib/Scalers/1654246457790/58470a04-d871-11ee-bc97-c0a80209250c for 1654246817790 (retrieve, agent_id: ctpo2cs8.cern.ch-1709370750-TFyb3P), 
[INFO] Init CcdApi with UserAgentID: ctpo2cs8.cern.ch-1709370750-TFyb3P, Host: http://alice-ccdb.cern.ch
URL orbit reset:http://alice-ccdb.cern.ch
Orbit reset: 1654239395833
517620 First orbit scalers: 1481057556
 startTime run                 = 1654246757790
 startTimeRun_accordingToOrbit = 1654371098278
 FATAL : run 517620 has start time from run and start time from orbit that differ too much (by 124340 secs)
run: 517623
[INFO] Init CcdApi with UserAgentID: ctpo2cs8.cern.ch-1709370750-TFyb3P, Host: http://ccdb-test.cern.ch:8080
URL scalers:http://ccdb-test.cern.ch:8080
[INFO] ccdb reads http://ccdb-test.cern.ch:8080/CTP/Calib/Scalers/1654253036478/59b9b270-d871-11ee-bc97-c0a80209250c for 1654253396478 (retrieve, agent_id: ctpo2cs8.cern.ch-1709370750-TFyb3P), 
[INFO] Init CcdApi with UserAgentID: ctpo2cs8.cern.ch-1709370750-TFyb3P, Host: http://alice-ccdb.cern.ch
URL orbit reset:http://alice-ccdb.cern.ch
Orbit reset: 1654239395833
517623 First orbit scalers: 2447134984
 startTime run                 = 1654253336478
 startTimeRun_accordingToOrbit = 1654457006323
 FATAL : run 517623 has start time from run and start time from orbit that differ too much (by 203669 secs)
run: 517677
[INFO] Init CcdApi with UserAgentID: ctpo2cs8.cern.ch-1709370750-TFyb3P, Host: http://ccdb-test.cern.ch:8080
URL scalers:http://ccdb-test.cern.ch:8080
[INFO] ccdb reads http://ccdb-test.cern.ch:8080/CTP/Calib/Scalers/1654304935803/5b005ddd-d871-11ee-bc97-c0a80209250c for 1654305295803 (retrieve, agent_id: ctpo2cs8.cern.ch-1709370750-TFyb3P), 
[INFO] Init CcdApi with UserAgentID: ctpo2cs8.cern.ch-1709370750-TFyb3P, Host: http://alice-ccdb.cern.ch
URL orbit reset:http://alice-ccdb.cern.ch
Orbit reset: 1654239395833
517677 First orbit scalers: 1964539168
 startTime run                 = 1654305235803
 startTimeRun_accordingToOrbit = 1654414091685
 FATAL : run 517677 has start time from run and start time from orbit that differ too much (by 108855 secs)
run: 517678
[INFO] Init CcdApi with UserAgentID: ctpo2cs8.cern.ch-1709370750-TFyb3P, Host: http://ccdb-test.cern.ch:8080
URL scalers:http://ccdb-test.cern.ch:8080
[INFO] ccdb reads http://ccdb-test.cern.ch:8080/CTP/Calib/Scalers/1654307271284/5c3ccffe-d871-11ee-bc97-c0a80209250c for 1654307631284 (retrieve, agent_id: ctpo2cs8.cern.ch-1709370750-TFyb3P), 
[INFO] Init CcdApi with UserAgentID: ctpo2cs8.cern.ch-1709370750-TFyb3P, Host: http://alice-ccdb.cern.ch
URL orbit reset:http://alice-ccdb.cern.ch
Orbit reset: 1654239395833
517678 First orbit scalers: 2458346348
 startTime run                 = 1654307571284
 startTimeRun_accordingToOrbit = 1654458003289
 FATAL : run 517678 has start time from run and start time from orbit that differ too much (by 150432 secs)
run: 517679
[INFO] Init CcdApi with UserAgentID: ctpo2cs8.cern.ch-1709370750-TFyb3P, Host: http://ccdb-test.cern.ch:8080
URL scalers:http://ccdb-test.cern.ch:8080
[INFO] ccdb reads http://ccdb-test.cern.ch:8080/CTP/Calib/Scalers/1654310134619/5d815d7a-d871-11ee-bc97-c0a80209250c for 1654310494619 (retrieve, agent_id: ctpo2cs8.cern.ch-1709370750-TFyb3P), 
[INFO] Init CcdApi with UserAgentID: ctpo2cs8.cern.ch-1709370750-TFyb3P, Host: http://alice-ccdb.cern.ch
URL orbit reset:http://alice-ccdb.cern.ch
Orbit reset: 1654239395833
517679 First orbit scalers: 298191908
 startTime run                 = 1654310434619
 startTimeRun_accordingToOrbit = 1654265912428
 FATAL : run 517679 has start time from run and start time from orbit that differ too much (by 44522 secs)
run: 517685
[INFO] Init CcdApi with UserAgentID: ctpo2cs8.cern.ch-1709370750-TFyb3P, Host: http://ccdb-test.cern.ch:8080
URL scalers:http://ccdb-test.cern.ch:8080
[INFO] ccdb reads http://ccdb-test.cern.ch:8080/CTP/Calib/Scalers/1654314909784/5ecf1372-d871-11ee-bc97-c0a80209250c for 1654315269784 (retrieve, agent_id: ctpo2cs8.cern.ch-1709370750-TFyb3P), 
[INFO] Init CcdApi with UserAgentID: ctpo2cs8.cern.ch-1709370750-TFyb3P, Host: http://alice-ccdb.cern.ch
URL orbit reset:http://alice-ccdb.cern.ch
Orbit reset: 1654239395833
517685 First orbit scalers: 2457619296
 startTime run                 = 1654315209784
 startTimeRun_accordingToOrbit = 1654457938636
 FATAL : run 517685 has start time from run and start time from orbit that differ too much (by 142728 secs)
run: 517690
[INFO] Init CcdApi with UserAgentID: ctpo2cs8.cern.ch-1709370750-TFyb3P, Host: http://ccdb-test.cern.ch:8080
URL scalers:http://ccdb-test.cern.ch:8080
[INFO] ccdb reads http://ccdb-test.cern.ch:8080/CTP/Calib/Scalers/1654325247261/60152009-d871-11ee-bc97-c0a80209250c for 1654325607261 (retrieve, agent_id: ctpo2cs8.cern.ch-1709370750-TFyb3P), 
[INFO] Init CcdApi with UserAgentID: ctpo2cs8.cern.ch-1709370750-TFyb3P, Host: http://alice-ccdb.cern.ch
URL orbit reset:http://alice-ccdb.cern.ch
Orbit reset: 1654239395833
517690 First orbit scalers: 2743420076
 startTime run                 = 1654325547261
 startTimeRun_accordingToOrbit = 1654483353355
 FATAL : run 517690 has start time from run and start time from orbit that differ too much (by 157806 secs)
run: 517693
[INFO] Init CcdApi with UserAgentID: ctpo2cs8.cern.ch-1709370750-TFyb3P, Host: http://ccdb-test.cern.ch:8080
URL scalers:http://ccdb-test.cern.ch:8080
[INFO] ccdb reads http://ccdb-test.cern.ch:8080/CTP/Calib/Scalers/1654332957336/6154f0d4-d871-11ee-bc97-c0a80209250c for 1654333317336 (retrieve, agent_id: ctpo2cs8.cern.ch-1709370750-TFyb3P), 
[INFO] Init CcdApi with UserAgentID: ctpo2cs8.cern.ch-1709370750-TFyb3P, Host: http://alice-ccdb.cern.ch
URL orbit reset:http://alice-ccdb.cern.ch
Orbit reset: 1654239395833
517693 First orbit scalers: 3547588440
 startTime run                 = 1654333257336
 startTimeRun_accordingToOrbit = 1654554863702
 FATAL : run 517693 has start time from run and start time from orbit that differ too much (by 221606 secs)
run: 517737
[INFO] Init CcdApi with UserAgentID: ctpo2cs8.cern.ch-1709370750-TFyb3P, Host: http://ccdb-test.cern.ch:8080
URL scalers:http://ccdb-test.cern.ch:8080
[INFO] ccdb reads http://ccdb-test.cern.ch:8080/CTP/Calib/Scalers/1654410544752/62a69193-d871-11ee-bc97-c0a80209250c for 1654410904752 (retrieve, agent_id: ctpo2cs8.cern.ch-1709370750-TFyb3P), 
[INFO] Init CcdApi with UserAgentID: ctpo2cs8.cern.ch-1709370750-TFyb3P, Host: http://alice-ccdb.cern.ch
URL orbit reset:http://alice-ccdb.cern.ch
Orbit reset: 1654239395833
517737 First orbit scalers: 4177164256
 startTime run                 = 1654410844752
 startTimeRun_accordingToOrbit = 1654610848477
 FATAL : run 517737 has start time from run and start time from orbit that differ too much (by 200003 secs)
run: 517748
[INFO] Init CcdApi with UserAgentID: ctpo2cs8.cern.ch-1709370750-TFyb3P, Host: http://ccdb-test.cern.ch:8080
URL scalers:http://ccdb-test.cern.ch:8080
[INFO] ccdb reads http://ccdb-test.cern.ch:8080/CTP/Calib/Scalers/1654415310687/63ed0514-d871-11ee-bc97-c0a80209250c for 1654415670687 (retrieve, agent_id: ctpo2cs8.cern.ch-1709370750-TFyb3P), 
[INFO] Init CcdApi with UserAgentID: ctpo2cs8.cern.ch-1709370750-TFyb3P, Host: http://alice-ccdb.cern.ch
URL orbit reset:http://alice-ccdb.cern.ch
Orbit reset: 1654239395833
517748 First orbit scalers: 1937828540
 startTime run                 = 1654415610687
 startTimeRun_accordingToOrbit = 1654411716453
 FATAL : run 517748 has start time from run and start time from orbit that differ too much (by 3894 secs)
run: 517751
[INFO] Init CcdApi with UserAgentID: ctpo2cs8.cern.ch-1709370750-TFyb3P, Host: http://ccdb-test.cern.ch:8080
URL scalers:http://ccdb-test.cern.ch:8080
[INFO] ccdb reads http://ccdb-test.cern.ch:8080/CTP/Calib/Scalers/1654421342297/652cf59d-d871-11ee-bc97-c0a80209250c for 1654421702297 (retrieve, agent_id: ctpo2cs8.cern.ch-1709370750-TFyb3P), 
[INFO] Init CcdApi with UserAgentID: ctpo2cs8.cern.ch-1709370750-TFyb3P, Host: http://alice-ccdb.cern.ch
URL orbit reset:http://alice-ccdb.cern.ch
Orbit reset: 1654239395833
517751 First orbit scalers: 1046717132
 startTime run                 = 1654421642297
 startTimeRun_accordingToOrbit = 1654332474731
 FATAL : run 517751 has start time from run and start time from orbit that differ too much (by 89167 secs)
run: 517753
[INFO] Init CcdApi with UserAgentID: ctpo2cs8.cern.ch-1709370750-TFyb3P, Host: http://ccdb-test.cern.ch:8080
URL scalers:http://ccdb-test.cern.ch:8080
[INFO] ccdb reads http://ccdb-test.cern.ch:8080/CTP/Calib/Scalers/1654426547372/666b1013-d871-11ee-bc97-c0a80209250c for 1654426907372 (retrieve, agent_id: ctpo2cs8.cern.ch-1709370750-TFyb3P), 
[INFO] Init CcdApi with UserAgentID: ctpo2cs8.cern.ch-1709370750-TFyb3P, Host: http://alice-ccdb.cern.ch
URL orbit reset:http://alice-ccdb.cern.ch
Orbit reset: 1654239395833
517753 First orbit scalers: 3745722648
 startTime run                 = 1654426847372
 startTimeRun_accordingToOrbit = 1654572482707
 FATAL : run 517753 has start time from run and start time from orbit that differ too much (by 145635 secs)
run: 517758
[INFO] Init CcdApi with UserAgentID: ctpo2cs8.cern.ch-1709370750-TFyb3P, Host: http://ccdb-test.cern.ch:8080
URL scalers:http://ccdb-test.cern.ch:8080
[INFO] ccdb reads http://ccdb-test.cern.ch:8080/CTP/Calib/Scalers/1654432642772/67b215aa-d871-11ee-bc97-c0a80209250c for 1654433002772 (retrieve, agent_id: ctpo2cs8.cern.ch-1709370750-TFyb3P), 
[INFO] Init CcdApi with UserAgentID: ctpo2cs8.cern.ch-1709370750-TFyb3P, Host: http://alice-ccdb.cern.ch
URL orbit reset:http://alice-ccdb.cern.ch
Orbit reset: 1654239395833
517758 First orbit scalers: 3571960576
 startTime run                 = 1654432942772
 startTimeRun_accordingToOrbit = 1654557030984
 FATAL : run 517758 has start time from run and start time from orbit that differ too much (by 124088 secs)
run: 517767
[INFO] Init CcdApi with UserAgentID: ctpo2cs8.cern.ch-1709370750-TFyb3P, Host: http://ccdb-test.cern.ch:8080
URL scalers:http://ccdb-test.cern.ch:8080
[INFO] ccdb reads http://ccdb-test.cern.ch:8080/CTP/Calib/Scalers/1654441298372/68f7e002-d871-11ee-bc97-c0a80209250c for 1654441658372 (retrieve, agent_id: ctpo2cs8.cern.ch-1709370750-TFyb3P), 
[INFO] Init CcdApi with UserAgentID: ctpo2cs8.cern.ch-1709370750-TFyb3P, Host: http://alice-ccdb.cern.ch
URL orbit reset:http://alice-ccdb.cern.ch
Orbit reset: 1654239395833
517767 First orbit scalers: 2124111996
 startTime run                 = 1654441598372
 startTimeRun_accordingToOrbit = 1654428281634
 FATAL : run 517767 has start time from run and start time from orbit that differ too much (by 13316 secs)
run: 518541
[INFO] Init CcdApi with UserAgentID: ctpo2cs8.cern.ch-1709370750-TFyb3P, Host: http://ccdb-test.cern.ch:8080
URL scalers:http://ccdb-test.cern.ch:8080
[INFO] ccdb reads http://ccdb-test.cern.ch:8080/CTP/Calib/Scalers/1655114711282/6a3422e6-d871-11ee-bc97-c0a80209250c for 1655115071282 (retrieve, agent_id: ctpo2cs8.cern.ch-1709370750-TFyb3P), 
[INFO] Init CcdApi with UserAgentID: ctpo2cs8.cern.ch-1709370750-TFyb3P, Host: http://alice-ccdb.cern.ch
URL orbit reset:http://alice-ccdb.cern.ch
Info in <TJAlienFile::Open>: Accessing file /alice/data/CCDB/CTP/Calib/OrbitReset/15/44124/032bf51a-eb01-11ec-8000-0aa140641b9a in SE <ALICE::CERN::OCDB>
[INFO] ccdb reads http://alice-ccdb.cern.ch/CTP/Calib/OrbitReset/1655115011389/032bf51a-eb01-11ec-8000-0aa140641b9a for 1655115071282 (retrieve, agent_id: ctpo2cs8.cern.ch-1709370750-TFyb3P), 
Orbit reset: 1655115011388
518541 First orbit scalers: 1693148836
 startTime run                 = 1655115011282
 startTimeRun_accordingToOrbit = 1655265573964
 FATAL : run 518541 has start time from run and start time from orbit that differ too much (by 150562 secs)
run: 518543
[INFO] Init CcdApi with UserAgentID: ctpo2cs8.cern.ch-1709370750-TFyb3P, Host: http://ccdb-test.cern.ch:8080
URL scalers:http://ccdb-test.cern.ch:8080
[INFO] ccdb reads http://ccdb-test.cern.ch:8080/CTP/Calib/Scalers/1655117132263/6b70dfd7-d871-11ee-bc97-c0a80209250c for 1655117492263 (retrieve, agent_id: ctpo2cs8.cern.ch-1709370750-TFyb3P), 
[INFO] Init CcdApi with UserAgentID: ctpo2cs8.cern.ch-1709370750-TFyb3P, Host: http://alice-ccdb.cern.ch
URL orbit reset:http://alice-ccdb.cern.ch
Info in <TJAlienFile::Open>: Accessing file /alice/data/CCDB/CTP/Calib/OrbitReset/03/47228/a630cbd7-eb06-11ec-8000-0aa140641b9a in SE <ALICE::CERN::OCDB>
[INFO] ccdb reads http://alice-ccdb.cern.ch/CTP/Calib/OrbitReset/1655117432369/a630cbd7-eb06-11ec-8000-0aa140641b9a for 1655117492263 (retrieve, agent_id: ctpo2cs8.cern.ch-1709370750-TFyb3P), 
Orbit reset: 1655117432368
518543 First orbit scalers: 3121219692
 startTime run                 = 1655117432263
 startTimeRun_accordingToOrbit = 1655394985568
 FATAL : run 518543 has start time from run and start time from orbit that differ too much (by 277553 secs)
run: 518546
[INFO] Init CcdApi with UserAgentID: ctpo2cs8.cern.ch-1709370750-TFyb3P, Host: http://ccdb-test.cern.ch:8080
URL scalers:http://ccdb-test.cern.ch:8080
[INFO] ccdb reads http://ccdb-test.cern.ch:8080/CTP/Calib/Scalers/1655119250704/6cadfcbc-d871-11ee-bc97-c0a80209250c for 1655119610704 (retrieve, agent_id: ctpo2cs8.cern.ch-1709370750-TFyb3P), 
[INFO] Init CcdApi with UserAgentID: ctpo2cs8.cern.ch-1709370750-TFyb3P, Host: http://alice-ccdb.cern.ch
URL orbit reset:http://alice-ccdb.cern.ch
Info in <TJAlienFile::Open>: Accessing file /alice/data/CCDB/CTP/Calib/OrbitReset/12/36700/94e26a8d-eb0b-11ec-8000-0aa140641b9a in SE <ALICE::CERN::OCDB>
[INFO] ccdb reads http://alice-ccdb.cern.ch/CTP/Calib/OrbitReset/1655119550816/94e26a8d-eb0b-11ec-8000-0aa140641b9a for 1655119610704 (retrieve, agent_id: ctpo2cs8.cern.ch-1709370750-TFyb3P), 
Orbit reset: 1655119550815
518546 First orbit scalers: 1150484372
 startTime run                 = 1655119550704
 startTimeRun_accordingToOrbit = 1655221857173
 FATAL : run 518546 has start time from run and start time from orbit that differ too much (by 102306 secs)
run: 518547
[INFO] Init CcdApi with UserAgentID: ctpo2cs8.cern.ch-1709370750-TFyb3P, Host: http://ccdb-test.cern.ch:8080
URL scalers:http://ccdb-test.cern.ch:8080
[INFO] ccdb reads http://ccdb-test.cern.ch:8080/CTP/Calib/Scalers/1655122224930/6debb561-d871-11ee-bc97-c0a80209250c for 1655122584930 (retrieve, agent_id: ctpo2cs8.cern.ch-1709370750-TFyb3P), 
[INFO] Init CcdApi with UserAgentID: ctpo2cs8.cern.ch-1709370750-TFyb3P, Host: http://alice-ccdb.cern.ch
URL orbit reset:http://alice-ccdb.cern.ch
Info in <TJAlienFile::Open>: Accessing file /alice/data/CCDB/CTP/Calib/OrbitReset/10/23302/81a84900-eb12-11ec-8000-0aa140641b9a in SE <ALICE::CERN::OCDB>
[INFO] ccdb reads http://alice-ccdb.cern.ch/CTP/Calib/OrbitReset/1655122525042/81a84900-eb12-11ec-8000-0aa140641b9a for 1655122584930 (retrieve, agent_id: ctpo2cs8.cern.ch-1709370750-TFyb3P), 
Orbit reset: 1655122525041
518547 First orbit scalers: 203906140
 startTime run                 = 1655122524930
 startTimeRun_accordingToOrbit = 1655140657312
 FATAL : run 518547 has start time from run and start time from orbit that differ too much (by 18132 secs)
run: 519041
[INFO] Init CcdApi with UserAgentID: ctpo2cs8.cern.ch-1709370750-TFyb3P, Host: http://ccdb-test.cern.ch:8080
URL scalers:http://ccdb-test.cern.ch:8080
[INFO] ccdb reads http://ccdb-test.cern.ch:8080/CTP/Calib/Scalers/1655716369161/6f40fca6-d871-11ee-bc97-c0a80209250c for 1655716609161 (retrieve, agent_id: ctpo2cs8.cern.ch-1709370750-TFyb3P), 
[INFO] Init CcdApi with UserAgentID: ctpo2cs8.cern.ch-1709370750-TFyb3P, Host: http://alice-ccdb.cern.ch
URL orbit reset:http://alice-ccdb.cern.ch
Info in <TJAlienFile::Open>: Accessing file /alice/data/CCDB/CTP/Calib/OrbitReset/13/16896/71de58b2-f064-11ec-8001-0aa140641b9a in SE <ALICE::CERN::OCDB>
[INFO] ccdb reads http://alice-ccdb.cern.ch/CTP/Calib/OrbitReset/1655707473099/71de58b2-f064-11ec-8001-0aa140641b9a for 1655716609161 (retrieve, agent_id: ctpo2cs8.cern.ch-1709370750-TFyb3P), 
Orbit reset: 1655707473098
519041 First orbit scalers: 102647663
 startTime run                 = 1655716549161
 startTimeRun_accordingToOrbit = 1655716600999
 INFO : run 519041 has start time from run and start time from orbit that differ (by 51 secs)
run: 519043
[INFO] Init CcdApi with UserAgentID: ctpo2cs8.cern.ch-1709370750-TFyb3P, Host: http://ccdb-test.cern.ch:8080
URL scalers:http://ccdb-test.cern.ch:8080
[INFO] ccdb reads http://ccdb-test.cern.ch:8080/CTP/Calib/Scalers/1655718807842/70b2621b-d871-11ee-bc97-c0a80209250c for 1655719047842 (retrieve, agent_id: ctpo2cs8.cern.ch-1709370750-TFyb3P), 
[INFO] Init CcdApi with UserAgentID: ctpo2cs8.cern.ch-1709370750-TFyb3P, Host: http://alice-ccdb.cern.ch
URL orbit reset:http://alice-ccdb.cern.ch
Orbit reset: 1655707473098
519043 First orbit scalers: 130064149
 startTime run                 = 1655718987842
 startTimeRun_accordingToOrbit = 1655719038999
 INFO : run 519043 has start time from run and start time from orbit that differ (by 51 secs)
run: 519045
[INFO] Init CcdApi with UserAgentID: ctpo2cs8.cern.ch-1709370750-TFyb3P, Host: http://ccdb-test.cern.ch:8080
URL scalers:http://ccdb-test.cern.ch:8080
[INFO] ccdb reads http://ccdb-test.cern.ch:8080/CTP/Calib/Scalers/1655721304642/72133ec9-d871-11ee-bc97-c0a80209250c for 1655721544642 (retrieve, agent_id: ctpo2cs8.cern.ch-1709370750-TFyb3P), 
[INFO] Init CcdApi with UserAgentID: ctpo2cs8.cern.ch-1709370750-TFyb3P, Host: http://alice-ccdb.cern.ch
URL orbit reset:http://alice-ccdb.cern.ch
Orbit reset: 1655707473098
519045 First orbit scalers: 158155365
 startTime run                 = 1655721484642
 startTimeRun_accordingToOrbit = 1655721536999
 INFO : run 519045 has start time from run and start time from orbit that differ (by 52 secs)
run: 519497
[INFO] Init CcdApi with UserAgentID: ctpo2cs8.cern.ch-1709370750-TFyb3P, Host: http://ccdb-test.cern.ch:8080
URL scalers:http://ccdb-test.cern.ch:8080
[INFO] ccdb reads http://ccdb-test.cern.ch:8080/CTP/Calib/Scalers/1656284361634/7361aa80-d871-11ee-bc97-c0a80209250c for 1656284601634 (retrieve, agent_id: ctpo2cs8.cern.ch-1709370750-TFyb3P), 
[INFO] Init CcdApi with UserAgentID: ctpo2cs8.cern.ch-1709370750-TFyb3P, Host: http://alice-ccdb.cern.ch
URL orbit reset:http://alice-ccdb.cern.ch
Info in <TJAlienFile::Open>: Accessing file /alice/data/CCDB/CTP/Calib/OrbitReset/05/54699/7ad927d4-f532-11ec-9d70-0aa140641b9a in SE <ALICE::CERN::OCDB>
[INFO] ccdb reads http://alice-ccdb.cern.ch/CTP/Calib/OrbitReset/1656235769195/7ad927d4-f532-11ec-9d70-0aa140641b9a for 1656284601634 (retrieve, agent_id: ctpo2cs8.cern.ch-1709370750-TFyb3P), 
Orbit reset: 1656235769194
519497 First orbit scalers: 549069751
 startTime run                 = 1656284541634
 startTimeRun_accordingToOrbit = 1656284594999
 INFO : run 519497 has start time from run and start time from orbit that differ (by 53 secs)
run: 519498
[INFO] Init CcdApi with UserAgentID: ctpo2cs8.cern.ch-1709370750-TFyb3P, Host: http://ccdb-test.cern.ch:8080
URL scalers:http://ccdb-test.cern.ch:8080
[INFO] ccdb reads http://ccdb-test.cern.ch:8080/CTP/Calib/Scalers/1656285412308/74b6dc0a-d871-11ee-bc97-c0a80209250c for 1656285652308 (retrieve, agent_id: ctpo2cs8.cern.ch-1709370750-TFyb3P), 
[INFO] Init CcdApi with UserAgentID: ctpo2cs8.cern.ch-1709370750-TFyb3P, Host: http://alice-ccdb.cern.ch
URL orbit reset:http://alice-ccdb.cern.ch
Orbit reset: 1656235769194
519498 First orbit scalers: 560877508
 startTime run                 = 1656285592308
 startTimeRun_accordingToOrbit = 1656285644999
 INFO : run 519498 has start time from run and start time from orbit that differ (by 52 secs)
run: 519499
[INFO] Init CcdApi with UserAgentID: ctpo2cs8.cern.ch-1709370750-TFyb3P, Host: http://ccdb-test.cern.ch:8080
URL scalers:http://ccdb-test.cern.ch:8080
[INFO] ccdb reads http://ccdb-test.cern.ch:8080/CTP/Calib/Scalers/1656286193953/76142905-d871-11ee-bc97-c0a80209250c for 1656286433953 (retrieve, agent_id: ctpo2cs8.cern.ch-1709370750-TFyb3P), 
[INFO] Init CcdApi with UserAgentID: ctpo2cs8.cern.ch-1709370750-TFyb3P, Host: http://alice-ccdb.cern.ch
URL orbit reset:http://alice-ccdb.cern.ch
Orbit reset: 1656235769194
519499 First orbit scalers: 569671476
 startTime run                 = 1656286373953
 startTimeRun_accordingToOrbit = 1656286426999
 INFO : run 519499 has start time from run and start time from orbit that differ (by 53 secs)
run: 519502
[INFO] Init CcdApi with UserAgentID: ctpo2cs8.cern.ch-1709370750-TFyb3P, Host: http://ccdb-test.cern.ch:8080
URL scalers:http://ccdb-test.cern.ch:8080
[INFO] ccdb reads http://ccdb-test.cern.ch:8080/CTP/Calib/Scalers/1656289046367/77536db4-d871-11ee-bc97-c0a80209250c for 1656289286367 (retrieve, agent_id: ctpo2cs8.cern.ch-1709370750-TFyb3P), 
[INFO] Init CcdApi with UserAgentID: ctpo2cs8.cern.ch-1709370750-TFyb3P, Host: http://alice-ccdb.cern.ch
URL orbit reset:http://alice-ccdb.cern.ch
Orbit reset: 1656235769194
519502 First orbit scalers: 601743592
 startTime run                 = 1656289226367
 startTimeRun_accordingToOrbit = 1656289278999
 INFO : run 519502 has start time from run and start time from orbit that differ (by 52 secs)
run: 519503
[INFO] Init CcdApi with UserAgentID: ctpo2cs8.cern.ch-1709370750-TFyb3P, Host: http://ccdb-test.cern.ch:8080
URL scalers:http://ccdb-test.cern.ch:8080
[INFO] ccdb reads http://ccdb-test.cern.ch:8080/CTP/Calib/Scalers/1656291424276/78b6044e-d871-11ee-bc97-c0a80209250c for 1656291664276 (retrieve, agent_id: ctpo2cs8.cern.ch-1709370750-TFyb3P), 
[INFO] Init CcdApi with UserAgentID: ctpo2cs8.cern.ch-1709370750-TFyb3P, Host: http://alice-ccdb.cern.ch
URL orbit reset:http://alice-ccdb.cern.ch
Orbit reset: 1656235769194
519503 First orbit scalers: 628485350
 startTime run                 = 1656291604276
 startTimeRun_accordingToOrbit = 1656291656999
 INFO : run 519503 has start time from run and start time from orbit that differ (by 52 secs)
run: 519504
[INFO] Init CcdApi with UserAgentID: ctpo2cs8.cern.ch-1709370750-TFyb3P, Host: http://ccdb-test.cern.ch:8080
URL scalers:http://ccdb-test.cern.ch:8080
[INFO] ccdb reads http://ccdb-test.cern.ch:8080/CTP/Calib/Scalers/1656292114617/79f0fca4-d871-11ee-bc97-c0a80209250c for 1656292354617 (retrieve, agent_id: ctpo2cs8.cern.ch-1709370750-TFyb3P), 
[INFO] Init CcdApi with UserAgentID: ctpo2cs8.cern.ch-1709370750-TFyb3P, Host: http://alice-ccdb.cern.ch
URL orbit reset:http://alice-ccdb.cern.ch
Orbit reset: 1656235769194
519504 First orbit scalers: 636244733
 startTime run                 = 1656292294617
 startTimeRun_accordingToOrbit = 1656292346999
 INFO : run 519504 has start time from run and start time from orbit that differ (by 52 secs)
run: 519506
[INFO] Init CcdApi with UserAgentID: ctpo2cs8.cern.ch-1709370750-TFyb3P, Host: http://ccdb-test.cern.ch:8080
URL scalers:http://ccdb-test.cern.ch:8080
[INFO] ccdb reads http://ccdb-test.cern.ch:8080/CTP/Calib/Scalers/1656295834798/7b2d0f5f-d871-11ee-bc97-c0a80209250c for 1656296074798 (retrieve, agent_id: ctpo2cs8.cern.ch-1709370750-TFyb3P), 
[INFO] Init CcdApi with UserAgentID: ctpo2cs8.cern.ch-1709370750-TFyb3P, Host: http://alice-ccdb.cern.ch
URL orbit reset:http://alice-ccdb.cern.ch
Orbit reset: 1656235769194
519506 First orbit scalers: 678089173
 startTime run                 = 1656296014798
 startTimeRun_accordingToOrbit = 1656296067999
 INFO : run 519506 has start time from run and start time from orbit that differ (by 53 secs)
run: 519507
[INFO] Init CcdApi with UserAgentID: ctpo2cs8.cern.ch-1709370750-TFyb3P, Host: http://ccdb-test.cern.ch:8080
URL scalers:http://ccdb-test.cern.ch:8080
[INFO] ccdb reads http://ccdb-test.cern.ch:8080/CTP/Calib/Scalers/1656298964326/7c709f15-d871-11ee-bc97-c0a80209250c for 1656299204326 (retrieve, agent_id: ctpo2cs8.cern.ch-1709370750-TFyb3P), 
[INFO] Init CcdApi with UserAgentID: ctpo2cs8.cern.ch-1709370750-TFyb3P, Host: http://alice-ccdb.cern.ch
URL orbit reset:http://alice-ccdb.cern.ch
Orbit reset: 1656235769194
519507 First orbit scalers: 713276288
 startTime run                 = 1656299144326
 startTimeRun_accordingToOrbit = 1656299196999
 INFO : run 519507 has start time from run and start time from orbit that differ (by 52 secs)
run: 519903
[INFO] Init CcdApi with UserAgentID: ctpo2cs8.cern.ch-1709370750-TFyb3P, Host: http://ccdb-test.cern.ch:8080
URL scalers:http://ccdb-test.cern.ch:8080
[INFO] ccdb reads http://ccdb-test.cern.ch:8080/CTP/Calib/Scalers/1656658300799/7db311ad-d871-11ee-bc97-c0a80209250c for 1656658480799 (retrieve, agent_id: ctpo2cs8.cern.ch-1709370750-TFyb3P), 
[INFO] Init CcdApi with UserAgentID: ctpo2cs8.cern.ch-1709370750-TFyb3P, Host: http://alice-ccdb.cern.ch
URL orbit reset:http://alice-ccdb.cern.ch
Info in <TJAlienFile::Open>: Accessing file /alice/data/CCDB/CTP/Calib/OrbitReset/13/60120/91dd7bca-f7a6-11ec-9d70-0aa140641b9a in SE <ALICE::CERN::OCDB>
[INFO] ccdb reads http://alice-ccdb.cern.ch/CTP/Calib/OrbitReset/1656505531761/91dd7bca-f7a6-11ec-9d70-0aa140641b9a for 1656658480799 (retrieve, agent_id: ctpo2cs8.cern.ch-1709370750-TFyb3P), 
Orbit reset: 1656505531760
519903 First orbit scalers: 1719898053
 startTime run                 = 1656658420799
 startTimeRun_accordingToOrbit = 1656658472999
 INFO : run 519903 has start time from run and start time from orbit that differ (by 52 secs)
run: 519904
[INFO] Init CcdApi with UserAgentID: ctpo2cs8.cern.ch-1709370750-TFyb3P, Host: http://ccdb-test.cern.ch:8080
URL scalers:http://ccdb-test.cern.ch:8080
[INFO] ccdb reads http://ccdb-test.cern.ch:8080/CTP/Calib/Scalers/1656659661129/7f2a0873-d871-11ee-bc97-c0a80209250c for 1656659841129 (retrieve, agent_id: ctpo2cs8.cern.ch-1709370750-TFyb3P), 
[INFO] Init CcdApi with UserAgentID: ctpo2cs8.cern.ch-1709370750-TFyb3P, Host: http://alice-ccdb.cern.ch
URL orbit reset:http://alice-ccdb.cern.ch
Orbit reset: 1656505531760
519904 First orbit scalers: 1735203155
 startTime run                 = 1656659781129
 startTimeRun_accordingToOrbit = 1656659833999
 INFO : run 519904 has start time from run and start time from orbit that differ (by 52 secs)
run: 519905
[INFO] Init CcdApi with UserAgentID: ctpo2cs8.cern.ch-1709370750-TFyb3P, Host: http://ccdb-test.cern.ch:8080
URL scalers:http://ccdb-test.cern.ch:8080
[INFO] ccdb reads http://ccdb-test.cern.ch:8080/CTP/Calib/Scalers/1656661259006/8073ac13-d871-11ee-bc97-c0a80209250c for 1656661439006 (retrieve, agent_id: ctpo2cs8.cern.ch-1709370750-TFyb3P), 
[INFO] Init CcdApi with UserAgentID: ctpo2cs8.cern.ch-1709370750-TFyb3P, Host: http://alice-ccdb.cern.ch
URL orbit reset:http://alice-ccdb.cern.ch
Orbit reset: 1656505531760
519905 First orbit scalers: 1753173436
 startTime run                 = 1656661379006
 startTimeRun_accordingToOrbit = 1656661431999
 INFO : run 519905 has start time from run and start time from orbit that differ (by 52 secs)
run: 519906
[INFO] Init CcdApi with UserAgentID: ctpo2cs8.cern.ch-1709370750-TFyb3P, Host: http://ccdb-test.cern.ch:8080
URL scalers:http://ccdb-test.cern.ch:8080
[INFO] ccdb reads http://ccdb-test.cern.ch:8080/CTP/Calib/Scalers/1656668295174/8203264c-d871-11ee-bc97-c0a80209250c for 1656668955017 (retrieve, agent_id: ctpo2cs8.cern.ch-1709370750-TFyb3P), 
[INFO] Init CcdApi with UserAgentID: ctpo2cs8.cern.ch-1709370750-TFyb3P, Host: http://alice-ccdb.cern.ch
URL orbit reset:http://alice-ccdb.cern.ch
Orbit reset: 1656505531760
519906 First orbit scalers: 1837671993
 startTime run                 = 1656668895017
 startTimeRun_accordingToOrbit = 1656668945999
 INFO : run 519906 has start time from run and start time from orbit that differ (by 50 secs)
