   ------------------------------------------------------------------
  | Welcome to ROOT 6.28/04                        https://root.cern |
  | (c) 1995-2022, The ROOT Team; conception: R. Brun, F. Rademakers |
  | Built for linuxx8664gcc on Jun 15 2023, 12:12:00                 |
  | From tags/v6-28-04@v6-28-04                                      |
  | With c++ (GCC) 12.2.0                                            |
  | Try '.help'/'.?', '.demo', '.license', '.credits', '.quit'/'.q'  |
   ------------------------------------------------------------------


Processing GetScalers.C("520294",1657182028190,"http://alice-ccdb.cern.ch")...
[INFO] Init CcdApi with UserAgentID: ctpo2cs8.cern.ch-1687255515-Nht7ld, Host: http://alice-ccdb.cern.ch/
[INFO] Init CcdApi with UserAgentID: ctpo2cs8.cern.ch-1687255515-Nht7ld, Host: http://alice-ccdb.cern.ch
[INFO] ccdb reads http://alice-ccdb.cern.ch/CTP/Calib/Scalers/1657180930028/a8b092d5-fdcd-11ec-9d70-0aa140651b9a for 1657182028190 (retrieve, agent_id: ctpo2cs8.cern.ch-1687255515-Nht7ld), 
[ERROR] L1B > L0A Before error:1
[ERROR] L1B > L0A Before error:1
Counter errorrs: lmB:0 l0B:0 l1B:0 lmA:0 l0A:0 l1A:0 lmBlmA:0 lmAl0B:0 l0Bl0A:0 l0Al1B: 2 l1Bl1A:0
CTP Scalers (version:0) Run:520294
O2 Counters:
Orbit:3430974312 BC:0 miliSeconds:1.65718e+09
Class: 0 O2 LMB: 377909974 LMA:2930583482 L0B:2831250463 L0A:1234160753 L1B:1200394614 L1A:1200394614
Class: 1 O2 LMB:1531966259 LMA:2470851331 L0B:1060732777 L0A: 998074801 L1B: 963060106 L1A: 963060106
Class: 2 O2 LMB: 183354220 LMA:1931205569 L0B:3299920058 L0A:3431422998 L1B:3418509011 L1A:3418509011
Class: 3 O2 LMB:2538622342 LMA: 317972209 L0B: 165778321 L0A: 215163035 L1B: 204329843 L1A: 204329843
Class: 4 O2 LMB: 876059415 LMA:  37386462 L0B:3086299420 L0A:1596092669 L1B:1549261079 L1A:1549261079

Orbit:3431039443 BC:0 miliSeconds:1.65718e+09
Class: 0 O2 LMB: 377936709 LMA:2930610217 L0B:2831277198 L0A:1234160753 L1B:1200394614 L1A:1200394614
Class: 1 O2 LMB:1531992994 LMA:2470875930 L0B:1060757376 L0A: 998099400 L1B: 963084705 L1A: 963084705
Class: 2 O2 LMB: 415481807 LMA:1931205569 L0B:3299946793 L0A:3431445012 L1B:3418531025 L1A:3418531025
Class: 3 O2 LMB:2770749929 LMA: 317972209 L0B: 165805056 L0A: 215185656 L1B: 204352464 L1A: 204352464
Class: 4 O2 LMB:1108187002 LMA:  37386462 L0B:3086326155 L0A:1596115141 L1B:1549283551 L1A:1549283551

Orbit:3431151899 BC:0 miliSeconds:1.65718e+09
Class: 0 O2 LMB: 377982661 LMA:2930656169 L0B:2831323150 L0A:1234160753 L1B:1200394614 L1A:1200394614
Class: 1 O2 LMB:1532038946 LMA:2470918063 L0B:1060799509 L0A: 998141533 L1B: 963126838 L1A: 963126838
Class: 2 O2 LMB: 816273905 LMA:1931205569 L0B:3299992745 L0A:3431482852 L1B:3418568865 L1A:3418568865
Class: 3 O2 LMB:3171542027 LMA: 317972209 L0B: 165851008 L0A: 215224412 L1B: 204391220 L1A: 204391220
Class: 4 O2 LMB:1508979100 LMA:  37386462 L0B:3086372107 L0A:1596153614 L1B:1549322024 L1A:1549322024

Orbit:3431264355 BC:0 miliSeconds:1.65718e+09
Class: 0 O2 LMB: 378028609 LMA:2930702117 L0B:2831369097 L0A:1234160753 L1B:1200394614 L1A:1200394614
Class: 1 O2 LMB:1532084894 LMA:2470960245 L0B:1060841690 L0A: 998183714 L1B: 963169019 L1A: 963169019
Class: 2 O2 LMB:1217065585 LMA:1931205569 L0B:3300038692 L0A:3431520592 L1B:3418606605 L1A:3418606605
Class: 3 O2 LMB:3572333707 LMA: 317972209 L0B: 165896955 L0A: 215263168 L1B: 204429976 L1A: 204429976
Class: 4 O2 LMB:1909770780 LMA:  37386462 L0B:3086418054 L0A:1596192078 L1B:1549360488 L1A:1549360488

Orbit:3431376811 BC:0 miliSeconds:1.65718e+09
Class: 0 O2 LMB: 378074603 LMA:2930748111 L0B:2831415092 L0A:1234160753 L1B:1200394614 L1A:1200394614
Class: 1 O2 LMB:1532130888 LMA:2471002487 L0B:1060883933 L0A: 998225957 L1B: 963211262 L1A: 963211262
Class: 2 O2 LMB:1617859329 LMA:1931205569 L0B:3300084687 L0A:3431558480 L1B:3418644493 L1A:3418644493
Class: 3 O2 LMB:3973127451 LMA: 317972209 L0B: 165942950 L0A: 215301992 L1B: 204468800 L1A: 204468800
Class: 4 O2 LMB:2310564524 LMA:  37386462 L0B:3086464049 L0A:1596230620 L1B:1549399030 L1A:1549399030

Orbit:3431489262 BC:0 miliSeconds:1.65718e+09
Class: 0 O2 LMB: 378120616 LMA:2930794124 L0B:2831461105 L0A:1234160753 L1B:1200394614 L1A:1200394614
Class: 1 O2 LMB:1532176901 LMA:2471044774 L0B:1060926220 L0A: 998268244 L1B: 963253549 L1A: 963253549
Class: 2 O2 LMB:2018634087 LMA:1931205569 L0B:3300130700 L0A:3431596380 L1B:3418682393 L1A:3418682393
Class: 3 O2 LMB:4373902208 LMA: 317972209 L0B: 165988963 L0A: 215340760 L1B: 204507568 L1A: 204507568
Class: 4 O2 LMB:2711339282 LMA:  37386462 L0B:3086510062 L0A:1596269090 L1B:1549437500 L1A:1549437500

Orbit:3431601722 BC:0 miliSeconds:1.65718e+09
Class: 0 O2 LMB: 378166512 LMA:2930840020 L0B:2831507001 L0A:1234160753 L1B:1200394614 L1A:1200394614
Class: 1 O2 LMB:1532222797 LMA:2471086940 L0B:1060968386 L0A: 998310410 L1B: 963295715 L1A: 963295715
Class: 2 O2 LMB:2419443864 LMA:1931205569 L0B:3300176596 L0A:3431634293 L1B:3418720306 L1A:3418720306
Class: 3 O2 LMB:4774711985 LMA: 317972209 L0B: 166034859 L0A: 215379659 L1B: 204546467 L1A: 204546467
Class: 4 O2 LMB:3112149059 LMA:  37386462 L0B:3086555958 L0A:1596307677 L1B:1549476087 L1A:1549476087

Orbit:3431714174 BC:0 miliSeconds:1.65718e+09
Class: 0 O2 LMB: 378212052 LMA:2930885560 L0B:2831552541 L0A:1234160753 L1B:1200394614 L1A:1200394614
Class: 1 O2 LMB:1532268337 LMA:2471128741 L0B:1061010187 L0A: 998352211 L1B: 963337516 L1A: 963337516
Class: 2 O2 LMB:2820220755 LMA:1931205569 L0B:3300222136 L0A:3431671891 L1B:3418757904 L1A:3418757904
Class: 3 O2 LMB:5175488876 LMA: 317972209 L0B: 166080399 L0A: 215418183 L1B: 204584991 L1A: 204584991
Class: 4 O2 LMB:3512925950 LMA:  37386462 L0B:3086601498 L0A:1596345904 L1B:1549514314 L1A:1549514314

Orbit:3431826629 BC:0 miliSeconds:1.65718e+09
Class: 0 O2 LMB: 378257716 LMA:2930931224 L0B:2831598205 L0A:1234160753 L1B:1200394614 L1A:1200394614
Class: 1 O2 LMB:1532314001 LMA:2471170695 L0B:1061052141 L0A: 998394165 L1B: 963379470 L1A: 963379470
Class: 2 O2 LMB:3221010006 LMA:1931205569 L0B:3300267800 L0A:3431709641 L1B:3418795654 L1A:3418795654
Class: 3 O2 LMB:5576278127 LMA: 317972209 L0B: 166126063 L0A: 215456817 L1B: 204623625 L1A: 204623625
Class: 4 O2 LMB:3913715201 LMA:  37386462 L0B:3086647162 L0A:1596384253 L1B:1549552663 L1A:1549552663

Orbit:3431939082 BC:0 miliSeconds:1.65718e+09
Class: 0 O2 LMB: 378303281 LMA:2930976789 L0B:2831643770 L0A:1234160753 L1B:1200394614 L1A:1200394614
Class: 1 O2 LMB:1532359566 LMA:2471212659 L0B:1061094105 L0A: 998436129 L1B: 963421434 L1A: 963421434
Class: 2 O2 LMB:3621795115 LMA:1931205569 L0B:3300313365 L0A:3431747323 L1B:3418833336 L1A:3418833336
Class: 3 O2 LMB:5977063236 LMA: 317972209 L0B: 166171628 L0A: 215495404 L1B: 204662212 L1A: 204662212
Class: 4 O2 LMB:4314500309 LMA:  37386462 L0B:3086692727 L0A:1596422555 L1B:1549590965 L1A:1549590965

Orbit:3432051537 BC:0 miliSeconds:1.65718e+09
Class: 0 O2 LMB: 378348614 LMA:2931022122 L0B:2831689103 L0A:1234160753 L1B:1200394614 L1A:1200394614
Class: 1 O2 LMB:1532404899 LMA:2471254383 L0B:1061135829 L0A: 998477853 L1B: 963463158 L1A: 963463158
Class: 2 O2 LMB:4022582982 LMA:1931205569 L0B:3300358698 L0A:3431784888 L1B:3418870901 L1A:3418870901
Class: 3 O2 LMB:6377851103 LMA: 317972209 L0B: 166216961 L0A: 215533856 L1B: 204700664 L1A: 204700664
Class: 4 O2 LMB:4715288176 LMA:  37386462 L0B:3086738060 L0A:1596460736 L1B:1549629146 L1A:1549629146

Orbit:3432163993 BC:0 miliSeconds:1.65718e+09
Class: 0 O2 LMB: 378394582 LMA:2931068090 L0B:2831735071 L0A:1234160753 L1B:1200394614 L1A:1200394614
Class: 1 O2 LMB:1532450867 LMA:2471296705 L0B:1061178151 L0A: 998520175 L1B: 963505480 L1A: 963505480
Class: 2 O2 LMB:4423377082 LMA:1931205569 L0B:3300404666 L0A:3431822735 L1B:3418908748 L1A:3418908748
Class: 3 O2 LMB:6778645204 LMA: 317972209 L0B: 166262929 L0A: 215572628 L1B: 204739436 L1A: 204739436
Class: 4 O2 LMB:5116082277 LMA:  37386462 L0B:3086784028 L0A:1596499217 L1B:1549667627 L1A:1549667627

Orbit:3432276450 BC:0 miliSeconds:1.65718e+09
Class: 0 O2 LMB: 378440304 LMA:2931113812 L0B:2831780793 L0A:1234160753 L1B:1200394614 L1A:1200394614
Class: 1 O2 LMB:1532496589 LMA:2471338650 L0B:1061220096 L0A: 998562120 L1B: 963547425 L1A: 963547425
Class: 2 O2 LMB:4824172036 LMA:1931205569 L0B:3300450388 L0A:3431860411 L1B:3418946424 L1A:3418946424
Class: 3 O2 LMB:7179440158 LMA: 317972209 L0B: 166308651 L0A: 215611241 L1B: 204778049 L1A: 204778049
Class: 4 O2 LMB:5516877231 LMA:  37386462 L0B:3086829750 L0A:1596537560 L1B:1549705970 L1A:1549705970

Orbit:3432388904 BC:0 miliSeconds:1.65718e+09
Class: 0 O2 LMB: 378486166 LMA:2931159674 L0B:2831826655 L0A:1234160753 L1B:1200394614 L1A:1200394614
Class: 1 O2 LMB:1532542451 LMA:2471380823 L0B:1061262269 L0A: 998604293 L1B: 963589598 L1A: 963589598
Class: 2 O2 LMB:5224959573 LMA:1931205569 L0B:3300496250 L0A:3431898288 L1B:3418984301 L1A:3418984301
Class: 3 O2 LMB:7580227695 LMA: 317972209 L0B: 166354513 L0A: 215650083 L1B: 204816891 L1A: 204816891
Class: 4 O2 LMB:5917664768 LMA:  37386462 L0B:3086875612 L0A:1596576119 L1B:1549744529 L1A:1549744529

Orbit:3432501357 BC:0 miliSeconds:1.65718e+09
Class: 0 O2 LMB: 378531937 LMA:2931205445 L0B:2831872426 L0A:1234160753 L1B:1200394614 L1A:1200394614
Class: 1 O2 LMB:1532588222 LMA:2471422842 L0B:1061304288 L0A: 998646312 L1B: 963631617 L1A: 963631617
Class: 2 O2 LMB:5625743171 LMA:1931205569 L0B:3300542021 L0A:3431935940 L1B:3419021953 L1A:3419021953
Class: 3 O2 LMB:7981011293 LMA: 317972209 L0B: 166400284 L0A: 215688638 L1B: 204855446 L1A: 204855446
Class: 4 O2 LMB:6318448366 LMA:  37386462 L0B:3086921383 L0A:1596614397 L1B:1549782807 L1A:1549782807

Orbit:3432613810 BC:0 miliSeconds:1.65718e+09
Class: 0 O2 LMB: 378577541 LMA:2931251049 L0B:2831918030 L0A:1234160753 L1B:1200394614 L1A:1200394614
Class: 1 O2 LMB:1532633826 LMA:2471464741 L0B:1061346187 L0A: 998688211 L1B: 963673516 L1A: 963673516
Class: 2 O2 LMB:6026522801 LMA:1931205569 L0B:3300587625 L0A:3431973435 L1B:3419059448 L1A:3419059448
Class: 3 O2 LMB:8381790923 LMA: 317972209 L0B: 166445888 L0A: 215727092 L1B: 204893900 L1A: 204893900
Class: 4 O2 LMB:6719227996 LMA:  37386462 L0B:3086966987 L0A:1596652559 L1B:1549820969 L1A:1549820969

Orbit:3432726269 BC:0 miliSeconds:1.65718e+09
Class: 0 O2 LMB: 378623238 LMA:2931296746 L0B:2831963727 L0A:1234160753 L1B:1200394614 L1A:1200394614
Class: 1 O2 LMB:1532679523 LMA:2471506818 L0B:1061388264 L0A: 998730288 L1B: 963715593 L1A: 963715593
Class: 2 O2 LMB:6427327086 LMA:1931205569 L0B:3300633322 L0A:3432011261 L1B:3419097274 L1A:3419097274
Class: 3 O2 LMB:8782595207 LMA: 317972209 L0B: 166491585 L0A: 215765814 L1B: 204932622 L1A: 204932622
Class: 4 O2 LMB:7120032281 LMA:  37386462 L0B:3087012684 L0A:1596691009 L1B:1549859419 L1A:1549859419

Orbit:3432838724 BC:0 miliSeconds:1.65718e+09
Class: 0 O2 LMB: 378668912 LMA:2931342420 L0B:2832009401 L0A:1234160753 L1B:1200394614 L1A:1200394614
Class: 1 O2 LMB:1532725197 LMA:2471548767 L0B:1061430213 L0A: 998772237 L1B: 963757542 L1A: 963757542
Class: 2 O2 LMB:6828118120 LMA:1931205569 L0B:3300678996 L0A:3432048957 L1B:3419134970 L1A:3419134970
Class: 3 O2 LMB:9183386241 LMA: 317972209 L0B: 166537259 L0A: 215804456 L1B: 204971264 L1A: 204971264
Class: 4 O2 LMB:7520823315 LMA:  37386462 L0B:3087058358 L0A:1596729331 L1B:1549897741 L1A:1549897741

Orbit:3432951177 BC:0 miliSeconds:1.65718e+09
Class: 0 O2 LMB: 378714890 LMA:2931388398 L0B:2832055379 L0A:1234160753 L1B:1200394614 L1A:1200394614
Class: 1 O2 LMB:1532771175 LMA:2471591070 L0B:1061472516 L0A: 998814540 L1B: 963799845 L1A: 963799845
Class: 2 O2 LMB:7228900584 LMA:1931205569 L0B:3300724974 L0A:3432086828 L1B:3419172841 L1A:3419172841
Class: 3 O2 LMB:9584168705 LMA: 317972209 L0B: 166583237 L0A: 215843294 L1B: 205010102 L1A: 205010102
Class: 4 O2 LMB:7921605779 LMA:  37386462 L0B:3087104336 L0A:1596767873 L1B:1549936283 L1A:1549936283

Orbit:3433063632 BC:0 miliSeconds:1.65718e+09
Class: 0 O2 LMB: 378760535 LMA:2931434043 L0B:2832101024 L0A:1234160753 L1B:1200394614 L1A:1200394614
Class: 1 O2 LMB:1532816820 LMA:2471633113 L0B:1061514559 L0A: 998856583 L1B: 963841888 L1A: 963841888
Class: 2 O2 LMB:7629688388 LMA:1931205569 L0B:3300770619 L0A:3432124547 L1B:3419210560 L1A:3419210560
Class: 3 O2 LMB:9984956509 LMA: 317972209 L0B: 166628882 L0A: 215881972 L1B: 205048780 L1A: 205048780
Class: 4 O2 LMB:8322393583 LMA:  37386462 L0B:3087149981 L0A:1596806244 L1B:1549974654 L1A:1549974654

Orbit:3433176088 BC:0 miliSeconds:1.65718e+09
Class: 0 O2 LMB: 378806205 LMA:2931479713 L0B:2832146694 L0A:1234160753 L1B:1200394614 L1A:1200394614
Class: 1 O2 LMB:1532862490 LMA:2471675020 L0B:1061556466 L0A: 998898490 L1B: 963883795 L1A: 963883795
Class: 2 O2 LMB:8030484590 LMA:1931205569 L0B:3300816289 L0A:3432162175 L1B:3419248188 L1A:3419248188
Class: 3 O2 LMB:10385752711 LMA: 317972209 L0B: 166674552 L0A: 215920557 L1B: 205087365 L1A: 205087365
Class: 4 O2 LMB:8723189784 LMA:  37386462 L0B:3087195651 L0A:1596844524 L1B:1550012934 L1A:1550012934

Orbit:3433288544 BC:0 miliSeconds:1.65718e+09
Class: 0 O2 LMB: 378851777 LMA:2931525285 L0B:2832192266 L0A:1234160753 L1B:1200394614 L1A:1200394614
Class: 1 O2 LMB:1532908062 LMA:2471716892 L0B:1061598338 L0A: 998940362 L1B: 963925667 L1A: 963925667
Class: 2 O2 LMB:8431277807 LMA:1931205569 L0B:3300861861 L0A:3432199757 L1B:3419285770 L1A:3419285770
Class: 3 O2 LMB:10786545928 LMA: 317972209 L0B: 166720124 L0A: 215959063 L1B: 205125871 L1A: 205125871
Class: 4 O2 LMB:9123983001 LMA:  37386462 L0B:3087241223 L0A:1596882744 L1B:1550051154 L1A:1550051154

Orbit:3433400996 BC:0 miliSeconds:1.65718e+09
Class: 0 O2 LMB: 378897236 LMA:2931570744 L0B:2832237725 L0A:1234160753 L1B:1200394614 L1A:1200394614
Class: 1 O2 LMB:1532953521 LMA:2471758675 L0B:1061640121 L0A: 998982145 L1B: 963967449 L1A: 963967449
Class: 2 O2 LMB:8832055055 LMA:1931205569 L0B:3300907320 L0A:3432237209 L1B:3419323221 L1A:3419323221
Class: 3 O2 LMB:11187323177 LMA: 317972209 L0B: 166765583 L0A: 215997471 L1B: 205164279 L1A: 205164279
Class: 4 O2 LMB:9524760250 LMA:  37386462 L0B:3087286682 L0A:1596920828 L1B:1550089238 L1A:1550089238

Orbit:3433513450 BC:0 miliSeconds:1.65718e+09
Class: 0 O2 LMB: 378942677 LMA:2931616185 L0B:2832283166 L0A:1234160753 L1B:1200394614 L1A:1200394614
Class: 1 O2 LMB:1532998962 LMA:2471800484 L0B:1061681930 L0A: 999023954 L1B: 964009259 L1A: 964009259
Class: 2 O2 LMB:9232841662 LMA:1931205569 L0B:3300952761 L0A:3432274755 L1B:3419360768 L1A:3419360768
Class: 3 O2 LMB:11588109784 LMA: 317972209 L0B: 166811024 L0A: 216035906 L1B: 205202714 L1A: 205202714
Class: 4 O2 LMB:9925546857 LMA:  37386462 L0B:3087332123 L0A:1596958979 L1B:1550127389 L1A:1550127389

Orbit:3433625906 BC:0 miliSeconds:1.65718e+09
Class: 0 O2 LMB: 378988154 LMA:2931661662 L0B:2832328643 L0A:1234160753 L1B:1200394614 L1A:1200394614
Class: 1 O2 LMB:1533044439 LMA:2471842347 L0B:1061723793 L0A: 999065817 L1B: 964051122 L1A: 964051122
Class: 2 O2 LMB:9633633808 LMA:1931205569 L0B:3300998238 L0A:3432312314 L1B:3419398327 L1A:3419398327
Class: 3 O2 LMB:11988901930 LMA: 317972209 L0B: 166856501 L0A: 216074404 L1B: 205241212 L1A: 205241212
Class: 4 O2 LMB:10326339003 LMA:  37386462 L0B:3087377600 L0A:1596997194 L1B:1550165604 L1A:1550165604

Orbit:3433738363 BC:0 miliSeconds:1.65718e+09
Class: 0 O2 LMB: 379033740 LMA:2931707248 L0B:2832374229 L0A:1234160753 L1B:1200394614 L1A:1200394614
Class: 1 O2 LMB:1533090025 LMA:2471884264 L0B:1061765710 L0A: 999107734 L1B: 964093039 L1A: 964093039
Class: 2 O2 LMB:10034431630 LMA:1931205569 L0B:3301043824 L0A:3432349992 L1B:3419436005 L1A:3419436005
Class: 3 O2 LMB:12389699752 LMA: 317972209 L0B: 166902087 L0A: 216113012 L1B: 205279820 L1A: 205279820
Class: 4 O2 LMB:10727136825 LMA:  37386462 L0B:3087423186 L0A:1597035518 L1B:1550203928 L1A:1550203928

Orbit:3433850821 BC:0 miliSeconds:1.65718e+09
Class: 0 O2 LMB: 379079202 LMA:2931752710 L0B:2832419691 L0A:1234160753 L1B:1200394614 L1A:1200394614
Class: 1 O2 LMB:1533135487 LMA:2471926054 L0B:1061807500 L0A: 999149524 L1B: 964134829 L1A: 964134829
Class: 2 O2 LMB:10435230681 LMA:1931205569 L0B:3301089286 L0A:3432387496 L1B:3419473509 L1A:3419473509
Class: 3 O2 LMB:12790498803 LMA: 317972209 L0B: 166947549 L0A: 216151466 L1B: 205318274 L1A: 205318274
Class: 4 O2 LMB:11127935876 LMA:  37386462 L0B:3087468648 L0A:1597073695 L1B:1550242105 L1A:1550242105

Orbit:3433963274 BC:0 miliSeconds:1.65718e+09
Class: 0 O2 LMB: 379124579 LMA:2931798087 L0B:2832465068 L0A:1234160753 L1B:1200394614 L1A:1200394614
Class: 1 O2 LMB:1533180864 LMA:2471967682 L0B:1061849128 L0A: 999191152 L1B: 964176457 L1A: 964176457
Class: 2 O2 LMB:10836014390 LMA:1931205569 L0B:3301134663 L0A:3432424803 L1B:3419510816 L1A:3419510816
Class: 3 O2 LMB:13191282511 LMA: 317972209 L0B: 166992926 L0A: 216189694 L1B: 205356502 L1A: 205356502
Class: 4 O2 LMB:11528719585 LMA:  37386462 L0B:3087514025 L0A:1597111634 L1B:1550280044 L1A:1550280044

Orbit:3434075731 BC:0 miliSeconds:1.65718e+09
Class: 0 O2 LMB: 379170489 LMA:2931843997 L0B:2832510978 L0A:1234160753 L1B:1200394614 L1A:1200394614
Class: 1 O2 LMB:1533226774 LMA:2472009843 L0B:1061891289 L0A: 999233313 L1B: 964218618 L1A: 964218618
Class: 2 O2 LMB:11236812152 LMA:1931205569 L0B:3301180573 L0A:3432462643 L1B:3419548656 L1A:3419548656
Class: 3 O2 LMB:13592080273 LMA: 317972209 L0B: 167038836 L0A: 216228430 L1B: 205395238 L1A: 205395238
Class: 4 O2 LMB:11929517347 LMA:  37386462 L0B:3087559935 L0A:1597150105 L1B:1550318515 L1A:1550318515

Orbit:3434188186 BC:0 miliSeconds:1.65718e+09
Class: 0 O2 LMB: 379216534 LMA:2931890042 L0B:2832557023 L0A:1234160753 L1B:1200394614 L1A:1200394614
Class: 1 O2 LMB:1533272819 LMA:2472052098 L0B:1061933544 L0A: 999275568 L1B: 964260873 L1A: 964260873
Class: 2 O2 LMB:11637599799 LMA:1931205569 L0B:3301226618 L0A:3432500364 L1B:3419586377 L1A:3419586377
Class: 3 O2 LMB:13992867920 LMA: 317972209 L0B: 167084881 L0A: 216267153 L1B: 205433961 L1A: 205433961
Class: 4 O2 LMB:12330304994 LMA:  37386462 L0B:3087605980 L0A:1597188504 L1B:1550356914 L1A:1550356914

Orbit:3434300638 BC:0 miliSeconds:1.65718e+09
Class: 0 O2 LMB: 379261903 LMA:2931935411 L0B:2832602392 L0A:1234160753 L1B:1200394614 L1A:1200394614
Class: 1 O2 LMB:1533318188 LMA:2472093867 L0B:1061975313 L0A: 999317337 L1B: 964302642 L1A: 964302642
Class: 2 O2 LMB:12038380277 LMA:1931205569 L0B:3301271987 L0A:3432537902 L1B:3419623915 L1A:3419623915
Class: 3 O2 LMB:14393648398 LMA: 317972209 L0B: 167130250 L0A: 216305610 L1B: 205472418 L1A: 205472418
Class: 4 O2 LMB:12731085472 LMA:  37386462 L0B:3087651349 L0A:1597226701 L1B:1550395111 L1A:1550395111

Orbit:3434413095 BC:0 miliSeconds:1.65718e+09
Class: 0 O2 LMB: 379307923 LMA:2931981431 L0B:2832648412 L0A:1234160753 L1B:1200394614 L1A:1200394614
Class: 1 O2 LMB:1533364208 LMA:2472136213 L0B:1062017659 L0A: 999359683 L1B: 964344988 L1A: 964344988
Class: 2 O2 LMB:12439175967 LMA:1931205569 L0B:3301318007 L0A:3432575860 L1B:3419661873 L1A:3419661873
Class: 3 O2 LMB:14794444088 LMA: 317972209 L0B: 167176270 L0A: 216344561 L1B: 205511369 L1A: 205511369
Class: 4 O2 LMB:13131881161 LMA:  37386462 L0B:3087697369 L0A:1597265344 L1B:1550433754 L1A:1550433754

Orbit:3434525548 BC:0 miliSeconds:1.65718e+09
Class: 0 O2 LMB: 379353814 LMA:2932027322 L0B:2832694303 L0A:1234160753 L1B:1200394614 L1A:1200394614
Class: 1 O2 LMB:1533410099 LMA:2472178370 L0B:1062059816 L0A: 999401840 L1B: 964387145 L1A: 964387145
Class: 2 O2 LMB:12839958278 LMA:1931205569 L0B:3301363898 L0A:3432613732 L1B:3419699745 L1A:3419699745
Class: 3 O2 LMB:15195226399 LMA: 317972209 L0B: 167222161 L0A: 216383393 L1B: 205550201 L1A: 205550201
Class: 4 O2 LMB:13532663472 LMA:  37386462 L0B:3087743260 L0A:1597303875 L1B:1550472285 L1A:1550472285

Orbit:3434638005 BC:0 miliSeconds:1.65718e+09
Class: 0 O2 LMB: 379399185 LMA:2932072693 L0B:2832739674 L0A:1234160753 L1B:1200394614 L1A:1200394614
Class: 1 O2 LMB:1533455470 LMA:2472220020 L0B:1062101466 L0A: 999443490 L1B: 964428795 L1A: 964428795
Class: 2 O2 LMB:13240755768 LMA:1931205569 L0B:3301409269 L0A:3432633382 L1B:3419719395 L1A:3419719395
Class: 3 O2 LMB:15596023890 LMA: 317972209 L0B: 167267532 L0A: 216403277 L1B: 205570085 L1A: 205570085
Class: 4 O2 LMB:13933460963 LMA:  37386462 L0B:3087788631 L0A:1597341537 L1B:1550509947 L1A:1550509947

Orbit:3434750457 BC:0 miliSeconds:1.65718e+09
Class: 0 O2 LMB: 379444887 LMA:2932118395 L0B:2832785376 L0A:1234160753 L1B:1200394614 L1A:1200394614
Class: 1 O2 LMB:1533501172 LMA:2472261927 L0B:1062143373 L0A: 999485397 L1B: 964470702 L1A: 964470702
Class: 2 O2 LMB:13641535228 LMA:1931205569 L0B:3301454971 L0A:3432633382 L1B:3419719395 L1A:3419719395
Class: 3 O2 LMB:15996803350 LMA: 317972209 L0B: 167313234 L0A: 216403277 L1B: 205570085 L1A: 205570085
Class: 4 O2 LMB:14334240423 LMA:  37386462 L0B:3087834333 L0A:1597379884 L1B:1550548294 L1A:1550548294

Orbit:3434862912 BC:0 miliSeconds:1.65718e+09
Class: 0 O2 LMB: 379490565 LMA:2932164073 L0B:2832831054 L0A:1234160753 L1B:1200394614 L1A:1200394614
Class: 1 O2 LMB:1533546850 LMA:2472303923 L0B:1062185369 L0A: 999527393 L1B: 964512698 L1A: 964512698
Class: 2 O2 LMB:14042323260 LMA:1931205569 L0B:3301500649 L0A:3432633382 L1B:3419719395 L1A:3419719395
Class: 3 O2 LMB:16397591382 LMA: 317972209 L0B: 167358912 L0A: 216403277 L1B: 205570085 L1A: 205570085
Class: 4 O2 LMB:14735028455 LMA:  37386462 L0B:3087880011 L0A:1597418133 L1B:1550586543 L1A:1550586543

Orbit:3434975368 BC:0 miliSeconds:1.65718e+09
Class: 0 O2 LMB: 379536118 LMA:2932209626 L0B:2832876607 L0A:1234160753 L1B:1200394614 L1A:1200394614
Class: 1 O2 LMB:1533592403 LMA:2472345846 L0B:1062227292 L0A: 999569316 L1B: 964554621 L1A: 964554621
Class: 2 O2 LMB:14443116859 LMA:1931205569 L0B:3301546202 L0A:3432633382 L1B:3419719395 L1A:3419719395
Class: 3 O2 LMB:16798384981 LMA: 317972209 L0B: 167404465 L0A: 216403277 L1B: 205570085 L1A: 205570085
Class: 4 O2 LMB:15135822054 LMA:  37386462 L0B:3087925564 L0A:1597456418 L1B:1550624828 L1A:1550624828

Orbit:3435087824 BC:0 miliSeconds:1.65718e+09
Class: 0 O2 LMB: 379581697 LMA:2932255205 L0B:2832922186 L0A:1234160753 L1B:1200394614 L1A:1200394614
Class: 1 O2 LMB:1533637982 LMA:2472387592 L0B:1062269038 L0A: 999611062 L1B: 964596367 L1A: 964596367
Class: 2 O2 LMB:14843910278 LMA:1931205569 L0B:3301591781 L0A:3432633382 L1B:3419719395 L1A:3419719395
Class: 3 O2 LMB:17199178399 LMA: 317972209 L0B: 167450044 L0A: 216403277 L1B: 205570085 L1A: 205570085
Class: 4 O2 LMB:15536615473 LMA:  37386462 L0B:3087971143 L0A:1597494515 L1B:1550662925 L1A:1550662925

Orbit:3435200279 BC:0 miliSeconds:1.65718e+09
Class: 0 O2 LMB: 379627297 LMA:2932300805 L0B:2832967786 L0A:1234160753 L1B:1200394614 L1A:1200394614
Class: 1 O2 LMB:1533683582 LMA:2472429463 L0B:1062310909 L0A: 999652933 L1B: 964638238 L1A: 964638238
Class: 2 O2 LMB:15244698598 LMA:1931205569 L0B:3301637381 L0A:3432633382 L1B:3419719395 L1A:3419719395
Class: 3 O2 LMB:17599966719 LMA: 317972209 L0B: 167495644 L0A: 216403277 L1B: 205570085 L1A: 205570085
Class: 4 O2 LMB:15937403793 LMA:  37386462 L0B:3088016743 L0A:1597532725 L1B:1550701135 L1A:1550701135

Orbit:3435312732 BC:0 miliSeconds:1.65718e+09
Class: 0 O2 LMB: 379672857 LMA:2932346365 L0B:2833013346 L0A:1234160753 L1B:1200394614 L1A:1200394614
Class: 1 O2 LMB:1533729142 LMA:2472471372 L0B:1062352818 L0A: 999694842 L1B: 964680147 L1A: 964680147
Class: 2 O2 LMB:15645481418 LMA:1931205569 L0B:3301682941 L0A:3432633382 L1B:3419719395 L1A:3419719395
Class: 3 O2 LMB:18000749539 LMA: 317972209 L0B: 167541204 L0A: 216403277 L1B: 205570085 L1A: 205570085
Class: 4 O2 LMB:16338186613 LMA:  37386462 L0B:3088062303 L0A:1597570987 L1B:1550739397 L1A:1550739397

Orbit:3435425185 BC:0 miliSeconds:1.65718e+09
Class: 0 O2 LMB: 379718213 LMA:2932391721 L0B:2833058702 L0A:1234160753 L1B:1200394614 L1A:1200394614
Class: 1 O2 LMB:1533774498 LMA:2472513028 L0B:1062394474 L0A: 999736498 L1B: 964721803 L1A: 964721803
Class: 2 O2 LMB:16046264461 LMA:1931205569 L0B:3301728297 L0A:3432633382 L1B:3419719395 L1A:3419719395
Class: 3 O2 LMB:18401532582 LMA: 317972209 L0B: 167586560 L0A: 216403277 L1B: 205570085 L1A: 205570085
Class: 4 O2 LMB:16738969656 LMA:  37386462 L0B:3088107659 L0A:1597609077 L1B:1550777487 L1A:1550777487

Orbit:3435537641 BC:0 miliSeconds:1.65718e+09
Class: 0 O2 LMB: 379763823 LMA:2932437331 L0B:2833104312 L0A:1234160753 L1B:1200394614 L1A:1200394614
Class: 1 O2 LMB:1533820108 LMA:2472554868 L0B:1062436314 L0A: 999778338 L1B: 964763643 L1A: 964763643
Class: 2 O2 LMB:16447059507 LMA:1931205569 L0B:3301773907 L0A:3432633382 L1B:3419719395 L1A:3419719395
Class: 3 O2 LMB:18802327628 LMA: 317972209 L0B: 167632170 L0A: 216403277 L1B: 205570085 L1A: 205570085
Class: 4 O2 LMB:17139764702 LMA:  37386462 L0B:3088153269 L0A:1597647391 L1B:1550815801 L1A:1550815801

Orbit:3435650099 BC:0 miliSeconds:1.65718e+09
Class: 0 O2 LMB: 379809420 LMA:2932482928 L0B:2833149909 L0A:1234160753 L1B:1200394614 L1A:1200394614
Class: 1 O2 LMB:1533865705 LMA:2472596777 L0B:1062478223 L0A: 999820247 L1B: 964805552 L1A: 964805552
Class: 2 O2 LMB:16847858508 LMA:1931205569 L0B:3301819504 L0A:3432633382 L1B:3419719395 L1A:3419719395
Class: 3 O2 LMB:19203126629 LMA: 317972209 L0B: 167677767 L0A: 216403277 L1B: 205570085 L1A: 205570085
Class: 4 O2 LMB:17540563702 LMA:  37386462 L0B:3088198866 L0A:1597685623 L1B:1550854033 L1A:1550854033

Orbit:3435762553 BC:0 miliSeconds:1.65718e+09
Class: 0 O2 LMB: 379854986 LMA:2932528494 L0B:2833195475 L0A:1234160753 L1B:1200394614 L1A:1200394614
Class: 1 O2 LMB:1533911271 LMA:2472638753 L0B:1062520199 L0A: 999862223 L1B: 964847528 L1A: 964847528
Class: 2 O2 LMB:17248645513 LMA:1931205569 L0B:3301865070 L0A:3432633382 L1B:3419719395 L1A:3419719395
Class: 3 O2 LMB:19603913635 LMA: 317972209 L0B: 167723333 L0A: 216403277 L1B: 205570085 L1A: 205570085
Class: 4 O2 LMB:17941350708 LMA:  37386462 L0B:3088244432 L0A:1597723943 L1B:1550892353 L1A:1550892353

Orbit:3435875009 BC:0 miliSeconds:1.65718e+09
Class: 0 O2 LMB: 379900366 LMA:2932573874 L0B:2833240855 L0A:1234160753 L1B:1200394614 L1A:1200394614
Class: 1 O2 LMB:1533956651 LMA:2472680493 L0B:1062561939 L0A: 999903963 L1B: 964889268 L1A: 964889268
Class: 2 O2 LMB:17649437018 LMA:1931205569 L0B:3301910450 L0A:3432633382 L1B:3419719395 L1A:3419719395
Class: 3 O2 LMB:20004705140 LMA: 317972209 L0B: 167768713 L0A: 216403277 L1B: 205570085 L1A: 205570085
Class: 4 O2 LMB:18342142213 LMA:  37386462 L0B:3088289812 L0A:1597762032 L1B:1550930442 L1A:1550930442

Orbit:3435981422 BC:0 miliSeconds:1.65718e+09
Class: 0 O2 LMB: 379943287 LMA:2932616795 L0B:2833283776 L0A:1234160753 L1B:1200394614 L1A:1200394614
Class: 1 O2 LMB:1533999572 LMA:2472719975 L0B:1062601421 L0A: 999943445 L1B: 964928750 L1A: 964928750
Class: 2 O2 LMB:18028692095 LMA:1931205569 L0B:3301953371 L0A:3432633382 L1B:3419719395 L1A:3419719395
Class: 3 O2 LMB:20383960217 LMA: 317972209 L0B: 167811634 L0A: 216403277 L1B: 205570085 L1A: 205570085
Class: 4 O2 LMB:18721397290 LMA:  37386462 L0B:3088332733 L0A:1597798133 L1B:1550966543 L1A:1550966543

CTP Scalers (version:0) Run:520294
O2 Counters:
printFromZero Orbit:0 BC:0 miliSeconds:0
Class: 0 O2 LMB:         0 LMA:         0 LOB:         0 L0A:         0 L1B:         0 L1A:         0
Class: 1 O2 LMB:         0 LMA:         0 LOB:         0 L0A:         0 L1B:         0 L1A:         0
Class: 2 O2 LMB:         0 LMA:         0 LOB:         0 L0A:         0 L1B:         0 L1A:         0
Class: 3 O2 LMB:         0 LMA:         0 LOB:         0 L0A:         0 L1B:         0 L1A:         0
Class: 4 O2 LMB:         0 LMA:         0 LOB:         0 L0A:         0 L1B:         0 L1A:         0

printFromZero Orbit:65131 BC:0 miliSeconds:6
Class: 0 O2 LMB:     26735 LMA:     26735 LOB:     26735 L0A:         0 L1B:         0 L1A:         0
Class: 1 O2 LMB:     26735 LMA:     24599 LOB:     24599 L0A:     24599 L1B:     24599 L1A:     24599
Class: 2 O2 LMB: 232127587 LMA:         0 LOB:     26735 L0A:     22014 L1B:     22014 L1A:     22014
Class: 3 O2 LMB: 232127587 LMA:         0 LOB:     26735 L0A:     22621 L1B:     22621 L1A:     22621
Class: 4 O2 LMB: 232127587 LMA:         0 LOB:     26735 L0A:     22472 L1B:     22472 L1A:     22472

printFromZero Orbit:177587 BC:0 miliSeconds:16
Class: 0 O2 LMB:     72687 LMA:     72687 LOB:     72687 L0A:         0 L1B:         0 L1A:         0
Class: 1 O2 LMB:     72687 LMA:     66732 LOB:     66732 L0A:     66732 L1B:     66732 L1A:     66732
Class: 2 O2 LMB: 632919685 LMA:         0 LOB:     72687 L0A:     59854 L1B:     59854 L1A:     59854
Class: 3 O2 LMB: 632919685 LMA:         0 LOB:     72687 L0A:     61377 L1B:     61377 L1A:     61377
Class: 4 O2 LMB: 632919685 LMA:         0 LOB:     72687 L0A:     60945 L1B:     60945 L1A:     60945

printFromZero Orbit:290043 BC:0 miliSeconds:26
Class: 0 O2 LMB:    118635 LMA:    118635 LOB:    118634 L0A:         0 L1B:         0 L1A:         0
Class: 1 O2 LMB:    118635 LMA:    108914 LOB:    108913 L0A:    108913 L1B:    108913 L1A:    108913
Class: 2 O2 LMB:1033711365 LMA:         0 LOB:    118634 L0A:     97594 L1B:     97594 L1A:     97594
Class: 3 O2 LMB:1033711365 LMA:         0 LOB:    118634 L0A:    100133 L1B:    100133 L1A:    100133
Class: 4 O2 LMB:1033711365 LMA:         0 LOB:    118634 L0A:     99409 L1B:     99409 L1A:     99409

printFromZero Orbit:402499 BC:0 miliSeconds:36
Class: 0 O2 LMB:    164629 LMA:    164629 LOB:    164629 L0A:         0 L1B:         0 L1A:         0
Class: 1 O2 LMB:    164629 LMA:    151156 LOB:    151156 L0A:    151156 L1B:    151156 L1A:    151156
Class: 2 O2 LMB:1434505109 LMA:         0 LOB:    164629 L0A:    135482 L1B:    135482 L1A:    135482
Class: 3 O2 LMB:1434505109 LMA:         0 LOB:    164629 L0A:    138957 L1B:    138957 L1A:    138957
Class: 4 O2 LMB:1434505109 LMA:         0 LOB:    164629 L0A:    137951 L1B:    137951 L1A:    137951

printFromZero Orbit:514950 BC:0 miliSeconds:46
Class: 0 O2 LMB:    210642 LMA:    210642 LOB:    210642 L0A:         0 L1B:         0 L1A:         0
Class: 1 O2 LMB:    210642 LMA:    193443 LOB:    193443 L0A:    193443 L1B:    193443 L1A:    193443
Class: 2 O2 LMB:1835279867 LMA:         0 LOB:    210642 L0A:    173382 L1B:    173382 L1A:    173382
Class: 3 O2 LMB:1835279866 LMA:         0 LOB:    210642 L0A:    177725 L1B:    177725 L1A:    177725
Class: 4 O2 LMB:1835279867 LMA:         0 LOB:    210642 L0A:    176421 L1B:    176421 L1A:    176421

printFromZero Orbit:627410 BC:0 miliSeconds:56
Class: 0 O2 LMB:    256538 LMA:    256538 LOB:    256538 L0A:         0 L1B:         0 L1A:         0
Class: 1 O2 LMB:    256538 LMA:    235609 LOB:    235609 L0A:    235609 L1B:    235609 L1A:    235609
Class: 2 O2 LMB:2236089644 LMA:         0 LOB:    256538 L0A:    211295 L1B:    211295 L1A:    211295
Class: 3 O2 LMB:2236089643 LMA:         0 LOB:    256538 L0A:    216624 L1B:    216624 L1A:    216624
Class: 4 O2 LMB:2236089644 LMA:         0 LOB:    256538 L0A:    215008 L1B:    215008 L1A:    215008

printFromZero Orbit:739862 BC:0 miliSeconds:66
Class: 0 O2 LMB:    302078 LMA:    302078 LOB:    302078 L0A:         0 L1B:         0 L1A:         0
Class: 1 O2 LMB:    302078 LMA:    277410 LOB:    277410 L0A:    277410 L1B:    277410 L1A:    277410
Class: 2 O2 LMB:2636866535 LMA:         0 LOB:    302078 L0A:    248893 L1B:    248893 L1A:    248893
Class: 3 O2 LMB:2636866534 LMA:         0 LOB:    302078 L0A:    255148 L1B:    255148 L1A:    255148
Class: 4 O2 LMB:2636866535 LMA:         0 LOB:    302078 L0A:    253235 L1B:    253235 L1A:    253235

printFromZero Orbit:852317 BC:0 miliSeconds:76
Class: 0 O2 LMB:    347742 LMA:    347742 LOB:    347742 L0A:         0 L1B:         0 L1A:         0
Class: 1 O2 LMB:    347742 LMA:    319364 LOB:    319364 L0A:    319364 L1B:    319364 L1A:    319364
Class: 2 O2 LMB:3037655786 LMA:         0 LOB:    347742 L0A:    286643 L1B:    286643 L1A:    286643
Class: 3 O2 LMB:3037655785 LMA:         0 LOB:    347742 L0A:    293782 L1B:    293782 L1A:    293782
Class: 4 O2 LMB:3037655786 LMA:         0 LOB:    347742 L0A:    291584 L1B:    291584 L1A:    291584

printFromZero Orbit:964770 BC:0 miliSeconds:86
Class: 0 O2 LMB:    393307 LMA:    393307 LOB:    393307 L0A:         0 L1B:         0 L1A:         0
Class: 1 O2 LMB:    393307 LMA:    361328 LOB:    361328 L0A:    361328 L1B:    361328 L1A:    361328
Class: 2 O2 LMB:3438440895 LMA:         0 LOB:    393307 L0A:    324325 L1B:    324325 L1A:    324325
Class: 3 O2 LMB:3438440894 LMA:         0 LOB:    393307 L0A:    332369 L1B:    332369 L1A:    332369
Class: 4 O2 LMB:3438440894 LMA:         0 LOB:    393307 L0A:    329886 L1B:    329886 L1A:    329886

printFromZero Orbit:1077225 BC:0 miliSeconds:96
Class: 0 O2 LMB:    438640 LMA:    438640 LOB:    438640 L0A:         0 L1B:         0 L1A:         0
Class: 1 O2 LMB:    438640 LMA:    403052 LOB:    403052 L0A:    403052 L1B:    403052 L1A:    403052
Class: 2 O2 LMB:3839228762 LMA:         0 LOB:    438640 L0A:    361890 L1B:    361890 L1A:    361890
Class: 3 O2 LMB:3839228761 LMA:         0 LOB:    438640 L0A:    370821 L1B:    370821 L1A:    370821
Class: 4 O2 LMB:3839228761 LMA:         0 LOB:    438640 L0A:    368067 L1B:    368067 L1A:    368067

printFromZero Orbit:1189681 BC:0 miliSeconds:106
Class: 0 O2 LMB:    484608 LMA:    484608 LOB:    484608 L0A:         0 L1B:         0 L1A:         0
Class: 1 O2 LMB:    484608 LMA:    445374 LOB:    445374 L0A:    445374 L1B:    445374 L1A:    445374
Class: 2 O2 LMB:4240022862 LMA:         0 LOB:    484608 L0A:    399737 L1B:    399737 L1A:    399737
Class: 3 O2 LMB:4240022862 LMA:         0 LOB:    484608 L0A:    409593 L1B:    409593 L1A:    409593
Class: 4 O2 LMB:4240022862 LMA:         0 LOB:    484608 L0A:    406548 L1B:    406548 L1A:    406548

printFromZero Orbit:1302138 BC:0 miliSeconds:116
Class: 0 O2 LMB:    530330 LMA:    530330 LOB:    530330 L0A:         0 L1B:         0 L1A:         0
Class: 1 O2 LMB:    530330 LMA:    487319 LOB:    487319 L0A:    487319 L1B:    487319 L1A:    487319
Class: 2 O2 LMB:4640817816 LMA:         0 LOB:    530330 L0A:    437413 L1B:    437413 L1A:    437413
Class: 3 O2 LMB:4640817816 LMA:         0 LOB:    530330 L0A:    448206 L1B:    448206 L1A:    448206
Class: 4 O2 LMB:4640817816 LMA:         0 LOB:    530330 L0A:    444891 L1B:    444891 L1A:    444891

printFromZero Orbit:1414592 BC:0 miliSeconds:126
Class: 0 O2 LMB:    576192 LMA:    576192 LOB:    576192 L0A:         0 L1B:         0 L1A:         0
Class: 1 O2 LMB:    576192 LMA:    529492 LOB:    529492 L0A:    529492 L1B:    529492 L1A:    529492
Class: 2 O2 LMB:5041605353 LMA:         0 LOB:    576192 L0A:    475290 L1B:    475290 L1A:    475290
Class: 3 O2 LMB:5041605353 LMA:         0 LOB:    576192 L0A:    487048 L1B:    487048 L1A:    487048
Class: 4 O2 LMB:5041605353 LMA:         0 LOB:    576192 L0A:    483450 L1B:    483450 L1A:    483450

printFromZero Orbit:1527045 BC:0 miliSeconds:136
Class: 0 O2 LMB:    621963 LMA:    621963 LOB:    621963 L0A:         0 L1B:         0 L1A:         0
Class: 1 O2 LMB:    621963 LMA:    571511 LOB:    571511 L0A:    571511 L1B:    571511 L1A:    571511
Class: 2 O2 LMB:5442388951 LMA:         0 LOB:    621963 L0A:    512942 L1B:    512942 L1A:    512942
Class: 3 O2 LMB:5442388951 LMA:         0 LOB:    621963 L0A:    525603 L1B:    525603 L1A:    525603
Class: 4 O2 LMB:5442388951 LMA:         0 LOB:    621963 L0A:    521728 L1B:    521728 L1A:    521728

printFromZero Orbit:1639498 BC:0 miliSeconds:146
Class: 0 O2 LMB:    667567 LMA:    667567 LOB:    667567 L0A:         0 L1B:         0 L1A:         0
Class: 1 O2 LMB:    667567 LMA:    613410 LOB:    613410 L0A:    613410 L1B:    613410 L1A:    613410
Class: 2 O2 LMB:5843168581 LMA:         0 LOB:    667567 L0A:    550437 L1B:    550437 L1A:    550437
Class: 3 O2 LMB:5843168581 LMA:         0 LOB:    667567 L0A:    564057 L1B:    564057 L1A:    564057
Class: 4 O2 LMB:5843168581 LMA:         0 LOB:    667567 L0A:    559890 L1B:    559890 L1A:    559890

printFromZero Orbit:1751957 BC:0 miliSeconds:156
Class: 0 O2 LMB:    713264 LMA:    713264 LOB:    713264 L0A:         0 L1B:         0 L1A:         0
Class: 1 O2 LMB:    713264 LMA:    655487 LOB:    655487 L0A:    655487 L1B:    655487 L1A:    655487
Class: 2 O2 LMB:6243972866 LMA:         0 LOB:    713264 L0A:    588263 L1B:    588263 L1A:    588263
Class: 3 O2 LMB:6243972865 LMA:         0 LOB:    713264 L0A:    602779 L1B:    602779 L1A:    602779
Class: 4 O2 LMB:6243972866 LMA:         0 LOB:    713264 L0A:    598340 L1B:    598340 L1A:    598340

printFromZero Orbit:1864412 BC:0 miliSeconds:166
Class: 0 O2 LMB:    758938 LMA:    758938 LOB:    758938 L0A:         0 L1B:         0 L1A:         0
Class: 1 O2 LMB:    758938 LMA:    697436 LOB:    697436 L0A:    697436 L1B:    697436 L1A:    697436
Class: 2 O2 LMB:6644763900 LMA:         0 LOB:    758938 L0A:    625959 L1B:    625959 L1A:    625959
Class: 3 O2 LMB:6644763899 LMA:         0 LOB:    758938 L0A:    641421 L1B:    641421 L1A:    641421
Class: 4 O2 LMB:6644763900 LMA:         0 LOB:    758938 L0A:    636662 L1B:    636662 L1A:    636662

printFromZero Orbit:1976865 BC:0 miliSeconds:176
Class: 0 O2 LMB:    804916 LMA:    804916 LOB:    804916 L0A:         0 L1B:         0 L1A:         0
Class: 1 O2 LMB:    804916 LMA:    739739 LOB:    739739 L0A:    739739 L1B:    739739 L1A:    739739
Class: 2 O2 LMB:7045546364 LMA:         0 LOB:    804916 L0A:    663830 L1B:    663830 L1A:    663830
Class: 3 O2 LMB:7045546363 LMA:         0 LOB:    804916 L0A:    680259 L1B:    680259 L1A:    680259
Class: 4 O2 LMB:7045546364 LMA:         0 LOB:    804916 L0A:    675204 L1B:    675204 L1A:    675204

printFromZero Orbit:2089320 BC:0 miliSeconds:186
Class: 0 O2 LMB:    850561 LMA:    850561 LOB:    850561 L0A:         0 L1B:         0 L1A:         0
Class: 1 O2 LMB:    850561 LMA:    781782 LOB:    781782 L0A:    781782 L1B:    781782 L1A:    781782
Class: 2 O2 LMB:7446334168 LMA:         0 LOB:    850561 L0A:    701549 L1B:    701549 L1A:    701549
Class: 3 O2 LMB:7446334167 LMA:         0 LOB:    850561 L0A:    718937 L1B:    718937 L1A:    718937
Class: 4 O2 LMB:7446334168 LMA:         0 LOB:    850561 L0A:    713575 L1B:    713575 L1A:    713575

printFromZero Orbit:2201776 BC:0 miliSeconds:196
Class: 0 O2 LMB:    896231 LMA:    896231 LOB:    896231 L0A:         0 L1B:         0 L1A:         0
Class: 1 O2 LMB:    896231 LMA:    823689 LOB:    823689 L0A:    823689 L1B:    823689 L1A:    823689
Class: 2 O2 LMB:7847130370 LMA:         0 LOB:    896231 L0A:    739177 L1B:    739177 L1A:    739177
Class: 3 O2 LMB:7847130369 LMA:         0 LOB:    896231 L0A:    757522 L1B:    757522 L1A:    757522
Class: 4 O2 LMB:7847130369 LMA:         0 LOB:    896231 L0A:    751855 L1B:    751855 L1A:    751855

printFromZero Orbit:2314232 BC:0 miliSeconds:206
Class: 0 O2 LMB:    941803 LMA:    941803 LOB:    941803 L0A:         0 L1B:         0 L1A:         0
Class: 1 O2 LMB:    941803 LMA:    865561 LOB:    865561 L0A:    865561 L1B:    865561 L1A:    865561
Class: 2 O2 LMB:8247923587 LMA:         0 LOB:    941803 L0A:    776759 L1B:    776759 L1A:    776759
Class: 3 O2 LMB:8247923586 LMA:         0 LOB:    941803 L0A:    796028 L1B:    796028 L1A:    796028
Class: 4 O2 LMB:8247923586 LMA:         0 LOB:    941803 L0A:    790075 L1B:    790075 L1A:    790075

printFromZero Orbit:2426684 BC:0 miliSeconds:216
Class: 0 O2 LMB:    987262 LMA:    987262 LOB:    987262 L0A:         0 L1B:         0 L1A:         0
Class: 1 O2 LMB:    987262 LMA:    907344 LOB:    907344 L0A:    907344 L1B:    907343 L1A:    907343
Class: 2 O2 LMB:8648700835 LMA:         0 LOB:    987262 L0A:    814211 L1B:    814210 L1A:    814210
Class: 3 O2 LMB:8648700835 LMA:         0 LOB:    987262 L0A:    834436 L1B:    834436 L1A:    834436
Class: 4 O2 LMB:8648700835 LMA:         0 LOB:    987262 L0A:    828159 L1B:    828159 L1A:    828159

printFromZero Orbit:2539138 BC:0 miliSeconds:226
Class: 0 O2 LMB:   1032703 LMA:   1032703 LOB:   1032703 L0A:         0 L1B:         0 L1A:         0
Class: 1 O2 LMB:   1032703 LMA:    949153 LOB:    949153 L0A:    949153 L1B:    949153 L1A:    949153
Class: 2 O2 LMB:9049487442 LMA:         0 LOB:   1032703 L0A:    851757 L1B:    851757 L1A:    851757
Class: 3 O2 LMB:9049487442 LMA:         0 LOB:   1032703 L0A:    872871 L1B:    872871 L1A:    872871
Class: 4 O2 LMB:9049487442 LMA:         0 LOB:   1032703 L0A:    866310 L1B:    866310 L1A:    866310

printFromZero Orbit:2651594 BC:0 miliSeconds:236
Class: 0 O2 LMB:   1078180 LMA:   1078180 LOB:   1078180 L0A:         0 L1B:         0 L1A:         0
Class: 1 O2 LMB:   1078180 LMA:    991016 LOB:    991016 L0A:    991016 L1B:    991016 L1A:    991016
Class: 2 O2 LMB:9450279588 LMA:         0 LOB:   1078180 L0A:    889316 L1B:    889316 L1A:    889316
Class: 3 O2 LMB:9450279588 LMA:         0 LOB:   1078180 L0A:    911369 L1B:    911369 L1A:    911369
Class: 4 O2 LMB:9450279588 LMA:         0 LOB:   1078180 L0A:    904525 L1B:    904525 L1A:    904525

printFromZero Orbit:2764051 BC:0 miliSeconds:246
Class: 0 O2 LMB:   1123766 LMA:   1123766 LOB:   1123766 L0A:         0 L1B:         0 L1A:         0
Class: 1 O2 LMB:   1123766 LMA:   1032933 LOB:   1032933 L0A:   1032933 L1B:   1032933 L1A:   1032933
Class: 2 O2 LMB:9851077410 LMA:         0 LOB:   1123766 L0A:    926994 L1B:    926994 L1A:    926994
Class: 3 O2 LMB:9851077410 LMA:         0 LOB:   1123766 L0A:    949977 L1B:    949977 L1A:    949977
Class: 4 O2 LMB:9851077410 LMA:         0 LOB:   1123766 L0A:    942849 L1B:    942849 L1A:    942849

printFromZero Orbit:2876509 BC:0 miliSeconds:256
Class: 0 O2 LMB:   1169228 LMA:   1169228 LOB:   1169228 L0A:         0 L1B:         0 L1A:         0
Class: 1 O2 LMB:   1169228 LMA:   1074723 LOB:   1074723 L0A:   1074723 L1B:   1074723 L1A:   1074723
Class: 2 O2 LMB:10251876461 LMA:         0 LOB:   1169228 L0A:    964498 L1B:    964498 L1A:    964498
Class: 3 O2 LMB:10251876461 LMA:         0 LOB:   1169228 L0A:    988431 L1B:    988431 L1A:    988431
Class: 4 O2 LMB:10251876461 LMA:         0 LOB:   1169228 L0A:    981026 L1B:    981026 L1A:    981026

printFromZero Orbit:2988962 BC:0 miliSeconds:266
Class: 0 O2 LMB:   1214605 LMA:   1214605 LOB:   1214605 L0A:         0 L1B:         0 L1A:         0
Class: 1 O2 LMB:   1214605 LMA:   1116351 LOB:   1116351 L0A:   1116351 L1B:   1116351 L1A:   1116351
Class: 2 O2 LMB:10652660170 LMA:         0 LOB:   1214605 L0A:   1001805 L1B:   1001805 L1A:   1001805
Class: 3 O2 LMB:10652660169 LMA:         0 LOB:   1214605 L0A:   1026659 L1B:   1026659 L1A:   1026659
Class: 4 O2 LMB:10652660170 LMA:         0 LOB:   1214605 L0A:   1018965 L1B:   1018965 L1A:   1018965

printFromZero Orbit:3101419 BC:0 miliSeconds:276
Class: 0 O2 LMB:   1260515 LMA:   1260515 LOB:   1260515 L0A:         0 L1B:         0 L1A:         0
Class: 1 O2 LMB:   1260515 LMA:   1158512 LOB:   1158512 L0A:   1158512 L1B:   1158512 L1A:   1158512
Class: 2 O2 LMB:11053457932 LMA:         0 LOB:   1260515 L0A:   1039645 L1B:   1039645 L1A:   1039645
Class: 3 O2 LMB:11053457931 LMA:         0 LOB:   1260515 L0A:   1065395 L1B:   1065395 L1A:   1065395
Class: 4 O2 LMB:11053457932 LMA:         0 LOB:   1260515 L0A:   1057436 L1B:   1057436 L1A:   1057436

printFromZero Orbit:3213874 BC:0 miliSeconds:286
Class: 0 O2 LMB:   1306560 LMA:   1306560 LOB:   1306560 L0A:         0 L1B:         0 L1A:         0
Class: 1 O2 LMB:   1306560 LMA:   1200767 LOB:   1200767 L0A:   1200767 L1B:   1200767 L1A:   1200767
Class: 2 O2 LMB:11454245579 LMA:         0 LOB:   1306560 L0A:   1077366 L1B:   1077366 L1A:   1077366
Class: 3 O2 LMB:11454245578 LMA:         0 LOB:   1306560 L0A:   1104118 L1B:   1104118 L1A:   1104118
Class: 4 O2 LMB:11454245579 LMA:         0 LOB:   1306560 L0A:   1095835 L1B:   1095835 L1A:   1095835

printFromZero Orbit:3326326 BC:0 miliSeconds:296
Class: 0 O2 LMB:   1351929 LMA:   1351929 LOB:   1351929 L0A:         0 L1B:         0 L1A:         0
Class: 1 O2 LMB:   1351929 LMA:   1242536 LOB:   1242536 L0A:   1242536 L1B:   1242536 L1A:   1242536
Class: 2 O2 LMB:11855026057 LMA:         0 LOB:   1351929 L0A:   1114904 L1B:   1114904 L1A:   1114904
Class: 3 O2 LMB:11855026056 LMA:         0 LOB:   1351929 L0A:   1142575 L1B:   1142575 L1A:   1142575
Class: 4 O2 LMB:11855026057 LMA:         0 LOB:   1351929 L0A:   1134032 L1B:   1134032 L1A:   1134032

printFromZero Orbit:3438783 BC:0 miliSeconds:306
Class: 0 O2 LMB:   1397949 LMA:   1397949 LOB:   1397949 L0A:         0 L1B:         0 L1A:         0
Class: 1 O2 LMB:   1397949 LMA:   1284882 LOB:   1284882 L0A:   1284882 L1B:   1284882 L1A:   1284882
Class: 2 O2 LMB:12255821747 LMA:         0 LOB:   1397949 L0A:   1152862 L1B:   1152862 L1A:   1152862
Class: 3 O2 LMB:12255821746 LMA:         0 LOB:   1397949 L0A:   1181526 L1B:   1181526 L1A:   1181526
Class: 4 O2 LMB:12255821746 LMA:         0 LOB:   1397949 L0A:   1172675 L1B:   1172675 L1A:   1172675

printFromZero Orbit:3551236 BC:0 miliSeconds:316
Class: 0 O2 LMB:   1443840 LMA:   1443840 LOB:   1443840 L0A:         0 L1B:         0 L1A:         0
Class: 1 O2 LMB:   1443840 LMA:   1327039 LOB:   1327039 L0A:   1327039 L1B:   1327039 L1A:   1327039
Class: 2 O2 LMB:12656604058 LMA:         0 LOB:   1443840 L0A:   1190734 L1B:   1190734 L1A:   1190734
Class: 3 O2 LMB:12656604057 LMA:         0 LOB:   1443840 L0A:   1220358 L1B:   1220358 L1A:   1220358
Class: 4 O2 LMB:12656604057 LMA:         0 LOB:   1443840 L0A:   1211206 L1B:   1211206 L1A:   1211206

printFromZero Orbit:3663693 BC:0 miliSeconds:326
Class: 0 O2 LMB:   1489211 LMA:   1489211 LOB:   1489211 L0A:         0 L1B:         0 L1A:         0
Class: 1 O2 LMB:   1489211 LMA:   1368689 LOB:   1368689 L0A:   1368689 L1B:   1368689 L1A:   1368689
Class: 2 O2 LMB:13057401548 LMA:         0 LOB:   1489211 L0A:   1210384 L1B:   1210384 L1A:   1210384
Class: 3 O2 LMB:13057401548 LMA:         0 LOB:   1489211 L0A:   1240242 L1B:   1240242 L1A:   1240242
Class: 4 O2 LMB:13057401548 LMA:         0 LOB:   1489211 L0A:   1248868 L1B:   1248868 L1A:   1248868

printFromZero Orbit:3776145 BC:0 miliSeconds:336
Class: 0 O2 LMB:   1534913 LMA:   1534913 LOB:   1534913 L0A:         0 L1B:         0 L1A:         0
Class: 1 O2 LMB:   1534913 LMA:   1410596 LOB:   1410596 L0A:   1410596 L1B:   1410596 L1A:   1410596
Class: 2 O2 LMB:13458181008 LMA:         0 LOB:   1534913 L0A:   1210384 L1B:   1210384 L1A:   1210384
Class: 3 O2 LMB:13458181008 LMA:         0 LOB:   1534913 L0A:   1240242 L1B:   1240242 L1A:   1240242
Class: 4 O2 LMB:13458181008 LMA:         0 LOB:   1534913 L0A:   1287215 L1B:   1287215 L1A:   1287215

printFromZero Orbit:3888600 BC:0 miliSeconds:346
Class: 0 O2 LMB:   1580591 LMA:   1580591 LOB:   1580591 L0A:         0 L1B:         0 L1A:         0
Class: 1 O2 LMB:   1580591 LMA:   1452592 LOB:   1452592 L0A:   1452592 L1B:   1452592 L1A:   1452592
Class: 2 O2 LMB:13858969040 LMA:         0 LOB:   1580591 L0A:   1210384 L1B:   1210384 L1A:   1210384
Class: 3 O2 LMB:13858969040 LMA:         0 LOB:   1580591 L0A:   1240242 L1B:   1240242 L1A:   1240242
Class: 4 O2 LMB:13858969040 LMA:         0 LOB:   1580591 L0A:   1325464 L1B:   1325464 L1A:   1325464

printFromZero Orbit:4001056 BC:0 miliSeconds:356
Class: 0 O2 LMB:   1626144 LMA:   1626144 LOB:   1626144 L0A:         0 L1B:         0 L1A:         0
Class: 1 O2 LMB:   1626144 LMA:   1494515 LOB:   1494515 L0A:   1494515 L1B:   1494515 L1A:   1494515
Class: 2 O2 LMB:14259762639 LMA:         0 LOB:   1626144 L0A:   1210384 L1B:   1210384 L1A:   1210384
Class: 3 O2 LMB:14259762639 LMA:         0 LOB:   1626144 L0A:   1240242 L1B:   1240242 L1A:   1240242
Class: 4 O2 LMB:14259762639 LMA:         0 LOB:   1626144 L0A:   1363749 L1B:   1363749 L1A:   1363749

printFromZero Orbit:4113512 BC:0 miliSeconds:366
Class: 0 O2 LMB:   1671723 LMA:   1671723 LOB:   1671723 L0A:         0 L1B:         0 L1A:         0
Class: 1 O2 LMB:   1671723 LMA:   1536261 LOB:   1536261 L0A:   1536261 L1B:   1536261 L1A:   1536261
Class: 2 O2 LMB:14660556058 LMA:         0 LOB:   1671723 L0A:   1210384 L1B:   1210384 L1A:   1210384
Class: 3 O2 LMB:14660556057 LMA:         0 LOB:   1671723 L0A:   1240242 L1B:   1240242 L1A:   1240242
Class: 4 O2 LMB:14660556058 LMA:         0 LOB:   1671723 L0A:   1401846 L1B:   1401846 L1A:   1401846

printFromZero Orbit:4225967 BC:0 miliSeconds:376
Class: 0 O2 LMB:   1717323 LMA:   1717323 LOB:   1717323 L0A:         0 L1B:         0 L1A:         0
Class: 1 O2 LMB:   1717323 LMA:   1578132 LOB:   1578132 L0A:   1578132 L1B:   1578132 L1A:   1578132
Class: 2 O2 LMB:15061344378 LMA:         0 LOB:   1717323 L0A:   1210384 L1B:   1210384 L1A:   1210384
Class: 3 O2 LMB:15061344377 LMA:         0 LOB:   1717323 L0A:   1240242 L1B:   1240242 L1A:   1240242
Class: 4 O2 LMB:15061344378 LMA:         0 LOB:   1717323 L0A:   1440056 L1B:   1440056 L1A:   1440056

printFromZero Orbit:4338420 BC:0 miliSeconds:386
Class: 0 O2 LMB:   1762883 LMA:   1762883 LOB:   1762883 L0A:         0 L1B:         0 L1A:         0
Class: 1 O2 LMB:   1762883 LMA:   1620041 LOB:   1620041 L0A:   1620041 L1B:   1620041 L1A:   1620041
Class: 2 O2 LMB:15462127198 LMA:         0 LOB:   1762883 L0A:   1210384 L1B:   1210384 L1A:   1210384
Class: 3 O2 LMB:15462127197 LMA:         0 LOB:   1762883 L0A:   1240242 L1B:   1240242 L1A:   1240242
Class: 4 O2 LMB:15462127198 LMA:         0 LOB:   1762883 L0A:   1478318 L1B:   1478318 L1A:   1478318

printFromZero Orbit:4450873 BC:0 miliSeconds:396
Class: 0 O2 LMB:   1808239 LMA:   1808239 LOB:   1808239 L0A:         0 L1B:         0 L1A:         0
Class: 1 O2 LMB:   1808239 LMA:   1661697 LOB:   1661697 L0A:   1661697 L1B:   1661697 L1A:   1661697
Class: 2 O2 LMB:15862910241 LMA:         0 LOB:   1808239 L0A:   1210384 L1B:   1210384 L1A:   1210384
Class: 3 O2 LMB:15862910240 LMA:         0 LOB:   1808239 L0A:   1240242 L1B:   1240242 L1A:   1240242
Class: 4 O2 LMB:15862910241 LMA:         0 LOB:   1808239 L0A:   1516408 L1B:   1516408 L1A:   1516408

printFromZero Orbit:4563329 BC:0 miliSeconds:406
Class: 0 O2 LMB:   1853849 LMA:   1853849 LOB:   1853849 L0A:         0 L1B:         0 L1A:         0
Class: 1 O2 LMB:   1853849 LMA:   1703537 LOB:   1703537 L0A:   1703537 L1B:   1703537 L1A:   1703537
Class: 2 O2 LMB:16263705287 LMA:         0 LOB:   1853849 L0A:   1210384 L1B:   1210384 L1A:   1210384
Class: 3 O2 LMB:16263705286 LMA:         0 LOB:   1853849 L0A:   1240242 L1B:   1240242 L1A:   1240242
Class: 4 O2 LMB:16263705287 LMA:         0 LOB:   1853849 L0A:   1554722 L1B:   1554722 L1A:   1554722

printFromZero Orbit:4675787 BC:0 miliSeconds:416
Class: 0 O2 LMB:   1899446 LMA:   1899446 LOB:   1899446 L0A:         0 L1B:         0 L1A:         0
Class: 1 O2 LMB:   1899446 LMA:   1745446 LOB:   1745446 L0A:   1745446 L1B:   1745446 L1A:   1745446
Class: 2 O2 LMB:16664504288 LMA:         0 LOB:   1899446 L0A:   1210384 L1B:   1210384 L1A:   1210384
Class: 3 O2 LMB:16664504287 LMA:         0 LOB:   1899446 L0A:   1240242 L1B:   1240242 L1A:   1240242
Class: 4 O2 LMB:16664504287 LMA:         0 LOB:   1899446 L0A:   1592954 L1B:   1592954 L1A:   1592954

printFromZero Orbit:4788241 BC:0 miliSeconds:426
Class: 0 O2 LMB:   1945012 LMA:   1945012 LOB:   1945012 L0A:         0 L1B:         0 L1A:         0
Class: 1 O2 LMB:   1945012 LMA:   1787422 LOB:   1787422 L0A:   1787422 L1B:   1787422 L1A:   1787422
Class: 2 O2 LMB:17065291293 LMA:         0 LOB:   1945012 L0A:   1210384 L1B:   1210384 L1A:   1210384
Class: 3 O2 LMB:17065291293 LMA:         0 LOB:   1945012 L0A:   1240242 L1B:   1240242 L1A:   1240242
Class: 4 O2 LMB:17065291293 LMA:         0 LOB:   1945012 L0A:   1631274 L1B:   1631274 L1A:   1631274

printFromZero Orbit:4900697 BC:0 miliSeconds:436
Class: 0 O2 LMB:   1990392 LMA:   1990392 LOB:   1990392 L0A:         0 L1B:         0 L1A:         0
Class: 1 O2 LMB:   1990392 LMA:   1829162 LOB:   1829162 L0A:   1829162 L1B:   1829162 L1A:   1829162
Class: 2 O2 LMB:17466082798 LMA:         0 LOB:   1990392 L0A:   1210384 L1B:   1210384 L1A:   1210384
Class: 3 O2 LMB:17466082798 LMA:         0 LOB:   1990392 L0A:   1240242 L1B:   1240242 L1A:   1240242
Class: 4 O2 LMB:17466082798 LMA:         0 LOB:   1990392 L0A:   1669363 L1B:   1669363 L1A:   1669363

printFromZero Orbit:5007110 BC:0 miliSeconds:446
Class: 0 O2 LMB:   2033313 LMA:   2033313 LOB:   2033313 L0A:         0 L1B:         0 L1A:         0
Class: 1 O2 LMB:   2033313 LMA:   1868644 LOB:   1868644 L0A:   1868644 L1B:   1868644 L1A:   1868644
Class: 2 O2 LMB:17845337875 LMA:         0 LOB:   2033313 L0A:   1210384 L1B:   1210384 L1A:   1210384
Class: 3 O2 LMB:17845337875 LMA:         0 LOB:   2033313 L0A:   1240242 L1B:   1240242 L1A:   1240242
Class: 4 O2 LMB:17845337875 LMA:         0 LOB:   2033313 L0A:   1705464 L1B:   1705464 L1A:   1705464

[INFO] Scaler Integrals for run:520294 duration:446
0 LMB 2033313
0 LMA 2033313
0 L0B 2033313
0 L0A 0
0 L1B 0
0 L1A 0
1 LMB 2033313
1 LMA 1868644
1 L0B 1868644
1 L0A 1868644
1 L1B 1868644
1 L1A 1868644
2 LMB 17845337875
2 LMA 0
2 L0B 2033313
2 L0A 1210384
2 L1B 1210384
2 L1A 1210384
3 LMB 17845337875
3 LMA 0
3 L0B 2033313
3 L0A 1240242
3 L1B 1240242
3 L1A 1240242
4 LMB 17845337875
4 LMA 0
4 L0B 2033313
4 L0A 1705464
4 L1B 1705464
4 L1A 1705464
[INFO] Scaler rates for run:520294
==> Time wrt to SOR [s]:5.7315279999999999561 time intervale[s]:5.7315279999999999561
Class:0: 4664.550186267954814  4664.550186267954814  4664.550186267954814  0  0   0
Class:1: 4664.550186267954814  4291.874697288401876  4291.874697288401876  4291.874697288401876  4291.874697288401876   4291.874697288401876
Class:2: 40500122.654901102185  0  4664.550186267954814  3840.8605872639896006  3840.8605872639896006   3840.8605872639896006
Class:3: 40500122.654901102185  0  4664.550186267954814  3946.766028186550102  3946.766028186550102   3946.766028186550102
Class:4: 40500122.654901102185  0  4664.550186267954814  3920.7694702006165244  3920.7694702006165244   3920.7694702006165244
==> Time wrt to SOR [s]:15.627655999999999992 time intervale[s]:9.8961279999999991475
Class:0: 4643.4322595665698827  4643.4322595665698827  4643.4322595665698827  0  0   0
Class:1: 4643.4322595665698827  4257.5237507033061775  4257.5237507033061775  4257.5237507033061775  4257.5237507033061775   4257.5237507033061775
Class:2: 40499890.260109819472  0  4643.4322595665698827  3823.7177207085442205  3823.7177207085442205   3823.7177207085442205
Class:3: 40499890.260109819472  0  4643.4322595665698827  3916.2791750470491934  3916.2791750470491934   3916.2791750470491934
Class:4: 40499890.260109819472  0  4643.4322595665698827  3887.6821318398469884  3887.6821318398469884   3887.6821318398469884
==> Time wrt to SOR [s]:25.523783999999999139 time intervale[s]:9.8961279999999991475
Class:0: 4643.0280610760091804  4643.0280610760091804  4642.9270114533692322  0  0   0
Class:1: 4643.0280610760091804  4262.4751822126800107  4262.3741325900400625  4262.3741325900400625  4262.3741325900400625   4262.3741325900400625
Class:2: 40499848.021367549896  0  4642.9270114533692322  3813.6127584445152934  3813.6127584445152934   3813.6127584445152934
Class:3: 40499848.021367549896  0  4642.9270114533692322  3916.2791750470491934  3916.2791750470491934   3916.2791750470491934
Class:4: 40499848.021367549896  0  4642.9270114533692322  3886.7726852360847261  3886.7726852360847261   3886.7726852360847261
==> Time wrt to SOR [s]:35.41991199999999651 time intervale[s]:9.8961279999999991475
Class:0: 4647.6763437174622595  4647.6763437174622595  4647.7773933401031172  0  0   0
Class:1: 4647.6763437174622595  4268.5381595710969123  4268.63920919373777  4268.63920919373777  4268.63920919373777   4268.63920919373777
Class:2: 40500056.587788678706  0  4647.7773933401031172  3828.5681025952781056  3828.5681025952781056   3828.5681025952781056
Class:3: 40500056.587788678706  0  4647.7773933401031172  3923.1505493865888639  3923.1505493865888639   3923.1505493865888639
Class:4: 40500056.587788678706  0  4647.7773933401031172  3894.6545558020270619  3894.6545558020270619   3894.6545558020270619
==> Time wrt to SOR [s]:45.315599999999996328 time intervale[s]:9.8956879999999998176
Class:0: 4649.8030253176939368  4649.8030253176939368  4649.8030253176939368  0  0   0
Class:1: 4649.8030253176939368  4273.2753902507838575  4273.2753902507838575  4273.2753902507838575  4273.2753902507838575   4273.2753902507838575
Class:2: 40499938.761205889285  0  4649.8030253176939368  3829.9509847117251411  3829.9509847117251411   3829.9509847117251411
Class:3: 40499938.660151779652  0  4649.8030253176939368  3917.6659571320356008  3917.6659571320356008   3917.6659571320356008
Class:4: 40499938.761205889285  0  4649.8030253176939368  3887.5518306559383745  3887.5518306559383745   3887.5518306559383745
==> Time wrt to SOR [s]:55.212080000000000268 time intervale[s]:9.8964800000000003877
Class:0: 4637.6085234345946446  4637.6085234345946446  4637.6085234345946446  0  0   0
Class:1: 4637.6085234345946446  4260.7068371784716874  4260.7068371784716874  4260.7068371784716874  4260.7068371784716874   4260.7068371784716874
Class:2: 40500236.144568569958  0  4637.6085234345946446  3830.9580780237010913  3830.9580780237010913   3830.9580780237010913
Class:3: 40500236.144568569958  0  4637.6085234345946446  3930.5894621117809038  3930.5894621117809038   3930.5894621117809038
Class:4: 40500236.144568569958  0  4637.6085234345946446  3899.0631012238691255  3899.0631012238691255   3899.0631012238691255
==> Time wrt to SOR [s]:65.107855999999998176 time intervale[s]:9.8957759999999996836
Class:0: 4601.963504428556007  4601.963504428556007  4601.963504428556007  0  0   0
Class:1: 4601.963504428556007  4224.1255258809414954  4224.1255258809414954  4224.1255258809414954  4224.1255258809414954   4224.1255258809414954
Class:2: 40499794.154596872628  0  4601.963504428556007  3799.3988546224168203  3799.3988546224168203   3799.3988546224168203
Class:3: 40499794.154596872628  0  4601.963504428556007  3892.974133610138324  3892.974133610138324   3892.974133610138324
Class:4: 40499794.154596872628  0  4601.963504428556007  3862.9613281464739885  3862.9613281464739885   3862.9613281464739885
==> Time wrt to SOR [s]:75.003895999999997457 time intervale[s]:9.8960399999999992815
Class:0: 4614.3710009256228659  4614.3710009256228659  4614.3710009256228659  0  0   0
Class:1: 4614.3710009256228659  4239.4735672046599575  4239.4735672046599575  4239.4735672046599575  4239.4735672046599575   4239.4735672046599575
Class:2: 40499962.712357670069  0  4614.3710009256228659  3814.657176001714106  3814.657176001714106   3814.657176001714106
Class:3: 40499962.712357670069  0  4614.3710009256228659  3903.9858367589463342  3903.9858367589463342   3903.9858367589463342
Class:4: 40499962.712357670069  0  4614.3710009256228659  3875.1864382116486922  3875.1864382116486922   3875.1864382116486922
==> Time wrt to SOR [s]:84.899760000000000559 time intervale[s]:9.8958639999999995496
Class:0: 4604.4488889499698416  4604.4488889499698416  4604.4488889499698416  0  0   0
Class:1: 4604.4488889499698416  4240.5594903082746896  4240.5594903082746896  4240.5594903082746896  4240.5594903082746896   4240.5594903082746896
Class:2: 40500264.453917317092  0  4604.4488889499698416  3807.853462820427012  3807.853462820427012   3807.853462820427012
Class:3: 40500264.453917317092  0  4604.4488889499698416  3899.3058109933604101  3899.3058109933604101   3899.3058109933604101
Class:4: 40500264.352864995599  0  4604.4488889499698416  3870.5059002427683481  3870.5059002427683481   3870.5059002427683481
==> Time wrt to SOR [s]:94.795799999999999841 time intervale[s]:9.8960399999999992815
Class:0: 4580.9232784022706255  4580.9232784022706255  4580.9232784022706255  0  0   0
Class:1: 4580.9232784022706255  4216.2319473243842367  4216.2319473243842367  4216.2319473243842367  4216.2319473243842367   4216.2319473243842367
Class:2: 40499822.858436308801  0  4580.9232784022706255  3795.9628295762754533  3795.9628295762754533   3795.9628295762754533
Class:3: 40499822.858436308801  0  4580.9232784022706255  3885.594641897163001  3885.594641897163001   3885.594641897163001
Class:4: 40499822.858436308801  0  4580.9232784022706255  3858.2099506469257904  3858.2099506469257904   3858.2099506469257904
==> Time wrt to SOR [s]:104.69192800000000432 time intervale[s]:9.8961279999999991475
Class:0: 4645.0490535288145111  4645.0490535288145111  4645.0490535288145111  0  0   0
Class:1: 4645.0490535288145111  4276.622129382320054  4276.622129382320054  4276.622129382320054  4276.622129382320054   4276.622129382320054
Class:2: 40500092.561454340816  0  4645.0490535288145111  3824.4250680670261318  3824.4250680670261318   3824.4250680670261318
Class:3: 40500092.662503965199  0  4645.0490535288145111  3917.8959690092938217  3917.8959690092938217   3917.8959690092938217
Class:4: 40500092.662503965199  0  4645.0490535288145111  3888.4905288209693026  3888.4905288209693026   3888.4905288209693026
==> Time wrt to SOR [s]:114.58814399999999978 time intervale[s]:9.8962159999999990134
Class:0: 4620.1497622929819045  4620.1497622929819045  4620.1497622929819045  0  0   0
Class:1: 4620.1497622929819045  4238.4887314504858296  4238.4887314504858296  4238.4887314504858296  4238.4887314504858296   4238.4887314504858296
Class:2: 40499818.718589007854  0  4620.1497622929819045  3807.1117283616285931  3807.1117283616285931   3807.1117283616285931
Class:3: 40499818.718589007854  0  4620.1497622929819045  3901.7943828226875667  3901.7943828226875667   3901.7943828226875667
Class:4: 40499818.718589007854  0  4620.1497622929819045  3874.5112273216350331  3874.5112273216350331   3874.5112273216350331
==> Time wrt to SOR [s]:124.48409599999999386 time intervale[s]:9.8959519999999994155
Class:0: 4634.420215457795166  4634.420215457795166  4634.420215457795166  0  0   0
Class:1: 4634.420215457795166  4261.6415277681217049  4261.6415277681217049  4261.6415277681217049  4261.6415277681217049   4261.6415277681217049
Class:2: 40500149.657152742147  0  4634.420215457795166  3827.5246282520370187  3827.5246282520370187   3827.5246282520370187
Class:3: 40500149.657152742147  0  4634.420215457795166  3925.0392483714554146  3925.0392483714554146   3925.0392483714554146
Class:4: 40500149.657152742147  0  4634.420215457795166  3896.4416965644136326  3896.4416965644136326   3896.4416965644136326
==> Time wrt to SOR [s]:134.37995999999998276 time intervale[s]:9.8958639999999995496
Class:0: 4625.2656665451349909  4625.2656665451349909  4625.2656665451349909  0  0   0
Class:1: 4625.2656665451349909  4246.1173678215463951  4246.1173678215463951  4246.1173678215463951  4246.1173678215463951   4246.1173678215463951
Class:2: 40500111.763864174485  0  4625.2656665451349909  3804.8218932677332305  3804.8218932677332305   3804.8218932677332305
Class:3: 40500111.763864174485  0  4625.2656665451349909  3896.0721368038202854  3896.0721368038202854   3896.0721368038202854
Class:4: 40500111.763864174485  0  4625.2656665451349909  3868.0806446006131409  3868.0806446006131409   3868.0806446006131409
==> Time wrt to SOR [s]:144.27582400000000007 time intervale[s]:9.8958639999999995496
Class:0: 4608.3899293684717122  4608.3899293684717122  4608.3899293684717122  0  0   0
Class:1: 4608.3899293684717122  4233.9910896107712688  4233.9910896107712688  4233.9910896107712688  4233.9910896107712688   4233.9910896107712688
Class:2: 40499710.788264676929  0  4608.3899293684717122  3788.9566792753016671  3788.9566792753016671   3788.9566792753016671
Class:3: 40499710.788264676929  0  4608.3899293684717122  3885.8658526430840539  3885.8658526430840539   3885.8658526430840539
Class:4: 40499710.788264676929  0  4608.3899293684717122  3856.3585756635297912  3856.3585756635297912   3856.3585756635297912
==> Time wrt to SOR [s]:154.17221599999999171 time intervale[s]:9.8963920000000005217
Class:0: 4617.5414231772547282  4617.5414231772547282  4617.5414231772547282  0  0   0
Class:1: 4617.5414231772547282  4251.751547432640109  4251.751547432640109  4251.751547432640109  4251.751547432640109   4251.751547432640109
Class:2: 40500041.32819314301  0  4617.5414231772547282  3822.2010607502206767  3822.2010607502206767   3822.2010607502206767
Class:3: 40500041.227146215737  0  4617.5414231772547282  3912.7391073433627753  3912.7391073433627753   3912.7391073433627753
Class:4: 40500041.32819314301  0  4617.5414231772547282  3885.254343199016148  3885.254343199016148   3885.254343199016148
==> Time wrt to SOR [s]:164.06825599999999099 time intervale[s]:9.8960399999999992815
Class:0: 4615.3815061378090832  4615.3815061378090832  4615.3815061378090832  0  0   0
Class:1: 4615.3815061378090832  4238.9683145985673036  4238.9683145985673036  4238.9683145985673036  4238.9683145985673036   4238.9683145985673036
Class:2: 40500142.885437004268  0  4615.3815061378090832  3809.2004478559101699  3809.2004478559101699   3809.2004478559101699
Class:3: 40500142.885437004268  0  4615.3815061378090832  3904.794240928695217  3904.794240928695217   3904.794240928695217
Class:4: 40500142.885437004268  0  4615.3815061378090832  3872.4580741387467242  3872.4580741387467242   3872.4580741387467242
==> Time wrt to SOR [s]:173.9641200000000083 time intervale[s]:9.8958639999999995496
Class:0: 4646.1834964587224022  4646.1834964587224022  4646.1834964587224022  0  0   0
Class:1: 4646.1834964587224022  4274.8162262537161951  4274.8162262537161951  4274.8162262537161951  4274.8162262537161951   4274.8162262537161951
Class:2: 40499997.170535087585  0  4646.1834964587224022  3826.9523510023987001  3826.9523510023987001   3826.9523510023987001
Class:3: 40499997.170535087585  0  4646.1834964587224022  3924.6699429175664591  3924.6699429175664591   3924.6699429175664591
Class:4: 40499997.170535087585  0  4646.1834964587224022  3894.7584566643195103  3894.7584566643195103   3894.7584566643195103
==> Time wrt to SOR [s]:183.86016000000000759 time intervale[s]:9.8960399999999992815
Class:0: 4612.4510410224702355  4612.4510410224702355  4612.4510410224702355  0  0   0
Class:1: 4612.4510410224702355  4248.4670635931142897  4248.4670635931142897  4248.4670635931142897  4248.4670635931142897   4248.4670635931142897
Class:2: 40499816.492253467441  0  4612.4510410224702355  3811.5246098439379239  3811.5246098439379239   3811.5246098439379239
Class:3: 40499816.492253467441  0  4612.4510410224702355  3908.432059692564053  3908.432059692564053   3908.432059692564053
Class:4: 40499816.492253467441  0  4612.4510410224702355  3877.4095496784575516  3877.4095496784575516   3877.4095496784575516
==> Time wrt to SOR [s]:193.75628799999998364 time intervale[s]:9.8961279999999991475
Class:0: 4614.9362659820089902  4614.9362659820089902  4614.9362659820089902  0  0   0
Class:1: 4614.9362659820089902  4234.6865359866005747  4234.6865359866005747  4234.6865359866005747  4234.6865359866005747   4234.6865359866005747
Class:2: 40500304.967761129141  0  4614.9362659820089902  3802.295200708802895  3802.295200708802895   3802.295200708802895
Class:3: 40500304.967761129141  0  4614.9362659820089902  3898.9996895755593869  3898.9996895755593869   3898.9996895755593869
Class:4: 40500304.866711512208  0  4614.9362659820089902  3868.1795546702715001  3868.1795546702715001   3868.1795546702715001
==> Time wrt to SOR [s]:203.65241599999998812 time intervale[s]:9.8961279999999991475
Class:0: 4605.0334029632604143  4605.0334029632604143  4605.0334029632604143  0  0   0
Class:1: 4605.0334029632604143  4231.1497991941905639  4231.1497991941905639  4231.1497991941905639  4231.1497991941905639   4231.1497991941905639
Class:2: 40500003.3346375525  0  4605.0334029632604143  3797.6469180673493611  3797.6469180673493611   3797.6469180673493611
Class:3: 40500003.3346375525  0  4605.0334029632604143  3891.0167693869766481  3891.0167693869766481   3891.0167693869766481
Class:4: 40500003.3346375525  0  4605.0334029632604143  3862.1165773118541438  3862.1165773118541438   3862.1165773118541438
==> Time wrt to SOR [s]:213.54819200000000023 time intervale[s]:9.8957759999999996836
Class:0: 4593.7781938475573043  4593.7781938475573043  4593.7781938475573043  0  0   0
Class:1: 4593.7781938475573043  4222.3065679740529959  4222.3065679740529959  4222.3065679740529959  4222.2055147570035842   4222.2055147570035842
Class:2: 40499830.230595357716  0  4593.7781938475573043  3784.6450849332081816  3784.54403171615877   3784.54403171615877
Class:3: 40499830.331648573279  0  4593.7781938475573043  3881.2519604324106695  3881.2519604324106695   3881.2519604324106695
Class:4: 40499830.331648573279  0  4593.7781938475573043  3848.5107181084131298  3848.5107181084131298   3848.5107181084131298
==> Time wrt to SOR [s]:223.44414399999999432 time intervale[s]:9.8959519999999994155
Class:0: 4591.877567716577687  4591.877567716577687  4591.877567716577687  0  0   0
Class:1: 4591.877567716577687  4224.8588109562379032  4224.8588109562379032  4224.8588109562379032  4224.959862376050296   4224.959862376050296
Class:2: 40500055.679332315922  0  4591.877567716577687  3794.0766082939771877  3794.1776597137904901   3794.1776597137904901
Class:3: 40500055.679332315922  0  4591.877567716577687  3883.9113205076178019  3883.9113205076178019   3883.9113205076178019
Class:4: 40500055.679332315922  0  4591.877567716577687  3855.2127172807631723  3855.2127172807631723   3855.2127172807631723
==> Time wrt to SOR [s]:233.3402719999999988 time intervale[s]:9.8961279999999991475
Class:0: 4595.4336888124325924  4595.4336888124325924  4595.4336888124325924  0  0   0
Class:1: 4595.4336888124325924  4230.240352590427392  4230.240352590427392  4230.240352590427392  4230.240352590427392   4230.240352590427392
Class:2: 40499895.11049170047  0  4595.4336888124325924  3795.3227767466228215  3795.3227767466228215   3795.3227767466228215
Class:3: 40499895.11049170047  0  4595.4336888124325924  3890.2083724058543339  3890.2083724058543339   3890.2083724058543339
Class:4: 40499895.11049170047  0  4595.4336888124325924  3861.6113291986525837  3861.6113291986525837   3861.6113291986525837
==> Time wrt to SOR [s]:243.23648799999998005 time intervale[s]:9.8962159999999990134
Class:0: 4606.407135818378265  4606.407135818378265  4606.407135818378265  0  0   0
Class:1: 4606.407135818378265  4235.6593671763030216  4235.6593671763030216  4235.6593671763030216  4235.6593671763030216   4235.6593671763030216
Class:2: 40500108.526329666376  0  4606.407135818378265  3807.3138258097847029  3807.3138258097847029   3807.3138258097847029
Class:3: 40500108.526329666376  0  4606.407135818378265  3901.2891392022975197  3901.2891392022975197   3901.2891392022975197
Class:4: 40500108.526329666376  0  4606.407135818378265  3872.5913015641535821  3872.5913015641535821   3872.5913015641535821
==> Time wrt to SOR [s]:253.13279199999999491 time intervale[s]:9.8963039999999988794
Class:0: 4593.8362443190917475  4593.8362443190917475  4593.8362443190917475  0  0   0
Class:1: 4593.8362443190917475  4222.788628966935903  4222.788628966935903  4222.788628966935903  4222.788628966935903   4222.788628966935903
Class:2: 40499872.578692011535  0  4593.8362443190917475  3789.6976487383576568  3789.6976487383576568   3789.6976487383576568
Class:3: 40499872.578692011535  0  4593.8362443190917475  3885.693082993409007  3885.693082993409007   3885.693082993409007
Class:4: 40499872.578692011535  0  4593.8362443190917475  3857.702835321146722  3857.702835321146722   3857.702835321146722
==> Time wrt to SOR [s]:263.02865600000001223 time intervale[s]:9.8958639999999995496
Class:0: 4585.4510530864208704  4585.4510530864208704  4585.4510530864208704  0  0   0
Class:1: 4585.4510530864208704  4206.6059113181026987  4206.6059113181026987  4206.6059113181026987  4206.6059113181026987   4206.6059113181026987
Class:2: 40500122.980671525002  0  4585.4510530864208704  3769.9588434117526958  3769.9588434117526958   3769.9588434117526958
Class:3: 40500122.879619203508  0  4585.4510530864208704  3863.0280286794563835  3863.0280286794563835   3863.0280286794563835
Class:4: 40500122.980671525002  0  4585.4510530864208704  3833.8239086551716355  3833.8239086551716355   3833.8239086551716355
==> Time wrt to SOR [s]:272.92487199999999348 time intervale[s]:9.8962159999999990134
Class:0: 4639.1469224196407595  4639.1469224196407595  4639.1469224196407595  0  0   0
Class:1: 4639.1469224196407595  4260.3152558513274926  4260.3152558513274926  4260.3152558513274926  4260.3152558513274926   4260.3152558513274926
Class:2: 40500102.463406220078  0  4639.1469224196407595  3823.6837191104159501  3823.6837191104159501   3823.6837191104159501
Class:3: 40500102.463406220078  0  4639.1469224196407595  3914.2233758842776297  3914.2233758842776297   3914.2233758842776297
Class:4: 40500102.463406220078  0  4639.1469224196407595  3887.4454640036155979  3887.4454640036155979   3887.4454640036155979
==> Time wrt to SOR [s]:282.82091199999996434 time intervale[s]:9.8960399999999992815
Class:0: 4652.871249509905283  4652.871249509905283  4652.871249509905283  0  0   0
Class:1: 4652.871249509905283  4269.8897740914553651  4269.8897740914553651  4269.8897740914553651  4269.8897740914553651   4269.8897740914553651
Class:2: 40499800.627321638167  0  4652.871249509905283  3811.7267108863748035  3811.7267108863748035   3811.7267108863748035
Class:3: 40499800.627321638167  0  4652.871249509905283  3912.9793331474006663  3912.9793331474006663   3912.9793331474006663
Class:4: 40499800.627321638167  0  4652.871249509905283  3880.2389642725779595  3880.2389642725779595   3880.2389642725779595
==> Time wrt to SOR [s]:292.71668799999997646 time intervale[s]:9.8957759999999996836
Class:0: 4584.6834043131129874  4584.6834043131129874  4584.6834043131129874  0  0   0
Class:1: 4584.6834043131129874  4220.8918229353612332  4220.8918229353612332  4220.8918229353612332  4220.8918229353612332   4220.8918229353612332
Class:2: 40500156.63248642534  0  4584.6834043131129874  3793.3356615994543972  3793.3356615994543972   3793.3356615994543972
Class:3: 40500156.63248642534  0  4584.6834043131129874  3886.2035680678304743  3886.2035680678304743   3886.2035680678304743
Class:4: 40500156.63248642534  0  4584.6834043131129874  3859.9297316349925495  3859.9297316349925495   3859.9297316349925495
==> Time wrt to SOR [s]:302.61290400000001455 time intervale[s]:9.8962159999999990134
Class:0: 4650.262282068217246  4650.262282068217246  4650.262282068217246  0  0   0
Class:1: 4650.262282068217246  4279.0092698057524103  4279.0092698057524103  4279.0092698057524103  4279.0092698057524103   4279.0092698057524103
Class:2: 40499893.090449929237  0  4650.262282068217246  3835.6074685516164209  3835.6074685516164209   3835.6074685516164209
Class:3: 40499893.090449929237  0  4650.262282068217246  3935.9488515610414652  3935.9488515610414652   3935.9488515610414652
Class:4: 40499892.989401206374  0  4650.262282068217246  3904.8258445450264844  3904.8258445450264844   3904.8258445450264844
==> Time wrt to SOR [s]:312.50876799999997502 time intervale[s]:9.8958639999999995496
Class:0: 4637.3919447559101172  4637.3919447559101172  4637.3919447559101172  0  0   0
Class:1: 4637.3919447559101172  4260.062587763938609  4260.062587763938609  4260.062587763938609  4260.062587763938609   4260.062587763938609
Class:2: 40499981.709530368447  0  4637.3919447559101172  3827.0534033208218716  3827.0534033208218716   3827.0534033208218716
Class:3: 40499981.709530368447  0  4637.3919447559101172  3924.0636290070278847  3924.0636290070278847   3924.0636290070278847
Class:4: 40499981.709530368447  0  4637.3919447559101172  3893.6468811616650783  3893.6468811616650783   3893.6468811616650783
==> Time wrt to SOR [s]:322.40498400000001311 time intervale[s]:9.8962159999999990134
Class:0: 4584.6816601416139747  4584.6816601416139747  4584.6816601416139747  0  0   0
Class:1: 4584.6816601416139747  4208.6793578474844253  4208.6793578474844253  4208.6793578474844253  4208.6793578474844253   4208.6793578474844253
Class:2: 40500074.978153273463  0  4584.6816601416139747  1985.6074281321266426  1985.6074281321266426   1985.6074281321266426
Class:3: 40500075.079201996326  0  4584.6816601416139747  2009.2528295663719291  2009.2528295663719291   2009.2528295663719291
Class:4: 40500075.079201996326  0  4584.6816601416139747  3805.6970462245371891  3805.6970462245371891   3805.6970462245371891
==> Time wrt to SOR [s]:332.30075999999996839 time intervale[s]:9.8957759999999996836
Class:0: 4618.3341255905552316  4618.3341255905552316  4618.3341255905552316  0  0   0
Class:1: 4618.3341255905552316  4234.8371668881754886  4234.8371668881754886  4234.8371668881754886  4234.8371668881754886   4234.8371668881754886
Class:2: 40500053.760311469436  0  4618.3341255905552316  0  0   0
Class:3: 40500053.760311469436  0  4618.3341255905552316  0  0   0
Class:4: 40500053.760311469436  0  4618.3341255905552316  3875.0877141923988347  3875.0877141923988347   3875.0877141923988347
==> Time wrt to SOR [s]:342.19679999999999609 time intervale[s]:9.8960399999999992815
Class:0: 4615.785708222683752  4615.785708222683752  4615.785708222683752  0  0   0
Class:1: 4615.785708222683752  4243.7176890958407967  4243.7176890958407967  4243.7176890958407967  4243.7176890958407967   4243.7176890958407967
Class:2: 40499839.531772308052  0  4615.785708222683752  0  0   0
Class:3: 40499839.531772308052  0  4615.785708222683752  0  0   0
Class:4: 40499839.531772308052  0  4615.785708222683752  3865.081386089789703  3865.081386089789703   3865.081386089789703
==> Time wrt to SOR [s]:352.09292799999997214 time intervale[s]:9.8961279999999991475
Class:0: 4603.1134601330950318  4603.1134601330950318  4603.1134601330950318  0  0   0
Class:1: 4603.1134601330950318  4236.303329948845203  4236.303329948845203  4236.303329948845203  4236.303329948845203   4236.303329948845203
Class:2: 40500041.935593396425  0  4603.1134601330950318  0  0   0
Class:3: 40500041.935593396425  0  4603.1134601330950318  0  0   0
Class:4: 40500041.935593396425  0  4603.1134601330950318  3868.6848027834726054  3868.6848027834726054   3868.6848027834726054
==> Time wrt to SOR [s]:361.98905600000000504 time intervale[s]:9.8961279999999991475
Class:0: 4605.7407503217427802  4605.7407503217427802  4605.7407503217427802  0  0   0
Class:1: 4605.7407503217427802  4218.4175467415134335  4218.4175467415134335  4218.4175467415134335  4218.4175467415134335   4218.4175467415134335
Class:2: 40500023.746661320329  0  4605.7407503217427802  0  0   0
Class:3: 40500023.645611703396  0  4605.7407503217427802  0  0   0
Class:4: 40500023.746661320329  0  4605.7407503217427802  3849.6874737270982223  3849.6874737270982223   3849.6874737270982223
==> Time wrt to SOR [s]:371.8850959999999759 time intervale[s]:9.8960399999999992815
Class:0: 4607.9037675676336221  4607.9037675676336221  4607.9037675676336221  0  0   0
Class:1: 4607.9037675676336221  4231.0863739435171738  4231.0863739435171738  4231.0863739435171738  4231.0863739435171738   4231.0863739435171738
Class:2: 40499868.634322419763  0  4607.9037675676336221  0  0   0
Class:3: 40499868.634322419763  0  4607.9037675676336221  0  0   0
Class:4: 40499868.634322419763  0  4607.9037675676336221  3861.140415762264638  3861.140415762264638   3861.140415762264638
==> Time wrt to SOR [s]:381.78095999999999322 time intervale[s]:9.8958639999999995496
Class:0: 4603.943627357853984  4603.943627357853984  4603.943627357853984  0  0   0
Class:1: 4603.943627357853984  4235.0016127950020746  4235.0016127950020746  4235.0016127950020746  4235.0016127950020746   4235.0016127950020746
Class:2: 40500033.145160444081  0  4603.943627357853984  0  0   0
Class:3: 40500033.145160444081  0  4603.943627357853984  0  0   0
Class:4: 40500033.145160444081  0  4603.943627357853984  3866.4638075058428512  3866.4638075058428512   3866.4638075058428512
==> Time wrt to SOR [s]:391.67682400000001053 time intervale[s]:9.8958639999999995496
Class:0: 4583.3289543995351778  4583.3289543995351778  4583.3289543995351778  0  0   0
Class:1: 4583.3289543995351778  4209.4353762339496825  4209.4353762339496825  4209.4353762339496825  4209.4353762339496825   4209.4353762339496825
Class:2: 40500055.679827451706  0  4583.3289543995351778  0  0   0
Class:3: 40500055.679827451706  0  4583.3289543995351778  0  0   0
Class:4: 40500055.679827451706  0  4583.3289543995351778  3849.0828087370646244  3849.0828087370646244   3849.0828087370646244
==> Time wrt to SOR [s]:401.57295199999998658 time intervale[s]:9.8961279999999991475
Class:0: 4608.8732886235911792  4608.8732886235911792  4608.8732886235911792  0  0   0
Class:1: 4608.8732886235911792  4227.9162112697013072  4227.9162112697013072  4227.9162112697013072  4227.9162112697013072   4227.9162112697013072
Class:2: 40500188.154397360981  0  4608.8732886235911792  0  0   0
Class:3: 40500188.154397360981  0  4608.8732886235911792  0  0   0
Class:4: 40500188.154397360981  0  4608.8732886235911792  3871.6152418400411079  3871.6152418400411079   3871.6152418400411079
==> Time wrt to SOR [s]:411.46925599999997303 time intervale[s]:9.8963039999999988794
Class:0: 4607.4777007658622097  4607.4777007658622097  4607.4777007658622097  0  0   0
Class:1: 4607.4777007658622097  4234.813320205200398  4234.813320205200398  4234.813320205200398  4234.813320205200398   4234.813320205200398
Class:2: 40499867.526300735772  0  4607.4777007658622097  0  0   0
Class:3: 40499867.526300735772  0  4607.4777007658622097  0  0   0
Class:4: 40499867.425252906978  0  4607.4777007658622097  3863.2604657253864389  3863.2604657253864389   3863.2604657253864389
==> Time wrt to SOR [s]:421.36520799999999554 time intervale[s]:9.8959519999999994155
Class:0: 4604.5089951931859105  4604.5089951931859105  4604.5089951931859105  0  0   0
Class:1: 4604.5089951931859105  4241.7343980649866353  4241.7343980649866353  4241.7343980649866353  4241.7343980649866353   4241.7343980649866353
Class:2: 40500095.89779740572  0  4604.5089951931859105  0  0   0
Class:3: 40500095.998848825693  0  4604.5089951931859105  0  0   0
Class:4: 40500095.998848825693  0  4604.5089951931859105  3872.2904072291380544  3872.2904072291380544   3872.2904072291380544
==> Time wrt to SOR [s]:431.26133599999997159 time intervale[s]:9.8961279999999991475
Class:0: 4585.6318754163248741  4585.6318754163248741  4585.6318754163248741  0  0   0
Class:1: 4585.6318754163248741  4217.8112490056719253  4217.8112490056719253  4217.8112490056719253  4217.8112490056719253   4217.8112490056719253
Class:2: 40499830.337683588266  0  4585.6318754163248741  0  0   0
Class:3: 40499830.337683588266  0  4585.6318754163248741  0  0   0
Class:4: 40499830.337683588266  0  4585.6318754163248741  3848.8790767459759081  3848.8790767459759081   3848.8790767459759081
==> Time wrt to SOR [s]:440.62567999999998847 time intervale[s]:9.364343999999999113
Class:0: 4583.4497323037257956  4583.4497323037257956  4583.4497323037257956  0  0   0
Class:1: 4583.4497323037257956  4216.2056413134760078  4216.2056413134760078  4216.2056413134760078  4216.2056413134760078   4216.2056413134760078
Class:2: 40499908.696220472455  0  4583.4497323037257956  0  0   0
Class:3: 40499908.696220472455  0  4583.4497323037257956  0  0   0
Class:4: 40499908.696220472455  0  4583.4497323037257956  3855.1552570046555957  3855.1552570046555957   3855.1552570046555957
