
Processing update.C...
[INFO] Init CcdApi with UserAgentID: ctpo2cs8.cern.ch-1687336576-0tTEFV, Host: http://alice-ccdb.cern.ch
[INFO] Init CcdApi with UserAgentID: ctpo2cs8.cern.ch-1687336576-4opnrA, Host: http://alice-ccdb.cern.ch/

processing run 520294
path = alien:///alice/data/2022/LHC22f/520294/raw/1020/o2_ctf_run00520294_orbit0322055628_tf0000000001_epn193.root
path1 = 
firstOrbitCTFfile = 322055628 firstOrbitCTFfile1 = -1
Final firstOrbitCTFfile = 322055628
Processing run 520294 which started at 1657181582013 and ended at 1657181904301
 query will be done for timeStamp 1657181743157
[INFO] ccdb reads http://alice-ccdb.cern.ch/GLO/Config/GRPECS/1657166682330/28eac28d-fde1-11ec-9d70-0aa145271b9a for 1657181743157 (retrieve, agent_id: ctpo2cs8.cern.ch-1687336576-4opnrA), 
[INFO] ccdb reads http://alice-ccdb.cern.ch/CTP/Calib/Scalers/1657180930028/a8b092d5-fdcd-11ec-9d70-0aa140651b9a for 1657181743157 (retrieve, agent_id: ctpo2cs8.cern.ch-1687336576-4opnrA), 
 scl:0xf18d870
[INFO] ccdb reads http://alice-ccdb.cern.ch/CTP/Calib/OrbitReset/1657152944347/f1d7f1be-fd89-11ec-9d70-0aa140641b9a for 1657181743157 (retrieve, agent_id: ctpo2cs8.cern.ch-1687336576-4opnrA), 
orbitReset [mus] = 1657152944346551
[ERROR] L1B > L0A Before error:1
[ERROR] L1B > L0A Before error:1
Counter errorrs: lmB:0 l0B:0 l1B:0 lmA:0 l0A:0 l1A:0 lmBlmA:0 lmAl0B:0 l0Bl0A:0 l0Al1B: 2 l1Bl1A:0
 mScalerRecordO2 size:46
 i: 0 5
 i: 1 5
 i: 2 5
 i: 3 5
 i: 4 5
 i: 5 5
 i: 6 5
 i: 7 5
 i: 8 5
 i: 9 5
 i: 10 5
 i: 11 5
 i: 12 5
 i: 13 5
 i: 14 5
 i: 15 5
 i: 16 5
 i: 17 5
 i: 18 5
 i: 19 5
 i: 20 5
 i: 21 5
 i: 22 5
 i: 23 5
 i: 24 5
 i: 25 5
 i: 26 5
 i: 27 5
 i: 28 5
 i: 29 5
 i: 30 5
 i: 31 5
 i: 32 5
 i: 33 5
 i: 34 5
 i: 35 5
 i: 36 5
 i: 37 5
 i: 38 5
 i: 39 5
 i: 40 5
 i: 41 5
 i: 42 5
 i: 43 5
 i: 44 5
 i: 45 5
startOrbit = 3430974312 endOrbit = 3435981422
firstOrbitCTFfile = 322055628
startOrbit in Scalers seems wrong, we will anyway use the one from CTF files
startRunCTP = 1657181583013 endRunCTP = 1657182028268
Adding these to GRPECS
Large difference between GLO start (1657166682330) and what we get from CTP (1657181583013 --> 248 min, PLEASE CHECK
Large difference between GLO end (1657190403252) and what we get from CTP (1657182028268 --> 139 min, PLEASE CHECK
GRPECS will be valid from 1657181529868 to 1657182470694
Adding SOX = 1657181583013 and EOX = 1657182028268 to RCT
